Using pre-set license
Built from '2021.3/staging' branch; Version is '2021.3.25f1 (68ef2c4f8861) revision 6876972'; Using compiler version '192829333'; Build Type 'Release'
OS: 'Windows 10  (10.0.19045) 64bit CoreSingleLanguage' Language: 'en' Physical Memory: 15774 MB
BatchMode: 1, IsHumanControllingUs: 0, StartBugReporterOnCrash: 0, Is64bit: 1, IsPro: 1

COMMAND LINE ARGUMENTS:
C:\Program Files\Unity\Hub\Editor\2021.3.25f1\Editor\Unity.exe
-adb2
-batchMode
-noUpm
-name
AssetImportWorker7
-projectPath
C:/Users/CHATHUMINA/Music/IM/GT/Lab 2 ecape room game/New folder/Escape Island
-logFile
Logs/AssetImportWorker7.log
-srvPort
52191
Successfully changed project path to: C:/Users/CHATHUMINA/Music/IM/GT/Lab 2 ecape room game/New folder/Escape Island
C:/Users/CHATHUMINA/Music/IM/GT/Lab 2 ecape room game/New folder/Escape Island
[UnityMemory] Configuration Parameters - Can be set up in boot.config
    "memorysetup-bucket-allocator-granularity=16"
    "memorysetup-bucket-allocator-bucket-count=8"
    "memorysetup-bucket-allocator-block-size=33554432"
    "memorysetup-bucket-allocator-block-count=8"
    "memorysetup-main-allocator-block-size=16777216"
    "memorysetup-thread-allocator-block-size=16777216"
    "memorysetup-gfx-main-allocator-block-size=16777216"
    "memorysetup-gfx-thread-allocator-block-size=16777216"
    "memorysetup-cache-allocator-block-size=4194304"
    "memorysetup-typetree-allocator-block-size=2097152"
    "memorysetup-profiler-bucket-allocator-granularity=16"
    "memorysetup-profiler-bucket-allocator-bucket-count=8"
    "memorysetup-profiler-bucket-allocator-block-size=33554432"
    "memorysetup-profiler-bucket-allocator-block-count=8"
    "memorysetup-profiler-allocator-block-size=16777216"
    "memorysetup-profiler-editor-allocator-block-size=1048576"
    "memorysetup-temp-allocator-size-main=16777216"
    "memorysetup-job-temp-allocator-block-size=2097152"
    "memorysetup-job-temp-allocator-block-size-background=1048576"
    "memorysetup-job-temp-allocator-reduction-small-platforms=262144"
    "memorysetup-temp-allocator-size-background-worker=32768"
    "memorysetup-temp-allocator-size-job-worker=262144"
    "memorysetup-temp-allocator-size-preload-manager=33554432"
    "memorysetup-temp-allocator-size-nav-mesh-worker=65536"
    "memorysetup-temp-allocator-size-audio-worker=65536"
    "memorysetup-temp-allocator-size-cloud-worker=32768"
    "memorysetup-temp-allocator-size-gi-baking-worker=262144"
    "memorysetup-temp-allocator-size-gfx=262144"
Player connection [24992] Host "[IP] 192.168.1.6 [Port] 0 [Flags] 2 [Guid] 2254356050 [EditorId] 2254356050 [Version] 1048832 [Id] WindowsEditor(7,ROG-G15) [Debug] 1 [PackageName] WindowsEditor [ProjectName] Editor" joined multi-casting on [225.0.0.222:54997]...

Player connection [24992] Host "[IP] 192.168.1.6 [Port] 0 [Flags] 2 [Guid] 2254356050 [EditorId] 2254356050 [Version] 1048832 [Id] WindowsEditor(7,ROG-G15) [Debug] 1 [PackageName] WindowsEditor [ProjectName] Editor" joined alternative multi-casting on [225.0.0.222:34997]...

Refreshing native plugins compatible for Editor in 100.81 ms, found 3 plugins.
Preloading 0 native plugins for Editor in 0.00 ms.
Initialize engine version: 2021.3.25f1 (68ef2c4f8861)
[Subsystems] Discovering subsystems at path C:/Program Files/Unity/Hub/Editor/2021.3.25f1/Editor/Data/Resources/UnitySubsystems
[Subsystems] Discovering subsystems at path C:/Users/CHATHUMINA/Music/IM/GT/Lab 2 ecape room game/New folder/Escape Island/Assets
GfxDevice: creating device client; threaded=0; jobified=0
Direct3D:
    Version:  Direct3D 11.0 [level 11.1]
    Renderer: NVIDIA GeForce RTX 3050 Ti Laptop GPU (ID=0x25a0)
    Vendor:   NVIDIA
    VRAM:     3962 MB
    Driver:   32.0.15.5612
Initialize mono
Mono path[0] = 'C:/Program Files/Unity/Hub/Editor/2021.3.25f1/Editor/Data/Managed'
Mono path[1] = 'C:/Program Files/Unity/Hub/Editor/2021.3.25f1/Editor/Data/MonoBleedingEdge/lib/mono/unityjit-win32'
Mono config path = 'C:/Program Files/Unity/Hub/Editor/2021.3.25f1/Editor/Data/MonoBleedingEdge/etc'
Using monoOptions --debugger-agent=transport=dt_socket,embedding=1,server=y,suspend=n,address=127.0.0.1:56420
Begin MonoManager ReloadAssembly
Registering precompiled unity dll's ...
Register platform support module: C:/Program Files/Unity/Hub/Editor/2021.3.25f1/Editor/Data/PlaybackEngines/WebGLSupport/UnityEditor.WebGL.Extensions.dll
Register platform support module: C:/Program Files/Unity/Hub/Editor/2021.3.25f1/Editor/Data/PlaybackEngines/WindowsStandaloneSupport/UnityEditor.WindowsStandalone.Extensions.dll
Registered in 0.015109 seconds.
Native extension for WindowsStandalone target not found
Native extension for WebGL target not found
Refreshing native plugins compatible for Editor in 92.59 ms, found 3 plugins.
Preloading 0 native plugins for Editor in 0.00 ms.
Mono: successfully reloaded assembly
- Completed reload, in  0.695 seconds
Domain Reload Profiling:
	ReloadAssembly (696ms)
		BeginReloadAssembly (113ms)
			ExecutionOrderSort (0ms)
			DisableScriptedObjects (0ms)
			BackupInstance (0ms)
			ReleaseScriptingObjects (0ms)
			CreateAndSetChildDomain (1ms)
		EndReloadAssembly (463ms)
			LoadAssemblies (109ms)
			RebuildTransferFunctionScriptingTraits (0ms)
			SetupTypeCache (109ms)
			ReleaseScriptCaches (0ms)
			RebuildScriptCaches (27ms)
			SetupLoadedEditorAssemblies (264ms)
				LogAssemblyErrors (0ms)
				InitializePlatformSupportModulesInManaged (13ms)
				SetLoadedEditorAssemblies (0ms)
				RefreshPlugins (93ms)
				BeforeProcessingInitializeOnLoad (1ms)
				ProcessInitializeOnLoadAttributes (115ms)
				ProcessInitializeOnLoadMethodAttributes (42ms)
				AfterProcessingInitializeOnLoad (0ms)
				EditorAssembliesLoaded (0ms)
			ExecutionOrderSort2 (0ms)
			AwakeInstancesAfterBackupRestoration (0ms)
Platform modules already initialized, skipping
Registering precompiled user dll's ...
Registered in 0.009443 seconds.
Begin MonoManager ReloadAssembly
Symbol file LoadedFromMemory doesn't match image C:\Users\CHATHUMINA\Music\IM\GT\Lab 2 ecape room game\New folder\Escape Island\Library\PackageCache\com.unity.visualscripting@1.8.0\Editor\VisualScripting.Core\Dependencies\YamlDotNet\Unity.VisualScripting.YamlDotNet.dll
Symbol file LoadedFromMemory doesn't match image C:\Users\CHATHUMINA\Music\IM\GT\Lab 2 ecape room game\New folder\Escape Island\Library\PackageCache\com.unity.visualscripting@1.8.0\Editor\VisualScripting.Core\Dependencies\DotNetZip\Unity.VisualScripting.IonicZip.dll
Native extension for WindowsStandalone target not found
Native extension for WebGL target not found
Refreshing native plugins compatible for Editor in 1.03 ms, found 3 plugins.
Preloading 0 native plugins for Editor in 0.00 ms.
Mono: successfully reloaded assembly
- Completed reload, in  1.071 seconds
Domain Reload Profiling:
	ReloadAssembly (1072ms)
		BeginReloadAssembly (156ms)
			ExecutionOrderSort (0ms)
			DisableScriptedObjects (6ms)
			BackupInstance (0ms)
			ReleaseScriptingObjects (0ms)
			CreateAndSetChildDomain (25ms)
		EndReloadAssembly (810ms)
			LoadAssemblies (132ms)
			RebuildTransferFunctionScriptingTraits (0ms)
			SetupTypeCache (252ms)
			ReleaseScriptCaches (1ms)
			RebuildScriptCaches (55ms)
			SetupLoadedEditorAssemblies (361ms)
				LogAssemblyErrors (0ms)
				InitializePlatformSupportModulesInManaged (11ms)
				SetLoadedEditorAssemblies (0ms)
				RefreshPlugins (1ms)
				BeforeProcessingInitializeOnLoad (94ms)
				ProcessInitializeOnLoadAttributes (221ms)
				ProcessInitializeOnLoadMethodAttributes (17ms)
				AfterProcessingInitializeOnLoad (16ms)
				EditorAssembliesLoaded (0ms)
			ExecutionOrderSort2 (0ms)
			AwakeInstancesAfterBackupRestoration (6ms)
Platform modules already initialized, skipping
========================================================================
Worker process is ready to serve import requests
Launched and connected shader compiler UnityShaderCompiler.exe after 0.07 seconds
Refreshing native plugins compatible for Editor in 0.88 ms, found 3 plugins.
Preloading 0 native plugins for Editor in 0.00 ms.
Unloading 3066 Unused Serialized files (Serialized files now loaded: 0)
Unloading 22 unused Assets / (57.6 KB). Loaded Objects now: 3554.
Memory consumption went from 205.8 MB to 205.8 MB.
Total: 2.952600 ms (FindLiveObjects: 0.247900 ms CreateObjectMapping: 0.089700 ms MarkObjects: 2.501800 ms  DeleteObjects: 0.112400 ms)

AssetImportParameters requested are different than current active one (requested -> active):
  custom:video-decoder-ogg-theora: a1e56fd34408186e4bbccfd4996cb3dc -> 
  custom:container-muxer-webm: aa71ff27fc2769a1b78a27578f13a17b -> 
  custom:container-demuxer-webm: 4f35f7cbe854078d1ac9338744f61a02 -> 
  custom:video-encoder-webm-vp8: eb34c28f22e8b96e1ab97ce403110664 -> 
  custom:video-codec-MediaFoundation-h265: 746d11721c4dcdbdad8f713fa42b33f4 -> 
  custom:audio-encoder-webm-vorbis: bf7c407c2cedff20999df2af8eb42d56 -> 
  custom:framework-win-MediaFoundation: 216162199b28c13a410421893ffa2e32 -> 
  custom:container-demuxer-ogg: 62fdf1f143b41e24485cea50d1cbac27 -> 
  custom:video-decoder-webm-vp8: 9c59270c3fd7afecdb556c50c9e8de78 -> 
  custom:audio-decoder-ogg-vorbis: bf7c407c2cedff20999df2af8eb42d56 -> 
========================================================================
Received Import Request.
  Time since last request: 5054.130620 seconds.
  path: Assets/PolygonWesternFrontier/Prefabs/Characters/Character_Captain_Male_01.prefab
  artifactKey: Guid(9045014d7c0641e4e82018d4ebbfa022) Importer(815301076,1909f56bfc062723c751e8b465ee728b)
Start importing Assets/PolygonWesternFrontier/Prefabs/Characters/Character_Captain_Male_01.prefab using Guid(9045014d7c0641e4e82018d4ebbfa022) Importer(815301076,1909f56bfc062723c751e8b465ee728b)  -> (artifact id: 'd9b71f8eeb00bb67819a3988aff57867') in 0.228082 seconds 
========================================================================
Received Import Request.
  Time since last request: 0.000080 seconds.
  path: Assets/PolygonPirates/Prefabs/Characters/FixedScaleCharacter/Character_English_Soldier_01_FixedScale.prefab
  artifactKey: Guid(7b9f54696ed9bed45baf5d00a1e34023) Importer(815301076,1909f56bfc062723c751e8b465ee728b)
Start importing Assets/PolygonPirates/Prefabs/Characters/FixedScaleCharacter/Character_English_Soldier_01_FixedScale.prefab using Guid(7b9f54696ed9bed45baf5d00a1e34023) Importer(815301076,1909f56bfc062723c751e8b465ee728b)  -> (artifact id: '1b8c7389125767b42a962e0a07b17d4d') in 0.077777 seconds 
========================================================================
Received Import Request.
  Time since last request: 0.000081 seconds.
  path: Assets/PolygonPirates/Prefabs/Characters/FixedScaleCharacter/Character_English_Govenor_02_FixedScale.prefab
  artifactKey: Guid(0a851430cb9a7154c9b51288ca4fbfea) Importer(815301076,1909f56bfc062723c751e8b465ee728b)
Start importing Assets/PolygonPirates/Prefabs/Characters/FixedScaleCharacter/Character_English_Govenor_02_FixedScale.prefab using Guid(0a851430cb9a7154c9b51288ca4fbfea) Importer(815301076,1909f56bfc062723c751e8b465ee728b)  -> (artifact id: 'db8c950b38015437890ca42d8aa0f513') in 0.046449 seconds 
========================================================================
Received Import Request.
  Time since last request: 1.416460 seconds.
  path: Assets/PolygonPirates/Prefabs/Characters/FixedScaleCharacter/Character_Gentleman_01 1_FixedScale.prefab
  artifactKey: Guid(6e44ebe905692d34dafbf0304f60527b) Importer(815301076,1909f56bfc062723c751e8b465ee728b)
Start importing Assets/PolygonPirates/Prefabs/Characters/FixedScaleCharacter/Character_Gentleman_01 1_FixedScale.prefab using Guid(6e44ebe905692d34dafbf0304f60527b) Importer(815301076,1909f56bfc062723c751e8b465ee728b)  -> (artifact id: 'f534f9c279b1bf3800f072d26a8df0e0') in 0.043436 seconds 
========================================================================
Received Import Request.
  Time since last request: 0.000042 seconds.
  path: Assets/PolygonWesternFrontier/Prefabs/Characters/Character_GoldMiner_Male_01.prefab
  artifactKey: Guid(08c218ce5ddba4a479aff9bafee30992) Importer(815301076,1909f56bfc062723c751e8b465ee728b)
Start importing Assets/PolygonWesternFrontier/Prefabs/Characters/Character_GoldMiner_Male_01.prefab using Guid(08c218ce5ddba4a479aff9bafee30992) Importer(815301076,1909f56bfc062723c751e8b465ee728b)  -> (artifact id: '4633fe879436bebe4452c96d06471763') in 0.044112 seconds 
========================================================================
Received Import Request.
  Time since last request: 0.312458 seconds.
  path: Assets/PolygonWesternFrontier/Prefabs/Characters/Character_Hunter_Male_01.prefab
  artifactKey: Guid(53adac39f31adc641a66a1da0f1e47b5) Importer(815301076,1909f56bfc062723c751e8b465ee728b)
Start importing Assets/PolygonWesternFrontier/Prefabs/Characters/Character_Hunter_Male_01.prefab using Guid(53adac39f31adc641a66a1da0f1e47b5) Importer(815301076,1909f56bfc062723c751e8b465ee728b)  -> (artifact id: '0414f3b090322219992c57ed17582ed2') in 0.042379 seconds 
========================================================================
Received Import Request.
  Time since last request: 0.000022 seconds.
  path: Assets/PolygonWesternFrontier/Prefabs/Characters/Character_Mexican_Male_01.prefab
  artifactKey: Guid(6c169b51be4ef99489f073426f4bf68c) Importer(815301076,1909f56bfc062723c751e8b465ee728b)
Start importing Assets/PolygonWesternFrontier/Prefabs/Characters/Character_Mexican_Male_01.prefab using Guid(6c169b51be4ef99489f073426f4bf68c) Importer(815301076,1909f56bfc062723c751e8b465ee728b)  -> (artifact id: 'b640e16f0ad7dae60a72cfb47c1be239') in 0.044565 seconds 
========================================================================
Received Import Request.
  Time since last request: 0.009670 seconds.
  path: Assets/PolygonWesternFrontier/Prefabs/Characters/Character_NativeAmerican_Female_01.prefab
  artifactKey: Guid(e9fcb6c13385bcd44a1f6e7a3839b4ff) Importer(815301076,1909f56bfc062723c751e8b465ee728b)
Start importing Assets/PolygonWesternFrontier/Prefabs/Characters/Character_NativeAmerican_Female_01.prefab using Guid(e9fcb6c13385bcd44a1f6e7a3839b4ff) Importer(815301076,1909f56bfc062723c751e8b465ee728b)  -> (artifact id: 'f3fa0095883e53b202c7911815b1b8e3') in 0.043607 seconds 
========================================================================
Received Import Request.
  Time since last request: 0.212976 seconds.
  path: Assets/PolygonWesternFrontier/Prefabs/Characters/Character_NativeAmericanElder_Female_01.prefab
  artifactKey: Guid(a1896e8f08d4ec6478c27aa1ee12c187) Importer(815301076,1909f56bfc062723c751e8b465ee728b)
Start importing Assets/PolygonWesternFrontier/Prefabs/Characters/Character_NativeAmericanElder_Female_01.prefab using Guid(a1896e8f08d4ec6478c27aa1ee12c187) Importer(815301076,1909f56bfc062723c751e8b465ee728b)  -> (artifact id: 'b3c95e2dda365a82992f01298188c0e7') in 0.044795 seconds 
========================================================================
Received Import Request.
  Time since last request: 0.000038 seconds.
  path: Assets/PolygonWesternFrontier/Prefabs/Characters/Character_NativeAmericanWarrior_Female_01.prefab
  artifactKey: Guid(6c7f9f49f5bfe3b4c8b29a024c4dcdfd) Importer(815301076,1909f56bfc062723c751e8b465ee728b)
Start importing Assets/PolygonWesternFrontier/Prefabs/Characters/Character_NativeAmericanWarrior_Female_01.prefab using Guid(6c7f9f49f5bfe3b4c8b29a024c4dcdfd) Importer(815301076,1909f56bfc062723c751e8b465ee728b)  -> (artifact id: '6f8498f54e562e6e8960b0f7aecf1926') in 0.055277 seconds 
========================================================================
Received Import Request.
  Time since last request: 0.000037 seconds.
  path: Assets/PolygonWesternFrontier/Prefabs/Characters/Character_NativeAmericanWarrior_Male_02.prefab
  artifactKey: Guid(4e3c2892f17dcf04396fdb3537b50307) Importer(815301076,1909f56bfc062723c751e8b465ee728b)
Start importing Assets/PolygonWesternFrontier/Prefabs/Characters/Character_NativeAmericanWarrior_Male_02.prefab using Guid(4e3c2892f17dcf04396fdb3537b50307) Importer(815301076,1909f56bfc062723c751e8b465ee728b)  -> (artifact id: '404ec22c2c6d7d3f5ff81983310139aa') in 0.046213 seconds 
========================================================================
Received Import Request.
  Time since last request: 0.294501 seconds.
  path: Assets/PolygonPirates/Prefabs/Characters/FixedScaleCharacter/Character_Pirate_Deckhand_01_FixedScale.prefab
  artifactKey: Guid(49ac357957687384faf420f2a6659fc1) Importer(815301076,1909f56bfc062723c751e8b465ee728b)
Start importing Assets/PolygonPirates/Prefabs/Characters/FixedScaleCharacter/Character_Pirate_Deckhand_01_FixedScale.prefab using Guid(49ac357957687384faf420f2a6659fc1) Importer(815301076,1909f56bfc062723c751e8b465ee728b)  -> (artifact id: 'de277cb766a0ae8330bad5273f801ace') in 0.036549 seconds 
========================================================================
Received Import Request.
  Time since last request: 5.533142 seconds.
  path: Assets/PolygonWesternFrontier/Prefabs/Characters/Character_Salesman_Male_01.prefab
  artifactKey: Guid(faeff73a1db5a0f42800047d0650d3c2) Importer(815301076,1909f56bfc062723c751e8b465ee728b)
Start importing Assets/PolygonWesternFrontier/Prefabs/Characters/Character_Salesman_Male_01.prefab using Guid(faeff73a1db5a0f42800047d0650d3c2) Importer(815301076,1909f56bfc062723c751e8b465ee728b)  -> (artifact id: 'f4df68c93eacd0e8aba9e30c1a89bb53') in 0.044852 seconds 
========================================================================
Received Import Request.
  Time since last request: 0.000063 seconds.
  path: Assets/PolygonWesternFrontier/Prefabs/Characters/Character_Thug_Male_02.prefab
  artifactKey: Guid(2800e28c41ed28b4ea3758261ca1499a) Importer(815301076,1909f56bfc062723c751e8b465ee728b)
Start importing Assets/PolygonWesternFrontier/Prefabs/Characters/Character_Thug_Male_02.prefab using Guid(2800e28c41ed28b4ea3758261ca1499a) Importer(815301076,1909f56bfc062723c751e8b465ee728b)  -> (artifact id: 'd188d39216f0dfda50d78dd81f1c311c') in 0.053613 seconds 
========================================================================
Received Import Request.
  Time since last request: 0.000056 seconds.
  path: Assets/PolygonPirates/Models/Characters.fbx
  artifactKey: Guid(409520c9226982345a49c9803624f208) Importer(815301076,1909f56bfc062723c751e8b465ee728b)
Start importing Assets/PolygonPirates/Models/Characters.fbx using Guid(409520c9226982345a49c9803624f208) Importer(815301076,1909f56bfc062723c751e8b465ee728b)  -> (artifact id: '7ddc39d232dff9bed11bbf45b50a7092') in 0.430144 seconds 
========================================================================
Received Import Request.
  Time since last request: 0.000052 seconds.
  path: Assets/PolygonNatureBiomes/PNB_Tropical_Jungle/FX/FX_Prefabs/FX_Birds_Burst_01.prefab
  artifactKey: Guid(b64053c9469cf2c4ca833b9c0643d07a) Importer(815301076,1909f56bfc062723c751e8b465ee728b)
Start importing Assets/PolygonNatureBiomes/PNB_Tropical_Jungle/FX/FX_Prefabs/FX_Birds_Burst_01.prefab using Guid(b64053c9469cf2c4ca833b9c0643d07a) Importer(815301076,1909f56bfc062723c751e8b465ee728b)  -> (artifact id: '218bd600d2d2e7cd1eb408058c9067df') in 0.101781 seconds 
========================================================================
Received Import Request.
  Time since last request: 0.000061 seconds.
  path: Assets/PolygonPirates/FX/FX_BloodShot.prefab
  artifactKey: Guid(48b64b0452dbc384692f9377afab3cd9) Importer(815301076,1909f56bfc062723c751e8b465ee728b)
Start importing Assets/PolygonPirates/FX/FX_BloodShot.prefab using Guid(48b64b0452dbc384692f9377afab3cd9) Importer(815301076,1909f56bfc062723c751e8b465ee728b)  -> (artifact id: '401361d1fc58038724e6d5eff21d6b31') in 0.034151 seconds 
========================================================================
Received Import Request.
  Time since last request: 0.000078 seconds.
  path: Assets/PolygonWesternFrontier/Prefabs/Characters/Character_Thug_Male_01.prefab
  artifactKey: Guid(bfdaf44b3a0b88f4a83a181489d58b9a) Importer(815301076,1909f56bfc062723c751e8b465ee728b)
Start importing Assets/PolygonWesternFrontier/Prefabs/Characters/Character_Thug_Male_01.prefab using Guid(bfdaf44b3a0b88f4a83a181489d58b9a) Importer(815301076,1909f56bfc062723c751e8b465ee728b)  -> (artifact id: '17433292365306b380123ca04957593d') in 0.051048 seconds 
========================================================================
Received Import Request.
  Time since last request: 0.000043 seconds.
  path: Assets/PolygonNatureBiomes/PNB_Tropical_Jungle/FX/FX_Prefabs/FX_Clouds_Thin_01.prefab
  artifactKey: Guid(50c1d5339f6455a4daa2f22c50df0f69) Importer(815301076,1909f56bfc062723c751e8b465ee728b)
Start importing Assets/PolygonNatureBiomes/PNB_Tropical_Jungle/FX/FX_Prefabs/FX_Clouds_Thin_01.prefab using Guid(50c1d5339f6455a4daa2f22c50df0f69) Importer(815301076,1909f56bfc062723c751e8b465ee728b)  -> (artifact id: '5a59a356132b450a880e81a8374fe7c7') in 0.077020 seconds 
========================================================================
Received Import Request.
  Time since last request: 0.000027 seconds.
  path: Assets/PolygonPirates/FX/FX_Fire.prefab
  artifactKey: Guid(62180f02a86555049a8b4bc3fe456b38) Importer(815301076,1909f56bfc062723c751e8b465ee728b)
Start importing Assets/PolygonPirates/FX/FX_Fire.prefab using Guid(62180f02a86555049a8b4bc3fe456b38) Importer(815301076,1909f56bfc062723c751e8b465ee728b)  -> (artifact id: '5273d4cf881fadc378fa2437d839d0aa') in 0.069748 seconds 
========================================================================
Received Import Request.
  Time since last request: 0.000056 seconds.
  path: Assets/PolygonNatureBiomes/PNB_Core/Models/Env_CloudRing_Larger_02.fbx
  artifactKey: Guid(336f7fb4be5ef5d458d1f403b3595756) Importer(815301076,1909f56bfc062723c751e8b465ee728b)
Start importing Assets/PolygonNatureBiomes/PNB_Core/Models/Env_CloudRing_Larger_02.fbx using Guid(336f7fb4be5ef5d458d1f403b3595756) Importer(815301076,1909f56bfc062723c751e8b465ee728b)  -> (artifact id: '65c6e153bd1198ab65fe5d41e0228580') in 0.036019 seconds 
========================================================================
Received Import Request.
  Time since last request: 0.000083 seconds.
  path: Assets/PolygonPirates/FX/FX_BoatWaterEmitter_01.fbx
  artifactKey: Guid(cb88c181d8d9657429e7d8669a7f7e30) Importer(815301076,1909f56bfc062723c751e8b465ee728b)
Start importing Assets/PolygonPirates/FX/FX_BoatWaterEmitter_01.fbx using Guid(cb88c181d8d9657429e7d8669a7f7e30) Importer(815301076,1909f56bfc062723c751e8b465ee728b)  -> (artifact id: '59c58c2df7e5bc514d5d295e273c8b66') in 0.036007 seconds 
========================================================================
Received Import Request.
  Time since last request: 0.000052 seconds.
  path: Assets/PolygonPirates/Prefabs/Characters/FixedScaleCharacter/Character_Skeleton_03_FixedScale.prefab
  artifactKey: Guid(5cfebc834bc372c459415e6b16e5fd85) Importer(815301076,1909f56bfc062723c751e8b465ee728b)
Start importing Assets/PolygonPirates/Prefabs/Characters/FixedScaleCharacter/Character_Skeleton_03_FixedScale.prefab using Guid(5cfebc834bc372c459415e6b16e5fd85) Importer(815301076,1909f56bfc062723c751e8b465ee728b)  -> (artifact id: 'da8066ba72f2a53adfebe46978530774') in 0.051618 seconds 
========================================================================
Received Import Request.
  Time since last request: 0.000031 seconds.
  path: Assets/PolygonNatureBiomes/PNB_Tropical_Jungle/FX/FX_Prefabs/FX_Crabs_01.prefab
  artifactKey: Guid(f7ebb8cfb1de7244fa13cdf55b73abb9) Importer(815301076,1909f56bfc062723c751e8b465ee728b)
Start importing Assets/PolygonNatureBiomes/PNB_Tropical_Jungle/FX/FX_Prefabs/FX_Crabs_01.prefab using Guid(f7ebb8cfb1de7244fa13cdf55b73abb9) Importer(815301076,1909f56bfc062723c751e8b465ee728b)  -> (artifact id: 'dd5638686588488f5b5a59136acae0b9') in 0.153211 seconds 
========================================================================
Received Import Request.
  Time since last request: 0.000082 seconds.
  path: Assets/PolygonNatureBiomes/PNB_Tropical_Jungle/FX/FX_Prefabs/FX_Birds_01.prefab
  artifactKey: Guid(5dd0a64f6723b7a48b175803bc4877a2) Importer(815301076,1909f56bfc062723c751e8b465ee728b)
Start importing Assets/PolygonNatureBiomes/PNB_Tropical_Jungle/FX/FX_Prefabs/FX_Birds_01.prefab using Guid(5dd0a64f6723b7a48b175803bc4877a2) Importer(815301076,1909f56bfc062723c751e8b465ee728b)  -> (artifact id: '86ca7684b7e899bbfa53bc4a7d032068') in 0.039674 seconds 
========================================================================
Received Import Request.
  Time since last request: 0.000105 seconds.
  path: Assets/PolygonWesternFrontier/Prefabs/FX/FX_BloodSplat_01.prefab
  artifactKey: Guid(582366dd04f1f604d8f75e4e55c89f3e) Importer(815301076,1909f56bfc062723c751e8b465ee728b)
Start importing Assets/PolygonWesternFrontier/Prefabs/FX/FX_BloodSplat_01.prefab using Guid(582366dd04f1f604d8f75e4e55c89f3e) Importer(815301076,1909f56bfc062723c751e8b465ee728b)  -> (artifact id: 'fd66fb554ed9d4c18ff32ac4208e6b0c') in 0.077956 seconds 
========================================================================
Received Import Request.
  Time since last request: 0.000037 seconds.
  path: Assets/PolygonPirates/Prefabs/Characters/Fish.prefab
  artifactKey: Guid(24a3398e60ffa3a46afcb1d10229a496) Importer(815301076,1909f56bfc062723c751e8b465ee728b)
Start importing Assets/PolygonPirates/Prefabs/Characters/Fish.prefab using Guid(24a3398e60ffa3a46afcb1d10229a496) Importer(815301076,1909f56bfc062723c751e8b465ee728b)  -> (artifact id: '6777efa1998b9f5eba2dd6e849b1a9b7') in 0.034364 seconds 
========================================================================
Received Import Request.
  Time since last request: 0.000054 seconds.
  path: Assets/PolygonPirates/FX/FX_BoatWater_Large.prefab
  artifactKey: Guid(fa9176762befa1f4a8ee4b0aeacac390) Importer(815301076,1909f56bfc062723c751e8b465ee728b)
Start importing Assets/PolygonPirates/FX/FX_BoatWater_Large.prefab using Guid(fa9176762befa1f4a8ee4b0aeacac390) Importer(815301076,1909f56bfc062723c751e8b465ee728b)  -> (artifact id: 'dc03ba49cecf0a2007220c07f5d375d7') in 0.037941 seconds 
========================================================================
Received Import Request.
  Time since last request: 5.746257 seconds.
  path: Assets/PolygonWesternFrontier/Prefabs/Buildings/SM_Bld_Quarry_Framing_02.prefab
  artifactKey: Guid(af6bddf1a524eae4891e18265ec6f566) Importer(815301076,1909f56bfc062723c751e8b465ee728b)
Start importing Assets/PolygonWesternFrontier/Prefabs/Buildings/SM_Bld_Quarry_Framing_02.prefab using Guid(af6bddf1a524eae4891e18265ec6f566) Importer(815301076,1909f56bfc062723c751e8b465ee728b)  -> (artifact id: 'ebc2474b9c7e5a5fd9b1214b188e2557') in 0.021893 seconds 
========================================================================
Received Import Request.
  Time since last request: 0.000039 seconds.
  path: Assets/PolygonWesternFrontier/Prefabs/Environments/SM_Env_Mine_Track_Frame_Base_01.prefab
  artifactKey: Guid(4729b819f95017a47b4eb118683275ed) Importer(815301076,1909f56bfc062723c751e8b465ee728b)
Start importing Assets/PolygonWesternFrontier/Prefabs/Environments/SM_Env_Mine_Track_Frame_Base_01.prefab using Guid(4729b819f95017a47b4eb118683275ed) Importer(815301076,1909f56bfc062723c751e8b465ee728b)  -> (artifact id: 'c94502fc3869fa83fe1458b62dce6801') in 0.031441 seconds 
========================================================================
Received Import Request.
  Time since last request: 0.000057 seconds.
  path: Assets/PolygonWesternFrontier/Prefabs/Environments/SM_Env_Mine_Track_Frame_03.prefab
  artifactKey: Guid(fa9e908ac34c898438889447deecec1f) Importer(815301076,1909f56bfc062723c751e8b465ee728b)
Start importing Assets/PolygonWesternFrontier/Prefabs/Environments/SM_Env_Mine_Track_Frame_03.prefab using Guid(fa9e908ac34c898438889447deecec1f) Importer(815301076,1909f56bfc062723c751e8b465ee728b)  -> (artifact id: '1afc60860cf7357738d9929f8b4f9bde') in 0.035359 seconds 
========================================================================
Received Import Request.
  Time since last request: 0.000052 seconds.
  path: Assets/PolygonWesternFrontier/Prefabs/Environments/SM_Env_Mine_Framing_01.prefab
  artifactKey: Guid(cb95140aea08eba4f941866bb3946367) Importer(815301076,1909f56bfc062723c751e8b465ee728b)
Start importing Assets/PolygonWesternFrontier/Prefabs/Environments/SM_Env_Mine_Framing_01.prefab using Guid(cb95140aea08eba4f941866bb3946367) Importer(815301076,1909f56bfc062723c751e8b465ee728b)  -> (artifact id: 'ae469c808b7efd1f1c4eab8c33558d02') in 0.027465 seconds 
========================================================================
Received Import Request.
  Time since last request: 0.000019 seconds.
  path: Assets/PolygonWesternFrontier/Prefabs/Buildings/SM_Bld_Quarry_Framing_03.prefab
  artifactKey: Guid(b59dc0cd8fa6b0e4dbb2c90e5650cc69) Importer(815301076,1909f56bfc062723c751e8b465ee728b)
Start importing Assets/PolygonWesternFrontier/Prefabs/Buildings/SM_Bld_Quarry_Framing_03.prefab using Guid(b59dc0cd8fa6b0e4dbb2c90e5650cc69) Importer(815301076,1909f56bfc062723c751e8b465ee728b)  -> (artifact id: '54646634ad01976a1f87c5c018cb05c0') in 0.039715 seconds 
========================================================================
Received Import Request.
  Time since last request: 0.000044 seconds.
  path: Assets/PolygonWesternFrontier/Prefabs/Environments/SM_Env_Mine_Track_Frame_01.prefab
  artifactKey: Guid(852f64df64fbe0548932c29d8ad272c1) Importer(815301076,1909f56bfc062723c751e8b465ee728b)
Start importing Assets/PolygonWesternFrontier/Prefabs/Environments/SM_Env_Mine_Track_Frame_01.prefab using Guid(852f64df64fbe0548932c29d8ad272c1) Importer(815301076,1909f56bfc062723c751e8b465ee728b)  -> (artifact id: '05e6a5978d75f1959b5b2cf50bf69581') in 0.035602 seconds 
========================================================================
Received Import Request.
  Time since last request: 0.000062 seconds.
  path: Assets/PolygonWesternFrontier/Models/SM_Env_Mine_Track_Frame_Base_01.fbx
  artifactKey: Guid(696300a59de49384f8eabb6f503bf73a) Importer(815301076,1909f56bfc062723c751e8b465ee728b)
Start importing Assets/PolygonWesternFrontier/Models/SM_Env_Mine_Track_Frame_Base_01.fbx using Guid(696300a59de49384f8eabb6f503bf73a) Importer(815301076,1909f56bfc062723c751e8b465ee728b)  -> (artifact id: '49cb3d8a7b7dac42cc511ad0a4810b9a') in 0.029431 seconds 
========================================================================
Received Import Request.
  Time since last request: 2.470481 seconds.
  path: Assets/PolygonNatureBiomes/PNB_Tropical_Jungle/FX/FX_Models/FX_Plane.fbx
  artifactKey: Guid(73b1c4f4fdf0deb4d9541eaceb6876af) Importer(815301076,1909f56bfc062723c751e8b465ee728b)
Start importing Assets/PolygonNatureBiomes/PNB_Tropical_Jungle/FX/FX_Models/FX_Plane.fbx using Guid(73b1c4f4fdf0deb4d9541eaceb6876af) Importer(815301076,1909f56bfc062723c751e8b465ee728b)  -> (artifact id: 'eacc31b8e33724573e846200dd066d0a') in 0.073219 seconds 
========================================================================
Received Import Request.
  Time since last request: 0.000062 seconds.
  path: Assets/PolygonPirates/Prefabs/Buildings/SM_Bld_Mansion_Pole_02.prefab
  artifactKey: Guid(a08acf2b40a364844b9e4e24542fae28) Importer(815301076,1909f56bfc062723c751e8b465ee728b)
Start importing Assets/PolygonPirates/Prefabs/Buildings/SM_Bld_Mansion_Pole_02.prefab using Guid(a08acf2b40a364844b9e4e24542fae28) Importer(815301076,1909f56bfc062723c751e8b465ee728b)  -> (artifact id: '153e6b6be05b897b9ab83ce9de2b4c13') in 0.044036 seconds 
========================================================================
Received Import Request.
  Time since last request: 0.000032 seconds.
  path: Assets/PolygonNatureBiomes/PNB_Tropical_Jungle/FX/FX_Prefabs/FX_Waterfall_Impact_01.prefab
  artifactKey: Guid(85fbe13ec16cd8246b5de6219299982d) Importer(815301076,1909f56bfc062723c751e8b465ee728b)
Start importing Assets/PolygonNatureBiomes/PNB_Tropical_Jungle/FX/FX_Prefabs/FX_Waterfall_Impact_01.prefab using Guid(85fbe13ec16cd8246b5de6219299982d) Importer(815301076,1909f56bfc062723c751e8b465ee728b)  -> (artifact id: 'a6109c1b8ee0da335b7ad825f30b3ee2') in 0.066465 seconds 
========================================================================
Received Import Request.
  Time since last request: 0.000062 seconds.
  path: Assets/PolygonPirates/Models/SM_Bld_Rickety_Dock_Platform_02.fbx
  artifactKey: Guid(364d123304340994b8b50760844bb9f5) Importer(815301076,1909f56bfc062723c751e8b465ee728b)
Start importing Assets/PolygonPirates/Models/SM_Bld_Rickety_Dock_Platform_02.fbx using Guid(364d123304340994b8b50760844bb9f5) Importer(815301076,1909f56bfc062723c751e8b465ee728b)  -> (artifact id: '8f007aef245f8c3f7cc60cd981f7b0d4') in 0.038712 seconds 
========================================================================
Received Import Request.
  Time since last request: 0.000092 seconds.
  path: Assets/PolygonPirates/Models/SM_Bld_Mansion_Pole_01.fbx
  artifactKey: Guid(1c5d0cdffb4957a4d9b0e248c7bb6afa) Importer(815301076,1909f56bfc062723c751e8b465ee728b)
Start importing Assets/PolygonPirates/Models/SM_Bld_Mansion_Pole_01.fbx using Guid(1c5d0cdffb4957a4d9b0e248c7bb6afa) Importer(815301076,1909f56bfc062723c751e8b465ee728b)  -> (artifact id: 'b4f881f36d37ec6ae0c060deaeb9037b') in 0.044099 seconds 
========================================================================
Received Import Request.
  Time since last request: 0.000117 seconds.
  path: Assets/PolygonPirates/Models/SM_Bld_Rickety_Dock_Platform_01.fbx
  artifactKey: Guid(5b42dbe2287d0f649aec06c0aaef8929) Importer(815301076,1909f56bfc062723c751e8b465ee728b)
Start importing Assets/PolygonPirates/Models/SM_Bld_Rickety_Dock_Platform_01.fbx using Guid(5b42dbe2287d0f649aec06c0aaef8929) Importer(815301076,1909f56bfc062723c751e8b465ee728b)  -> (artifact id: '2bc2cd67d9bc202c008f8e1b1d8c40fa') in 0.034479 seconds 
========================================================================
Received Import Request.
  Time since last request: 0.000040 seconds.
  path: Assets/PolygonNatureBiomes/PNB_Tropical_Jungle/FX/FX_Models/FX_SunShafts_Tropical_01.fbx
  artifactKey: Guid(62653f48380a8f24c9a9c150ed0caf13) Importer(815301076,1909f56bfc062723c751e8b465ee728b)
Start importing Assets/PolygonNatureBiomes/PNB_Tropical_Jungle/FX/FX_Models/FX_SunShafts_Tropical_01.fbx using Guid(62653f48380a8f24c9a9c150ed0caf13) Importer(815301076,1909f56bfc062723c751e8b465ee728b)  -> (artifact id: '9b52c304dd89d97611cb16d3e95eae39') in 0.052951 seconds 
========================================================================
Received Import Request.
  Time since last request: 0.000050 seconds.
  path: Assets/PolygonPirates/Prefabs/Buildings/SM_Bld_Mansion_Pole_01.prefab
  artifactKey: Guid(c97cb5681cda2174fad2653f1d6e5a9b) Importer(815301076,1909f56bfc062723c751e8b465ee728b)
Start importing Assets/PolygonPirates/Prefabs/Buildings/SM_Bld_Mansion_Pole_01.prefab using Guid(c97cb5681cda2174fad2653f1d6e5a9b) Importer(815301076,1909f56bfc062723c751e8b465ee728b)  -> (artifact id: 'e8d15b7e24f65e5caa1d7c1ecacb3188') in 0.030668 seconds 
========================================================================
Received Import Request.
  Time since last request: 0.000044 seconds.
  path: Assets/PolygonNatureBiomes/PNB_Tropical_Jungle/Models/SM_Bld_RopeBridge_01.fbx
  artifactKey: Guid(2bd9940051d6ec249a5155cfcb89c6ed) Importer(815301076,1909f56bfc062723c751e8b465ee728b)
Start importing Assets/PolygonNatureBiomes/PNB_Tropical_Jungle/Models/SM_Bld_RopeBridge_01.fbx using Guid(2bd9940051d6ec249a5155cfcb89c6ed) Importer(815301076,1909f56bfc062723c751e8b465ee728b)  -> (artifact id: '9e447b26c36962417be8508b9c6efddd') in 0.045542 seconds 
========================================================================
Received Import Request.
  Time since last request: 0.000036 seconds.
  path: Assets/PolygonWesternFrontier/Prefabs/Props/SM_Prop_Photo_03.prefab
  artifactKey: Guid(e15603d47c318bc4d9dfc3aa30808366) Importer(815301076,1909f56bfc062723c751e8b465ee728b)
Start importing Assets/PolygonWesternFrontier/Prefabs/Props/SM_Prop_Photo_03.prefab using Guid(e15603d47c318bc4d9dfc3aa30808366) Importer(815301076,1909f56bfc062723c751e8b465ee728b)  -> (artifact id: 'c70473b12b041520caf50d1202cad42e') in 0.033750 seconds 
========================================================================
Received Import Request.
  Time since last request: 0.000086 seconds.
  path: Assets/PolygonWesternFrontier/Models/SM_Prop_Photo_02.fbx
  artifactKey: Guid(aedab02ec7170624dae1fba19627c647) Importer(815301076,1909f56bfc062723c751e8b465ee728b)
Start importing Assets/PolygonWesternFrontier/Models/SM_Prop_Photo_02.fbx using Guid(aedab02ec7170624dae1fba19627c647) Importer(815301076,1909f56bfc062723c751e8b465ee728b)  -> (artifact id: 'e1fa74b8fd704d050dac5cbc33080164') in 0.035324 seconds 
========================================================================
Received Import Request.
  Time since last request: 0.000085 seconds.
  path: Assets/PolygonNatureBiomes/PNB_Tropical_Jungle/Prefabs/SM_Bld_RopeBridge_01.prefab
  artifactKey: Guid(1bb6ebdae52e65548ad7282208fffa55) Importer(815301076,1909f56bfc062723c751e8b465ee728b)
Start importing Assets/PolygonNatureBiomes/PNB_Tropical_Jungle/Prefabs/SM_Bld_RopeBridge_01.prefab using Guid(1bb6ebdae52e65548ad7282208fffa55) Importer(815301076,1909f56bfc062723c751e8b465ee728b)  -> (artifact id: '0c43516b6e03765d635333432dda84b6') in 0.051284 seconds 
========================================================================
Received Import Request.
  Time since last request: 0.000047 seconds.
  path: Assets/PolygonWesternFrontier/Models/SM_Bld_Roof_Patch_01.fbx
  artifactKey: Guid(71af936fa120bfa4db84540e22757f61) Importer(815301076,1909f56bfc062723c751e8b465ee728b)
Start importing Assets/PolygonWesternFrontier/Models/SM_Bld_Roof_Patch_01.fbx using Guid(71af936fa120bfa4db84540e22757f61) Importer(815301076,1909f56bfc062723c751e8b465ee728b)  -> (artifact id: 'cae80e73c4db58c5717af4032ebdf6b9') in 0.041899 seconds 
========================================================================
Received Import Request.
  Time since last request: 0.000048 seconds.
  path: Assets/PolygonNatureBiomes/PNB_Tropical_Jungle/FX/FX_Models/FX_Sphere_Tropical_01.fbx
  artifactKey: Guid(31cfb17e5b38bdc44be6eb26667ce73a) Importer(815301076,1909f56bfc062723c751e8b465ee728b)
Start importing Assets/PolygonNatureBiomes/PNB_Tropical_Jungle/FX/FX_Models/FX_Sphere_Tropical_01.fbx using Guid(31cfb17e5b38bdc44be6eb26667ce73a) Importer(815301076,1909f56bfc062723c751e8b465ee728b)  -> (artifact id: 'e5dfacf26b0a59ce212fd6d02a18115b') in 0.059954 seconds 
========================================================================
Received Import Request.
  Time since last request: 4.080314 seconds.
  path: Assets/PolygonNatureBiomes/PNB_Tropical_Jungle/Prefabs/SM_Env_Bush_Palm_01_Flowers_01.prefab
  artifactKey: Guid(b8a04493a0bfca84d8e5d85d4e91011c) Importer(815301076,1909f56bfc062723c751e8b465ee728b)
Start importing Assets/PolygonNatureBiomes/PNB_Tropical_Jungle/Prefabs/SM_Env_Bush_Palm_01_Flowers_01.prefab using Guid(b8a04493a0bfca84d8e5d85d4e91011c) Importer(815301076,1909f56bfc062723c751e8b465ee728b)  -> (artifact id: '9caf5f3fc8e7e1cf8576a67956911371') in 0.045614 seconds 
========================================================================
Received Import Request.
  Time since last request: 0.000057 seconds.
  path: Assets/PolygonNatureBiomes/PNB_Tropical_Jungle/Models/SM_Env_Bush_Palm_04.fbx
  artifactKey: Guid(890b5c29e7030cc47a44c5357cd3a844) Importer(815301076,1909f56bfc062723c751e8b465ee728b)
Start importing Assets/PolygonNatureBiomes/PNB_Tropical_Jungle/Models/SM_Env_Bush_Palm_04.fbx using Guid(890b5c29e7030cc47a44c5357cd3a844) Importer(815301076,1909f56bfc062723c751e8b465ee728b)  -> (artifact id: 'cbf0dc3a2dc6d34794f1fb8ec06a782b') in 0.067832 seconds 
========================================================================
Received Import Request.
  Time since last request: 0.000064 seconds.
  path: Assets/PolygonPirates/Models/CollisionCustom/SM_Env_PalmTree_01_Collision.fbx
  artifactKey: Guid(35957bc9815ae244e9d3ce6087ab137a) Importer(815301076,1909f56bfc062723c751e8b465ee728b)
Start importing Assets/PolygonPirates/Models/CollisionCustom/SM_Env_PalmTree_01_Collision.fbx using Guid(35957bc9815ae244e9d3ce6087ab137a) Importer(815301076,1909f56bfc062723c751e8b465ee728b)  -> (artifact id: '92f355c8a894f5754873a98c4518337f') in 0.029761 seconds 
========================================================================
Received Import Request.
  Time since last request: 0.000031 seconds.
  path: Assets/PolygonNatureBiomes/PNB_Tropical_Jungle/Models/SM_Env_Bush_Palm_01_Flowers_01.fbx
  artifactKey: Guid(bb3a4a260ff37c347b4d460aaa4c4fd7) Importer(815301076,1909f56bfc062723c751e8b465ee728b)
Start importing Assets/PolygonNatureBiomes/PNB_Tropical_Jungle/Models/SM_Env_Bush_Palm_01_Flowers_01.fbx using Guid(bb3a4a260ff37c347b4d460aaa4c4fd7) Importer(815301076,1909f56bfc062723c751e8b465ee728b)  -> (artifact id: '625221cf4abec3b0c0ec3db852003087') in 0.051908 seconds 
========================================================================
Received Import Request.
  Time since last request: 0.000117 seconds.
  path: Assets/PolygonPirates/Models/CollisionCustom/SM_Env_PalmTree_04_Collision.fbx
  artifactKey: Guid(c941c7cfb7e06c24e8f1ad649aee8656) Importer(815301076,1909f56bfc062723c751e8b465ee728b)
Start importing Assets/PolygonPirates/Models/CollisionCustom/SM_Env_PalmTree_04_Collision.fbx using Guid(c941c7cfb7e06c24e8f1ad649aee8656) Importer(815301076,1909f56bfc062723c751e8b465ee728b)  -> (artifact id: 'ba4b7e2a8100a426ba3f33cf37ee22b5') in 0.041957 seconds 
========================================================================
Received Import Request.
  Time since last request: 0.000051 seconds.
  path: Assets/PolygonNatureBiomes/PNB_Tropical_Jungle/Models/SM_Env_Bush_Palm_02.fbx
  artifactKey: Guid(5ff20add61b16954dad9697f1943f397) Importer(815301076,1909f56bfc062723c751e8b465ee728b)
Start importing Assets/PolygonNatureBiomes/PNB_Tropical_Jungle/Models/SM_Env_Bush_Palm_02.fbx using Guid(5ff20add61b16954dad9697f1943f397) Importer(815301076,1909f56bfc062723c751e8b465ee728b)  -> (artifact id: '91a589e96d736223d5da25d7fb0db0d1') in 0.066563 seconds 
========================================================================
Received Import Request.
  Time since last request: 0.000057 seconds.
  path: Assets/PolygonNatureBiomes/PNB_Tropical_Jungle/Models/Collision/SM_Env_Bush_Palm_02_Collision.fbx
  artifactKey: Guid(4e4a20a8f08fa32478c556c3c75c3b67) Importer(815301076,1909f56bfc062723c751e8b465ee728b)
Start importing Assets/PolygonNatureBiomes/PNB_Tropical_Jungle/Models/Collision/SM_Env_Bush_Palm_02_Collision.fbx using Guid(4e4a20a8f08fa32478c556c3c75c3b67) Importer(815301076,1909f56bfc062723c751e8b465ee728b)  -> (artifact id: '5c48c8bc729e4facdbd0b1b4babf05c7') in 0.037314 seconds 
========================================================================
Received Import Request.
  Time since last request: 0.000040 seconds.
  path: Assets/PolygonNatureBiomes/PNB_Tropical_Jungle/Prefabs/SM_Env_Bush_Palm_02.prefab
  artifactKey: Guid(d348e4345879c594384fa5decf172505) Importer(815301076,1909f56bfc062723c751e8b465ee728b)
Start importing Assets/PolygonNatureBiomes/PNB_Tropical_Jungle/Prefabs/SM_Env_Bush_Palm_02.prefab using Guid(d348e4345879c594384fa5decf172505) Importer(815301076,1909f56bfc062723c751e8b465ee728b)  -> (artifact id: '19408d56e7306f11ed7facc32ca9b54c') in 0.070577 seconds 
========================================================================
Received Import Request.
  Time since last request: 0.000082 seconds.
  path: Assets/PolygonPirates/Models/SM_Env_PalmTree_03.fbx
  artifactKey: Guid(2d05ebfd5a2b657419da71b8b3ec6c78) Importer(815301076,1909f56bfc062723c751e8b465ee728b)
Start importing Assets/PolygonPirates/Models/SM_Env_PalmTree_03.fbx using Guid(2d05ebfd5a2b657419da71b8b3ec6c78) Importer(815301076,1909f56bfc062723c751e8b465ee728b)  -> (artifact id: 'e12c493d3a83a35a4fab117e56b8bcf3') in 0.038867 seconds 
========================================================================
Received Import Request.
  Time since last request: 0.000063 seconds.
  path: Assets/PolygonPirates/Models/CollisionCustom/SM_Env_PalmTree_Tall_01_Collision.fbx
  artifactKey: Guid(b50164063629fac449934e4caf843eb3) Importer(815301076,1909f56bfc062723c751e8b465ee728b)
Start importing Assets/PolygonPirates/Models/CollisionCustom/SM_Env_PalmTree_Tall_01_Collision.fbx using Guid(b50164063629fac449934e4caf843eb3) Importer(815301076,1909f56bfc062723c751e8b465ee728b)  -> (artifact id: 'b905ac208764a0e0821ea7209b3e8553') in 0.035834 seconds 
========================================================================
Received Import Request.
  Time since last request: 0.000070 seconds.
  path: Assets/PolygonNatureBiomes/PNB_Tropical_Jungle/Prefabs/SM_Env_Tree_Palm_03.prefab
  artifactKey: Guid(58b8754050878ba4e8643f2f5fc7abdd) Importer(815301076,1909f56bfc062723c751e8b465ee728b)
Start importing Assets/PolygonNatureBiomes/PNB_Tropical_Jungle/Prefabs/SM_Env_Tree_Palm_03.prefab using Guid(58b8754050878ba4e8643f2f5fc7abdd) Importer(815301076,1909f56bfc062723c751e8b465ee728b)  -> (artifact id: '7f40d2bbbb2b59fd411dfb69fd125d0d') in 0.086293 seconds 
========================================================================
Received Import Request.
  Time since last request: 0.000073 seconds.
  path: Assets/PolygonPirates/Models/SM_Env_PalmTree_Tall_02.fbx
  artifactKey: Guid(815579cec0d39d9469acfb5820c165f5) Importer(815301076,1909f56bfc062723c751e8b465ee728b)
Start importing Assets/PolygonPirates/Models/SM_Env_PalmTree_Tall_02.fbx using Guid(815579cec0d39d9469acfb5820c165f5) Importer(815301076,1909f56bfc062723c751e8b465ee728b)  -> (artifact id: '76591008a3315ab95baaf0c064394231') in 0.034638 seconds 
========================================================================
Received Import Request.
  Time since last request: 0.000071 seconds.
  path: Assets/PolygonNatureBiomes/PNB_Tropical_Jungle/Models/SM_Env_Tree_Palm_01_Coconuts_01.fbx
  artifactKey: Guid(f0589ffe1c8c63745bf768f89930fdea) Importer(815301076,1909f56bfc062723c751e8b465ee728b)
Start importing Assets/PolygonNatureBiomes/PNB_Tropical_Jungle/Models/SM_Env_Tree_Palm_01_Coconuts_01.fbx using Guid(f0589ffe1c8c63745bf768f89930fdea) Importer(815301076,1909f56bfc062723c751e8b465ee728b)  -> (artifact id: '5d6a182275f693ee7adedaa402acfb4d') in 0.034552 seconds 
========================================================================
Received Import Request.
  Time since last request: 0.000034 seconds.
  path: Assets/PolygonNatureBiomes/PNB_Tropical_Jungle/Prefabs/SM_Env_Tree_Palm_01_Coconuts_01.prefab
  artifactKey: Guid(a74cde0425584a743be5389aa13a71f3) Importer(815301076,1909f56bfc062723c751e8b465ee728b)
Start importing Assets/PolygonNatureBiomes/PNB_Tropical_Jungle/Prefabs/SM_Env_Tree_Palm_01_Coconuts_01.prefab using Guid(a74cde0425584a743be5389aa13a71f3) Importer(815301076,1909f56bfc062723c751e8b465ee728b)  -> (artifact id: '93165f2cc59f00021e387f88acb7427a') in 0.042072 seconds 
========================================================================
Received Import Request.
  Time since last request: 60.204676 seconds.
  path: Assets/PolygonNatureBiomes/PNB_Core/Prefabs/SM_Env_Grass_01.prefab
  artifactKey: Guid(5aa87785e1c41ae4ab86448549bc5503) Importer(815301076,1909f56bfc062723c751e8b465ee728b)
Start importing Assets/PolygonNatureBiomes/PNB_Core/Prefabs/SM_Env_Grass_01.prefab using Guid(5aa87785e1c41ae4ab86448549bc5503) Importer(815301076,1909f56bfc062723c751e8b465ee728b)  -> (artifact id: '6a396a09f55413423bf6f0357b78d31d') in 0.061397 seconds 
========================================================================
Received Import Request.
  Time since last request: 0.000046 seconds.
  path: Assets/PolygonNatureBiomes/PNB_Tropical_Jungle/Models/SM_Env_Grass_Tall_Clump_03.fbx
  artifactKey: Guid(a84ba57def4d8934baea1bc54bf849c5) Importer(815301076,1909f56bfc062723c751e8b465ee728b)
Start importing Assets/PolygonNatureBiomes/PNB_Tropical_Jungle/Models/SM_Env_Grass_Tall_Clump_03.fbx using Guid(a84ba57def4d8934baea1bc54bf849c5) Importer(815301076,1909f56bfc062723c751e8b465ee728b)  -> (artifact id: '7956aebad84f45280105a6b92a52c244') in 0.075926 seconds 
========================================================================
Received Import Request.
  Time since last request: 0.000044 seconds.
  path: Assets/PolygonWesternFrontier/Prefabs/Environments/SM_Env_Grass_Shrub_01.prefab
  artifactKey: Guid(5eacb0825d2135941976b2b401662c8a) Importer(815301076,1909f56bfc062723c751e8b465ee728b)
Start importing Assets/PolygonWesternFrontier/Prefabs/Environments/SM_Env_Grass_Shrub_01.prefab using Guid(5eacb0825d2135941976b2b401662c8a) Importer(815301076,1909f56bfc062723c751e8b465ee728b)  -> (artifact id: '413c0a6aef1cd74c86c7ae50d628fb8b') in 0.034703 seconds 
========================================================================
Received Import Request.
  Time since last request: 0.000121 seconds.
  path: Assets/PolygonPirates/Models/SM_Env_Grass_02.fbx
  artifactKey: Guid(fb8f3df89edeff745b3a31657ef0c508) Importer(815301076,1909f56bfc062723c751e8b465ee728b)
Start importing Assets/PolygonPirates/Models/SM_Env_Grass_02.fbx using Guid(fb8f3df89edeff745b3a31657ef0c508) Importer(815301076,1909f56bfc062723c751e8b465ee728b)  -> (artifact id: '082bc57b14f7bcb4f78c10af3aedea19') in 0.027012 seconds 
========================================================================
Received Import Request.
  Time since last request: 0.000067 seconds.
  path: Assets/PolygonNatureBiomes/PNB_Tropical_Jungle/Models/SM_Env_Grass_Med_Plane_01.fbx
  artifactKey: Guid(c30fa319ca9c18a4f8f1faf504a0619d) Importer(815301076,1909f56bfc062723c751e8b465ee728b)
Start importing Assets/PolygonNatureBiomes/PNB_Tropical_Jungle/Models/SM_Env_Grass_Med_Plane_01.fbx using Guid(c30fa319ca9c18a4f8f1faf504a0619d) Importer(815301076,1909f56bfc062723c751e8b465ee728b)  -> (artifact id: 'f17d6665287e1355a54d7114c25794ea') in 0.035504 seconds 
========================================================================
Received Import Request.
  Time since last request: 0.000042 seconds.
  path: Assets/PolygonNatureBiomes/PNB_Tropical_Jungle/Models/SM_Env_Grass_Med_Clump_03.fbx
  artifactKey: Guid(a59266912688c1841861f0394613f21e) Importer(815301076,1909f56bfc062723c751e8b465ee728b)
Start importing Assets/PolygonNatureBiomes/PNB_Tropical_Jungle/Models/SM_Env_Grass_Med_Clump_03.fbx using Guid(a59266912688c1841861f0394613f21e) Importer(815301076,1909f56bfc062723c751e8b465ee728b)  -> (artifact id: 'c3ade6f9439d77f4d8886aba9bc7059c') in 0.066486 seconds 
========================================================================
Received Import Request.
  Time since last request: 0.000103 seconds.
  path: Assets/PolygonNatureBiomes/PNB_Tropical_Jungle/Models/SM_Env_Grass_Short_Plane_01.fbx
  artifactKey: Guid(56cbae9b372c08c41a1c08e379da1944) Importer(815301076,1909f56bfc062723c751e8b465ee728b)
Start importing Assets/PolygonNatureBiomes/PNB_Tropical_Jungle/Models/SM_Env_Grass_Short_Plane_01.fbx using Guid(56cbae9b372c08c41a1c08e379da1944) Importer(815301076,1909f56bfc062723c751e8b465ee728b)  -> (artifact id: '51e5e4e1966c5d61abe1068127e92fff') in 0.034371 seconds 
========================================================================
Received Import Request.
  Time since last request: 0.000030 seconds.
  path: Assets/PolygonNatureBiomes/PNB_Tropical_Jungle/Prefabs/SM_Env_Grass_Med_Clump_03.prefab
  artifactKey: Guid(b255c701e20163843b15c06e37c43746) Importer(815301076,1909f56bfc062723c751e8b465ee728b)
Start importing Assets/PolygonNatureBiomes/PNB_Tropical_Jungle/Prefabs/SM_Env_Grass_Med_Clump_03.prefab using Guid(b255c701e20163843b15c06e37c43746) Importer(815301076,1909f56bfc062723c751e8b465ee728b)  -> (artifact id: 'ffb38fe605c298ee264efc7d89b5c56b') in 0.055914 seconds 
========================================================================
Received Import Request.
  Time since last request: 0.000060 seconds.
  path: Assets/PolygonNatureBiomes/PNB_Tropical_Jungle/Models/SM_Env_Grass_Short_Clump_03.fbx
  artifactKey: Guid(bf9ad01d157c2b344be5a1057d5032a5) Importer(815301076,1909f56bfc062723c751e8b465ee728b)
Start importing Assets/PolygonNatureBiomes/PNB_Tropical_Jungle/Models/SM_Env_Grass_Short_Clump_03.fbx using Guid(bf9ad01d157c2b344be5a1057d5032a5) Importer(815301076,1909f56bfc062723c751e8b465ee728b)  -> (artifact id: 'fe11a391b6d29b0216b27ecfba8d5b4d') in 0.070819 seconds 
========================================================================
Received Import Request.
  Time since last request: 0.000080 seconds.
  path: Assets/PolygonNatureBiomes/PNB_Tropical_Jungle/Models/SM_Env_Grass_Short_Clump_01.fbx
  artifactKey: Guid(fc01c2f6347d741459267459d9e08c99) Importer(815301076,1909f56bfc062723c751e8b465ee728b)
Start importing Assets/PolygonNatureBiomes/PNB_Tropical_Jungle/Models/SM_Env_Grass_Short_Clump_01.fbx using Guid(fc01c2f6347d741459267459d9e08c99) Importer(815301076,1909f56bfc062723c751e8b465ee728b)  -> (artifact id: '07a442086e681e775ef507e26113959b') in 0.063642 seconds 
========================================================================
Received Import Request.
  Time since last request: 0.000050 seconds.
  path: Assets/PolygonNatureBiomes/PNB_Tropical_Jungle/Models/SM_Env_Grass_Tall_Clump_02.fbx
  artifactKey: Guid(193884ea57664b448bac1103b10fbeeb) Importer(815301076,1909f56bfc062723c751e8b465ee728b)
Start importing Assets/PolygonNatureBiomes/PNB_Tropical_Jungle/Models/SM_Env_Grass_Tall_Clump_02.fbx using Guid(193884ea57664b448bac1103b10fbeeb) Importer(815301076,1909f56bfc062723c751e8b465ee728b)  -> (artifact id: 'edb13ae8fb3f93c17c04197bfa43d431') in 0.054665 seconds 
========================================================================
Received Import Request.
  Time since last request: 0.000044 seconds.
  path: Assets/PolygonNatureBiomes/PNB_Tropical_Jungle/Models/SM_Env_Grass_Med_Clump_01.fbx
  artifactKey: Guid(44848de2ade97854bb1d834e40feaedd) Importer(815301076,1909f56bfc062723c751e8b465ee728b)
Start importing Assets/PolygonNatureBiomes/PNB_Tropical_Jungle/Models/SM_Env_Grass_Med_Clump_01.fbx using Guid(44848de2ade97854bb1d834e40feaedd) Importer(815301076,1909f56bfc062723c751e8b465ee728b)  -> (artifact id: '29a31dce9176d1091855157d3574c12d') in 0.040812 seconds 
Editor requested this worker to shutdown with reason: Scaling down because of idle timeout
AssetImportWorker is now disconnected from the server
Process exiting
Exiting without the bug reporter. Application will terminate with return code 0