Using pre-set license
Built from '2021.3/staging' branch; Version is '2021.3.25f1 (68ef2c4f8861) revision 6876972'; Using compiler version '192829333'; Build Type 'Release'
OS: 'Windows 10  (10.0.19045) 64bit CoreSingleLanguage' Language: 'en' Physical Memory: 15774 MB
BatchMode: 1, IsHumanControllingUs: 0, StartBugReporterOnCrash: 0, Is64bit: 1, IsPro: 1

COMMAND LINE ARGUMENTS:
C:\Program Files\Unity\Hub\Editor\2021.3.25f1\Editor\Unity.exe
-adb2
-batchMode
-noUpm
-name
AssetImportWorker1
-projectPath
C:/Users/CHATHUMINA/Music/IM/GT/Lab 2 ecape room game/New folder/Escape Island
-logFile
Logs/AssetImportWorker1.log
-srvPort
52191
Successfully changed project path to: C:/Users/CHATHUMINA/Music/IM/GT/Lab 2 ecape room game/New folder/Escape Island
C:/Users/CHATHUMINA/Music/IM/GT/Lab 2 ecape room game/New folder/Escape Island
[UnityMemory] Configuration Parameters - Can be set up in boot.config
    "memorysetup-bucket-allocator-granularity=16"
    "memorysetup-bucket-allocator-bucket-count=8"
    "memorysetup-bucket-allocator-block-size=33554432"
    "memorysetup-bucket-allocator-block-count=8"
    "memorysetup-main-allocator-block-size=16777216"
    "memorysetup-thread-allocator-block-size=16777216"
    "memorysetup-gfx-main-allocator-block-size=16777216"
    "memorysetup-gfx-thread-allocator-block-size=16777216"
    "memorysetup-cache-allocator-block-size=4194304"
    "memorysetup-typetree-allocator-block-size=2097152"
    "memorysetup-profiler-bucket-allocator-granularity=16"
    "memorysetup-profiler-bucket-allocator-bucket-count=8"
    "memorysetup-profiler-bucket-allocator-block-size=33554432"
    "memorysetup-profiler-bucket-allocator-block-count=8"
    "memorysetup-profiler-allocator-block-size=16777216"
    "memorysetup-profiler-editor-allocator-block-size=1048576"
    "memorysetup-temp-allocator-size-main=16777216"
    "memorysetup-job-temp-allocator-block-size=2097152"
    "memorysetup-job-temp-allocator-block-size-background=1048576"
    "memorysetup-job-temp-allocator-reduction-small-platforms=262144"
    "memorysetup-temp-allocator-size-background-worker=32768"
    "memorysetup-temp-allocator-size-job-worker=262144"
    "memorysetup-temp-allocator-size-preload-manager=33554432"
    "memorysetup-temp-allocator-size-nav-mesh-worker=65536"
    "memorysetup-temp-allocator-size-audio-worker=65536"
    "memorysetup-temp-allocator-size-cloud-worker=32768"
    "memorysetup-temp-allocator-size-gi-baking-worker=262144"
    "memorysetup-temp-allocator-size-gfx=262144"
Player connection [27444] Host "[IP] 192.168.1.6 [Port] 0 [Flags] 2 [Guid] 3275065965 [EditorId] 3275065965 [Version] 1048832 [Id] WindowsEditor(7,ROG-G15) [Debug] 1 [PackageName] WindowsEditor [ProjectName] Editor" joined multi-casting on [225.0.0.222:54997]...

Player connection [27444] Host "[IP] 192.168.1.6 [Port] 0 [Flags] 2 [Guid] 3275065965 [EditorId] 3275065965 [Version] 1048832 [Id] WindowsEditor(7,ROG-G15) [Debug] 1 [PackageName] WindowsEditor [ProjectName] Editor" joined alternative multi-casting on [225.0.0.222:34997]...

Refreshing native plugins compatible for Editor in 85.98 ms, found 3 plugins.
Preloading 0 native plugins for Editor in 0.00 ms.
Initialize engine version: 2021.3.25f1 (68ef2c4f8861)
[Subsystems] Discovering subsystems at path C:/Program Files/Unity/Hub/Editor/2021.3.25f1/Editor/Data/Resources/UnitySubsystems
[Subsystems] Discovering subsystems at path C:/Users/CHATHUMINA/Music/IM/GT/Lab 2 ecape room game/New folder/Escape Island/Assets
GfxDevice: creating device client; threaded=0; jobified=0
Direct3D:
    Version:  Direct3D 11.0 [level 11.1]
    Renderer: NVIDIA GeForce RTX 3050 Ti Laptop GPU (ID=0x25a0)
    Vendor:   NVIDIA
    VRAM:     3962 MB
    Driver:   32.0.15.5612
Initialize mono
Mono path[0] = 'C:/Program Files/Unity/Hub/Editor/2021.3.25f1/Editor/Data/Managed'
Mono path[1] = 'C:/Program Files/Unity/Hub/Editor/2021.3.25f1/Editor/Data/MonoBleedingEdge/lib/mono/unityjit-win32'
Mono config path = 'C:/Program Files/Unity/Hub/Editor/2021.3.25f1/Editor/Data/MonoBleedingEdge/etc'
Using monoOptions --debugger-agent=transport=dt_socket,embedding=1,server=y,suspend=n,address=127.0.0.1:56348
Begin MonoManager ReloadAssembly
Registering precompiled unity dll's ...
Register platform support module: C:/Program Files/Unity/Hub/Editor/2021.3.25f1/Editor/Data/PlaybackEngines/WebGLSupport/UnityEditor.WebGL.Extensions.dll
Register platform support module: C:/Program Files/Unity/Hub/Editor/2021.3.25f1/Editor/Data/PlaybackEngines/WindowsStandaloneSupport/UnityEditor.WindowsStandalone.Extensions.dll
Registered in 0.013917 seconds.
Native extension for WindowsStandalone target not found
Native extension for WebGL target not found
Refreshing native plugins compatible for Editor in 76.60 ms, found 3 plugins.
Preloading 0 native plugins for Editor in 0.00 ms.
Mono: successfully reloaded assembly
- Completed reload, in  0.656 seconds
Domain Reload Profiling:
	ReloadAssembly (657ms)
		BeginReloadAssembly (109ms)
			ExecutionOrderSort (0ms)
			DisableScriptedObjects (0ms)
			BackupInstance (0ms)
			ReleaseScriptingObjects (0ms)
			CreateAndSetChildDomain (2ms)
		EndReloadAssembly (436ms)
			LoadAssemblies (104ms)
			RebuildTransferFunctionScriptingTraits (0ms)
			SetupTypeCache (101ms)
			ReleaseScriptCaches (0ms)
			RebuildScriptCaches (25ms)
			SetupLoadedEditorAssemblies (252ms)
				LogAssemblyErrors (0ms)
				InitializePlatformSupportModulesInManaged (12ms)
				SetLoadedEditorAssemblies (0ms)
				RefreshPlugins (77ms)
				BeforeProcessingInitializeOnLoad (1ms)
				ProcessInitializeOnLoadAttributes (121ms)
				ProcessInitializeOnLoadMethodAttributes (41ms)
				AfterProcessingInitializeOnLoad (0ms)
				EditorAssembliesLoaded (0ms)
			ExecutionOrderSort2 (0ms)
			AwakeInstancesAfterBackupRestoration (0ms)
Platform modules already initialized, skipping
Registering precompiled user dll's ...
Registered in 0.009735 seconds.
Begin MonoManager ReloadAssembly
Symbol file LoadedFromMemory doesn't match image C:\Users\CHATHUMINA\Music\IM\GT\Lab 2 ecape room game\New folder\Escape Island\Library\PackageCache\com.unity.visualscripting@1.8.0\Editor\VisualScripting.Core\Dependencies\YamlDotNet\Unity.VisualScripting.YamlDotNet.dll
Symbol file LoadedFromMemory doesn't match image C:\Users\CHATHUMINA\Music\IM\GT\Lab 2 ecape room game\New folder\Escape Island\Library\PackageCache\com.unity.visualscripting@1.8.0\Editor\VisualScripting.Core\Dependencies\DotNetZip\Unity.VisualScripting.IonicZip.dll
Native extension for WindowsStandalone target not found
Native extension for WebGL target not found
Refreshing native plugins compatible for Editor in 0.69 ms, found 3 plugins.
Preloading 0 native plugins for Editor in 0.00 ms.
Mono: successfully reloaded assembly
- Completed reload, in  1.042 seconds
Domain Reload Profiling:
	ReloadAssembly (1043ms)
		BeginReloadAssembly (140ms)
			ExecutionOrderSort (0ms)
			DisableScriptedObjects (5ms)
			BackupInstance (0ms)
			ReleaseScriptingObjects (0ms)
			CreateAndSetChildDomain (26ms)
		EndReloadAssembly (789ms)
			LoadAssemblies (117ms)
			RebuildTransferFunctionScriptingTraits (0ms)
			SetupTypeCache (262ms)
			ReleaseScriptCaches (1ms)
			RebuildScriptCaches (50ms)
			SetupLoadedEditorAssemblies (345ms)
				LogAssemblyErrors (0ms)
				InitializePlatformSupportModulesInManaged (9ms)
				SetLoadedEditorAssemblies (0ms)
				RefreshPlugins (1ms)
				BeforeProcessingInitializeOnLoad (88ms)
				ProcessInitializeOnLoadAttributes (208ms)
				ProcessInitializeOnLoadMethodAttributes (24ms)
				AfterProcessingInitializeOnLoad (14ms)
				EditorAssembliesLoaded (0ms)
			ExecutionOrderSort2 (0ms)
			AwakeInstancesAfterBackupRestoration (6ms)
Platform modules already initialized, skipping
========================================================================
Worker process is ready to serve import requests
Launched and connected shader compiler UnityShaderCompiler.exe after 0.06 seconds
Refreshing native plugins compatible for Editor in 2.66 ms, found 3 plugins.
Preloading 0 native plugins for Editor in 0.00 ms.
Unloading 3066 Unused Serialized files (Serialized files now loaded: 0)
Unloading 22 unused Assets / (57.6 KB). Loaded Objects now: 3529.
Memory consumption went from 120.6 MB to 120.6 MB.
Total: 11.622200 ms (FindLiveObjects: 1.848800 ms CreateObjectMapping: 1.273000 ms MarkObjects: 8.242900 ms  DeleteObjects: 0.254500 ms)

AssetImportParameters requested are different than current active one (requested -> active):
  custom:video-decoder-ogg-theora: a1e56fd34408186e4bbccfd4996cb3dc -> 
  custom:container-muxer-webm: aa71ff27fc2769a1b78a27578f13a17b -> 
  custom:container-demuxer-webm: 4f35f7cbe854078d1ac9338744f61a02 -> 
  custom:video-encoder-webm-vp8: eb34c28f22e8b96e1ab97ce403110664 -> 
  custom:video-codec-MediaFoundation-h265: 746d11721c4dcdbdad8f713fa42b33f4 -> 
  custom:audio-encoder-webm-vorbis: bf7c407c2cedff20999df2af8eb42d56 -> 
  custom:framework-win-MediaFoundation: 216162199b28c13a410421893ffa2e32 -> 
  custom:container-demuxer-ogg: 62fdf1f143b41e24485cea50d1cbac27 -> 
  custom:video-decoder-webm-vp8: 9c59270c3fd7afecdb556c50c9e8de78 -> 
  custom:audio-decoder-ogg-vorbis: bf7c407c2cedff20999df2af8eb42d56 -> 
========================================================================
Received Import Request.
  Time since last request: 3311.392002 seconds.
  path: Assets/PolygonNatureBiomes
  artifactKey: Guid(de10ee58ca2044a43a10a499a2ec3f70) Importer(815301076,1909f56bfc062723c751e8b465ee728b)
Start importing Assets/PolygonNatureBiomes using Guid(de10ee58ca2044a43a10a499a2ec3f70) Importer(815301076,1909f56bfc062723c751e8b465ee728b)  -> (artifact id: '768bdab98eb38e8a7c18ca25a3f0b357') in 0.053367 seconds 
========================================================================
Received Import Request.
  Time since last request: 117.922561 seconds.
  path: Assets/PolygonNatureBiomes/PNB_Tropical_Jungle/Tropical_Night_Post_Processing_01.asset
  artifactKey: Guid(bd3a18526742fc8468c88335cf458830) Importer(815301076,1909f56bfc062723c751e8b465ee728b)
Start importing Assets/PolygonNatureBiomes/PNB_Tropical_Jungle/Tropical_Night_Post_Processing_01.asset using Guid(bd3a18526742fc8468c88335cf458830) Importer(815301076,1909f56bfc062723c751e8b465ee728b)  -> (artifact id: '880815d880037c9f1c06896d85662428') in 0.029449 seconds 
========================================================================
Received Prepare
Registering precompiled user dll's ...
Registered in 0.014228 seconds.
Begin MonoManager ReloadAssembly
Symbol file LoadedFromMemory doesn't match image C:\Users\CHATHUMINA\Music\IM\GT\Lab 2 ecape room game\New folder\Escape Island\Library\PackageCache\com.unity.visualscripting@1.8.0\Editor\VisualScripting.Core\Dependencies\YamlDotNet\Unity.VisualScripting.YamlDotNet.dll
Symbol file LoadedFromMemory doesn't match image C:\Users\CHATHUMINA\Music\IM\GT\Lab 2 ecape room game\New folder\Escape Island\Library\PackageCache\com.unity.visualscripting@1.8.0\Editor\VisualScripting.Core\Dependencies\DotNetZip\Unity.VisualScripting.IonicZip.dll
Native extension for WindowsStandalone target not found
Native extension for WebGL target not found
Refreshing native plugins compatible for Editor in 0.77 ms, found 3 plugins.
Preloading 0 native plugins for Editor in 0.00 ms.
Mono: successfully reloaded assembly
- Completed reload, in  1.027 seconds
Domain Reload Profiling:
	ReloadAssembly (1027ms)
		BeginReloadAssembly (182ms)
			ExecutionOrderSort (0ms)
			DisableScriptedObjects (5ms)
			BackupInstance (0ms)
			ReleaseScriptingObjects (0ms)
			CreateAndSetChildDomain (50ms)
		EndReloadAssembly (734ms)
			LoadAssemblies (124ms)
			RebuildTransferFunctionScriptingTraits (0ms)
			SetupTypeCache (247ms)
			ReleaseScriptCaches (1ms)
			RebuildScriptCaches (37ms)
			SetupLoadedEditorAssemblies (317ms)
				LogAssemblyErrors (0ms)
				InitializePlatformSupportModulesInManaged (9ms)
				SetLoadedEditorAssemblies (0ms)
				RefreshPlugins (1ms)
				BeforeProcessingInitializeOnLoad (79ms)
				ProcessInitializeOnLoadAttributes (193ms)
				ProcessInitializeOnLoadMethodAttributes (19ms)
				AfterProcessingInitializeOnLoad (15ms)
				EditorAssembliesLoaded (0ms)
			ExecutionOrderSort2 (0ms)
			AwakeInstancesAfterBackupRestoration (8ms)
Platform modules already initialized, skipping
Refreshing native plugins compatible for Editor in 2.75 ms, found 3 plugins.
Preloading 0 native plugins for Editor in 0.00 ms.
Unloading 3042 Unused Serialized files (Serialized files now loaded: 0)
Unloading 15 unused Assets / (24.8 KB). Loaded Objects now: 3533.
Memory consumption went from 118.3 MB to 118.2 MB.
Total: 3.107900 ms (FindLiveObjects: 0.297600 ms CreateObjectMapping: 0.096300 ms MarkObjects: 2.680700 ms  DeleteObjects: 0.032200 ms)

AssetImportParameters requested are different than current active one (requested -> active):
  custom:video-decoder-ogg-theora: a1e56fd34408186e4bbccfd4996cb3dc -> 
  custom:container-muxer-webm: aa71ff27fc2769a1b78a27578f13a17b -> 
  custom:container-demuxer-webm: 4f35f7cbe854078d1ac9338744f61a02 -> 
  custom:video-encoder-webm-vp8: eb34c28f22e8b96e1ab97ce403110664 -> 
  custom:video-codec-MediaFoundation-h265: 746d11721c4dcdbdad8f713fa42b33f4 -> 
  custom:audio-encoder-webm-vorbis: bf7c407c2cedff20999df2af8eb42d56 -> 
  custom:framework-win-MediaFoundation: 216162199b28c13a410421893ffa2e32 -> 
  custom:container-demuxer-ogg: 62fdf1f143b41e24485cea50d1cbac27 -> 
  custom:video-decoder-webm-vp8: 9c59270c3fd7afecdb556c50c9e8de78 -> 
  custom:audio-decoder-ogg-vorbis: bf7c407c2cedff20999df2af8eb42d56 -> 
========================================================================
Received Import Request.
  Time since last request: 195.801343 seconds.
  path: Assets/PolygonPirates/Prefabs/Characters/Character_English_Govenor_01.prefab
  artifactKey: Guid(21a82b88f4e365a4cb4277cd43b7fe21) Importer(815301076,1909f56bfc062723c751e8b465ee728b)
Start importing Assets/PolygonPirates/Prefabs/Characters/Character_English_Govenor_01.prefab using Guid(21a82b88f4e365a4cb4277cd43b7fe21) Importer(815301076,1909f56bfc062723c751e8b465ee728b)  -> (artifact id: '3b6ca05e87863ec38000e578c9f6f2e2') in 0.557160 seconds 
========================================================================
Received Import Request.
  Time since last request: 0.000048 seconds.
  path: Assets/PolygonPirates/Prefabs/Characters/Character_Pirate_Captain_01.prefab
  artifactKey: Guid(1cc323c6fbf66b44b87cf8f0d2378b05) Importer(815301076,1909f56bfc062723c751e8b465ee728b)
Start importing Assets/PolygonPirates/Prefabs/Characters/Character_Pirate_Captain_01.prefab using Guid(1cc323c6fbf66b44b87cf8f0d2378b05) Importer(815301076,1909f56bfc062723c751e8b465ee728b)  -> (artifact id: 'f8118a215c6a10d88ad669f4ab213b7c') in 0.066886 seconds 
========================================================================
Received Import Request.
  Time since last request: 0.000060 seconds.
  path: Assets/PolygonPirates/Prefabs/Characters/Character_Pirate_Deckhand_01.prefab
  artifactKey: Guid(298b6af3224b899419309b7d9e05ace7) Importer(815301076,1909f56bfc062723c751e8b465ee728b)
Start importing Assets/PolygonPirates/Prefabs/Characters/Character_Pirate_Deckhand_01.prefab using Guid(298b6af3224b899419309b7d9e05ace7) Importer(815301076,1909f56bfc062723c751e8b465ee728b)  -> (artifact id: '14d95d0c67c95bf7156fceb0ce1a8e73') in 0.054392 seconds 
========================================================================
Received Import Request.
  Time since last request: 0.000048 seconds.
  path: Assets/PolygonPirates/Prefabs/Characters/Character_Governors_Daughter_01.prefab
  artifactKey: Guid(3af687dc0b15ced4a97dc9a6687c8af2) Importer(815301076,1909f56bfc062723c751e8b465ee728b)
Start importing Assets/PolygonPirates/Prefabs/Characters/Character_Governors_Daughter_01.prefab using Guid(3af687dc0b15ced4a97dc9a6687c8af2) Importer(815301076,1909f56bfc062723c751e8b465ee728b)  -> (artifact id: 'b47892d8cce8e2605fc71c7aef01f200') in 0.070165 seconds 
========================================================================
Received Import Request.
  Time since last request: 0.000061 seconds.
  path: Assets/PolygonPirates/Prefabs/Characters/Character_Gentleman_01.prefab
  artifactKey: Guid(81a28c375b28168439a9968612b54c17) Importer(815301076,1909f56bfc062723c751e8b465ee728b)
Start importing Assets/PolygonPirates/Prefabs/Characters/Character_Gentleman_01.prefab using Guid(81a28c375b28168439a9968612b54c17) Importer(815301076,1909f56bfc062723c751e8b465ee728b)  -> (artifact id: 'ff1dd5c085f77b612f23f5e7e421eb60') in 0.055866 seconds 
========================================================================
Received Import Request.
  Time since last request: 0.000058 seconds.
  path: Assets/PolygonPirates/Prefabs/Characters/Character_Skeleton_03.prefab
  artifactKey: Guid(f725d918129d69848a395da5d3d992a3) Importer(815301076,1909f56bfc062723c751e8b465ee728b)
Start importing Assets/PolygonPirates/Prefabs/Characters/Character_Skeleton_03.prefab using Guid(f725d918129d69848a395da5d3d992a3) Importer(815301076,1909f56bfc062723c751e8b465ee728b)  -> (artifact id: 'e3562caa3a06a1cd4b64cb4bb64756c1') in 0.053438 seconds 
========================================================================
Received Import Request.
  Time since last request: 0.000037 seconds.
  path: Assets/PolygonPirates/Prefabs/Characters/Character_English_Soldier_01.prefab
  artifactKey: Guid(d24bb65e9cbd4f34d8d7c86cdec254e1) Importer(815301076,1909f56bfc062723c751e8b465ee728b)
Start importing Assets/PolygonPirates/Prefabs/Characters/Character_English_Soldier_01.prefab using Guid(d24bb65e9cbd4f34d8d7c86cdec254e1) Importer(815301076,1909f56bfc062723c751e8b465ee728b)  -> (artifact id: '2e22432188312740b4b4ccace142e992') in 0.059126 seconds 
========================================================================
Received Import Request.
  Time since last request: 3.580594 seconds.
  path: Assets/PolygonPirates/Prefabs/Buildings/SM_Bld_Cuba_Arch_02.prefab
  artifactKey: Guid(6df4c1f7811b781449b21158737a946d) Importer(815301076,1909f56bfc062723c751e8b465ee728b)
Start importing Assets/PolygonPirates/Prefabs/Buildings/SM_Bld_Cuba_Arch_02.prefab using Guid(6df4c1f7811b781449b21158737a946d) Importer(815301076,1909f56bfc062723c751e8b465ee728b)  -> (artifact id: '008a8f81d84d8bc5f4aed461f0ebf430') in 0.026353 seconds 
========================================================================
Received Import Request.
  Time since last request: 0.000098 seconds.
  path: Assets/PolygonPirates/Prefabs/Buildings/SM_Bld_Fort_Base_01.prefab
  artifactKey: Guid(1e81b0fc9bf0b9b4392e5125f7914471) Importer(815301076,1909f56bfc062723c751e8b465ee728b)
Start importing Assets/PolygonPirates/Prefabs/Buildings/SM_Bld_Fort_Base_01.prefab using Guid(1e81b0fc9bf0b9b4392e5125f7914471) Importer(815301076,1909f56bfc062723c751e8b465ee728b)  -> (artifact id: 'd690bc956e26b39a82ac9a4cfdf6d9e2') in 0.028118 seconds 
========================================================================
Received Import Request.
  Time since last request: 0.000034 seconds.
  path: Assets/PolygonPirates/Prefabs/Buildings/SM_Bld_Mansion_Pole_02.prefab
  artifactKey: Guid(a08acf2b40a364844b9e4e24542fae28) Importer(815301076,1909f56bfc062723c751e8b465ee728b)
Start importing Assets/PolygonPirates/Prefabs/Buildings/SM_Bld_Mansion_Pole_02.prefab using Guid(a08acf2b40a364844b9e4e24542fae28) Importer(815301076,1909f56bfc062723c751e8b465ee728b)  -> (artifact id: 'bb1a567c1071aa7a9ade71ea3ab5b55b') in 0.030736 seconds 
========================================================================
Received Import Request.
  Time since last request: 0.000056 seconds.
  path: Assets/PolygonPirates/Prefabs/Buildings/SM_Bld_Cuba_Roof_03.prefab
  artifactKey: Guid(99d01e46b14a1324fa5e187afc31c026) Importer(815301076,1909f56bfc062723c751e8b465ee728b)
Start importing Assets/PolygonPirates/Prefabs/Buildings/SM_Bld_Cuba_Roof_03.prefab using Guid(99d01e46b14a1324fa5e187afc31c026) Importer(815301076,1909f56bfc062723c751e8b465ee728b)  -> (artifact id: 'ff00325e81d5cad1adb9d1576d5ee4f1') in 0.031932 seconds 
========================================================================
Received Import Request.
  Time since last request: 0.000037 seconds.
  path: Assets/PolygonPirates/Prefabs/Buildings/SM_Bld_Cuba_Sunshade_01.prefab
  artifactKey: Guid(b2453526e1e03d744b6844d092c0a05b) Importer(815301076,1909f56bfc062723c751e8b465ee728b)
Start importing Assets/PolygonPirates/Prefabs/Buildings/SM_Bld_Cuba_Sunshade_01.prefab using Guid(b2453526e1e03d744b6844d092c0a05b) Importer(815301076,1909f56bfc062723c751e8b465ee728b)  -> (artifact id: 'db888a3045e2d34fede05da3acc13500') in 0.023960 seconds 
========================================================================
Received Import Request.
  Time since last request: 0.000042 seconds.
  path: Assets/PolygonPirates/Prefabs/Buildings/SM_Bld_Rickety_Dock_Platform_01.prefab
  artifactKey: Guid(5ef5077abd1dc804f91fc7053f7d7fc5) Importer(815301076,1909f56bfc062723c751e8b465ee728b)
Start importing Assets/PolygonPirates/Prefabs/Buildings/SM_Bld_Rickety_Dock_Platform_01.prefab using Guid(5ef5077abd1dc804f91fc7053f7d7fc5) Importer(815301076,1909f56bfc062723c751e8b465ee728b)  -> (artifact id: '22f60daecc0c502449b33c5859cda4fc') in 0.035331 seconds 
========================================================================
Received Import Request.
  Time since last request: 0.000048 seconds.
  path: Assets/PolygonPirates/Prefabs/Buildings/SM_Bld_Cuba_Room_Short_01.prefab
  artifactKey: Guid(7d2f95b51864cb34490b6b6fd4391ead) Importer(815301076,1909f56bfc062723c751e8b465ee728b)
Start importing Assets/PolygonPirates/Prefabs/Buildings/SM_Bld_Cuba_Room_Short_01.prefab using Guid(7d2f95b51864cb34490b6b6fd4391ead) Importer(815301076,1909f56bfc062723c751e8b465ee728b)  -> (artifact id: '31074ad578824d2a06b2e8b4d86f4628') in 0.030220 seconds 
========================================================================
Received Import Request.
  Time since last request: 0.000036 seconds.
  path: Assets/PolygonPirates/Prefabs/Buildings/SM_Bld_Mansion_Roof_Single_01.prefab
  artifactKey: Guid(ef3943b1b0f5dc842b1b63b6c37b8713) Importer(815301076,1909f56bfc062723c751e8b465ee728b)
Start importing Assets/PolygonPirates/Prefabs/Buildings/SM_Bld_Mansion_Roof_Single_01.prefab using Guid(ef3943b1b0f5dc842b1b63b6c37b8713) Importer(815301076,1909f56bfc062723c751e8b465ee728b)  -> (artifact id: 'ffdb5146698413e28558d28d83f3bd41') in 0.035047 seconds 
========================================================================
Received Import Request.
  Time since last request: 0.000039 seconds.
  path: Assets/PolygonPirates/Prefabs/Buildings/SM_Bld_Rickety_Dock_Platform_02.prefab
  artifactKey: Guid(5af47ec0ed24a954cbd9f00d841a6107) Importer(815301076,1909f56bfc062723c751e8b465ee728b)
Start importing Assets/PolygonPirates/Prefabs/Buildings/SM_Bld_Rickety_Dock_Platform_02.prefab using Guid(5af47ec0ed24a954cbd9f00d841a6107) Importer(815301076,1909f56bfc062723c751e8b465ee728b)  -> (artifact id: 'f9dace3556a9a2780948ef4bb947c1f7') in 0.034064 seconds 
========================================================================
Received Import Request.
  Time since last request: 0.000037 seconds.
  path: Assets/PolygonPirates/Prefabs/Buildings/SM_Bld_Cuba_Hall_Room_03.prefab
  artifactKey: Guid(8071bc80fa7bc5f41a93a3e3b53d1914) Importer(815301076,1909f56bfc062723c751e8b465ee728b)
Start importing Assets/PolygonPirates/Prefabs/Buildings/SM_Bld_Cuba_Hall_Room_03.prefab using Guid(8071bc80fa7bc5f41a93a3e3b53d1914) Importer(815301076,1909f56bfc062723c751e8b465ee728b)  -> (artifact id: '5ab41d37fad626162dc69a86606f17b6') in 0.032353 seconds 
========================================================================
Received Import Request.
  Time since last request: 0.000045 seconds.
  path: Assets/PolygonPirates/Prefabs/Buildings/SM_Bld_Fort_Door_01.prefab
  artifactKey: Guid(190d4f5956778ad4187f87bab391090c) Importer(815301076,1909f56bfc062723c751e8b465ee728b)
Start importing Assets/PolygonPirates/Prefabs/Buildings/SM_Bld_Fort_Door_01.prefab using Guid(190d4f5956778ad4187f87bab391090c) Importer(815301076,1909f56bfc062723c751e8b465ee728b)  -> (artifact id: '745d2892ad96d3aa076d98d23a9731b3') in 0.035145 seconds 
========================================================================
Received Import Request.
  Time since last request: 0.000056 seconds.
  path: Assets/PolygonPirates/Prefabs/Buildings/SM_Bld_Cuba_Room_Long_05.prefab
  artifactKey: Guid(74e2774195e6ca54daf6f19e8679c214) Importer(815301076,1909f56bfc062723c751e8b465ee728b)
Start importing Assets/PolygonPirates/Prefabs/Buildings/SM_Bld_Cuba_Room_Long_05.prefab using Guid(74e2774195e6ca54daf6f19e8679c214) Importer(815301076,1909f56bfc062723c751e8b465ee728b)  -> (artifact id: 'e6988dd24036da7d1092593a8c8befea') in 0.033113 seconds 
========================================================================
Received Import Request.
  Time since last request: 0.000027 seconds.
  path: Assets/PolygonPirates/Prefabs/Buildings/SM_Bld_Mansion_Window_01.prefab
  artifactKey: Guid(93a461fa7c1275243becffedf560643d) Importer(815301076,1909f56bfc062723c751e8b465ee728b)
Start importing Assets/PolygonPirates/Prefabs/Buildings/SM_Bld_Mansion_Window_01.prefab using Guid(93a461fa7c1275243becffedf560643d) Importer(815301076,1909f56bfc062723c751e8b465ee728b)  -> (artifact id: '965525fba2163561cb31f49f3e2ff916') in 0.040143 seconds 
========================================================================
Received Import Request.
  Time since last request: 0.000046 seconds.
  path: Assets/PolygonPirates/Prefabs/Buildings/SM_Bld_Cuba_Room_06.prefab
  artifactKey: Guid(3083ef2e72e174647a4452db083e591b) Importer(815301076,1909f56bfc062723c751e8b465ee728b)
Start importing Assets/PolygonPirates/Prefabs/Buildings/SM_Bld_Cuba_Room_06.prefab using Guid(3083ef2e72e174647a4452db083e591b) Importer(815301076,1909f56bfc062723c751e8b465ee728b)  -> (artifact id: '9627603bc10be7c71d1fb41bda3d18df') in 0.037989 seconds 
========================================================================
Received Import Request.
  Time since last request: 0.000027 seconds.
  path: Assets/PolygonPirates/Prefabs/Buildings/SM_Bld_Mansion_End_02.prefab
  artifactKey: Guid(3a8cea3fa07d95e4abe6404b1e17497d) Importer(815301076,1909f56bfc062723c751e8b465ee728b)
Start importing Assets/PolygonPirates/Prefabs/Buildings/SM_Bld_Mansion_End_02.prefab using Guid(3a8cea3fa07d95e4abe6404b1e17497d) Importer(815301076,1909f56bfc062723c751e8b465ee728b)  -> (artifact id: '19e22ee362efeca59c701a2fd6999d54') in 0.034856 seconds 
========================================================================
Received Import Request.
  Time since last request: 0.000035 seconds.
  path: Assets/PolygonPirates/Prefabs/Buildings/SM_Bld_Cuba_Roof_Square_01.prefab
  artifactKey: Guid(9f9e04b362343df49bf493726e4974e9) Importer(815301076,1909f56bfc062723c751e8b465ee728b)
Start importing Assets/PolygonPirates/Prefabs/Buildings/SM_Bld_Cuba_Roof_Square_01.prefab using Guid(9f9e04b362343df49bf493726e4974e9) Importer(815301076,1909f56bfc062723c751e8b465ee728b)  -> (artifact id: '18e87a4891fcaf9436c7783735596b09') in 0.032845 seconds 
========================================================================
Received Import Request.
  Time since last request: 0.000067 seconds.
  path: Assets/PolygonPirates/Prefabs/Buildings/SM_Bld_Fort_Room_01.prefab
  artifactKey: Guid(4ccb1c3bf907ef74b92d63c996c095f6) Importer(815301076,1909f56bfc062723c751e8b465ee728b)
Start importing Assets/PolygonPirates/Prefabs/Buildings/SM_Bld_Fort_Room_01.prefab using Guid(4ccb1c3bf907ef74b92d63c996c095f6) Importer(815301076,1909f56bfc062723c751e8b465ee728b)  -> (artifact id: '75808dac12a577a7ec6da4b6c1f8a984') in 0.028401 seconds 
========================================================================
Received Import Request.
  Time since last request: 0.000054 seconds.
  path: Assets/PolygonPirates/Prefabs/Buildings/SM_Bld_Mansion_Tower_01.prefab
  artifactKey: Guid(c973e4fa41dd2394cba85c1ece6cc9cf) Importer(815301076,1909f56bfc062723c751e8b465ee728b)
Start importing Assets/PolygonPirates/Prefabs/Buildings/SM_Bld_Mansion_Tower_01.prefab using Guid(c973e4fa41dd2394cba85c1ece6cc9cf) Importer(815301076,1909f56bfc062723c751e8b465ee728b)  -> (artifact id: '86cace59711f9d9cb2a9a5c31491f414') in 0.037016 seconds 
========================================================================
Received Import Request.
  Time since last request: 0.000045 seconds.
  path: Assets/PolygonPirates/Prefabs/Buildings/SM_Bld_Mansion_End_01.prefab
  artifactKey: Guid(e95e8967815e1244c838b9b4fb7f58c7) Importer(815301076,1909f56bfc062723c751e8b465ee728b)
Start importing Assets/PolygonPirates/Prefabs/Buildings/SM_Bld_Mansion_End_01.prefab using Guid(e95e8967815e1244c838b9b4fb7f58c7) Importer(815301076,1909f56bfc062723c751e8b465ee728b)  -> (artifact id: '0351a0941ade9914e1a6fbc8c807536e') in 0.033937 seconds 
========================================================================
Received Import Request.
  Time since last request: 0.000060 seconds.
  path: Assets/PolygonPirates/Prefabs/Buildings/SM_Bld_Cuba_Balcony_01.prefab
  artifactKey: Guid(8ab359974e5a5e34da4da3c9734e1e51) Importer(815301076,1909f56bfc062723c751e8b465ee728b)
Start importing Assets/PolygonPirates/Prefabs/Buildings/SM_Bld_Cuba_Balcony_01.prefab using Guid(8ab359974e5a5e34da4da3c9734e1e51) Importer(815301076,1909f56bfc062723c751e8b465ee728b)  -> (artifact id: 'd3e35c6d4dce2bbd9f42f5150fb25e46') in 0.035009 seconds 
========================================================================
Received Import Request.
  Time since last request: 0.000033 seconds.
  path: Assets/PolygonPirates/Prefabs/Buildings/SM_Bld_Fort_Door_03.prefab
  artifactKey: Guid(05a5ccf2524700d478ec12ced4d3ab30) Importer(815301076,1909f56bfc062723c751e8b465ee728b)
Start importing Assets/PolygonPirates/Prefabs/Buildings/SM_Bld_Fort_Door_03.prefab using Guid(05a5ccf2524700d478ec12ced4d3ab30) Importer(815301076,1909f56bfc062723c751e8b465ee728b)  -> (artifact id: '94575dcbafbf60e5f5f39233e1de3d75') in 0.037236 seconds 
========================================================================
Received Import Request.
  Time since last request: 0.000050 seconds.
  path: Assets/PolygonPirates/Prefabs/Buildings/SM_Bld_Fort_Tower_Room_01.prefab
  artifactKey: Guid(7cdf12889363f9d4a85110bbeabbff28) Importer(815301076,1909f56bfc062723c751e8b465ee728b)
Start importing Assets/PolygonPirates/Prefabs/Buildings/SM_Bld_Fort_Tower_Room_01.prefab using Guid(7cdf12889363f9d4a85110bbeabbff28) Importer(815301076,1909f56bfc062723c751e8b465ee728b)  -> (artifact id: '83241ca4b32bf4360a2ebc9df6c065f2') in 0.035952 seconds 
========================================================================
Received Import Request.
  Time since last request: 0.000070 seconds.
  path: Assets/PolygonPirates/Prefabs/Buildings/SM_Bld_Dock_03.prefab
  artifactKey: Guid(db3856c56878da24fbbae53a95fa40a7) Importer(815301076,1909f56bfc062723c751e8b465ee728b)
Start importing Assets/PolygonPirates/Prefabs/Buildings/SM_Bld_Dock_03.prefab using Guid(db3856c56878da24fbbae53a95fa40a7) Importer(815301076,1909f56bfc062723c751e8b465ee728b)  -> (artifact id: '450e705ee5b04e071224b4d451af5b2a') in 0.056531 seconds 
========================================================================
Received Import Request.
  Time since last request: 0.000038 seconds.
  path: Assets/PolygonPirates/Prefabs/Buildings/SM_Bld_Cuba_Room_07.prefab
  artifactKey: Guid(67957e792e6af294c9cc7cf442da56b1) Importer(815301076,1909f56bfc062723c751e8b465ee728b)
Start importing Assets/PolygonPirates/Prefabs/Buildings/SM_Bld_Cuba_Room_07.prefab using Guid(67957e792e6af294c9cc7cf442da56b1) Importer(815301076,1909f56bfc062723c751e8b465ee728b)  -> (artifact id: '19fc4b5da22292de018446825a41d3b3') in 0.083963 seconds 
========================================================================
Received Import Request.
  Time since last request: 0.000046 seconds.
  path: Assets/PolygonPirates/Prefabs/Buildings/SM_Bld_Mansion_Roof_Corner_01.prefab
  artifactKey: Guid(128dd699d075b5b429ec8e28d6f5b072) Importer(815301076,1909f56bfc062723c751e8b465ee728b)
Start importing Assets/PolygonPirates/Prefabs/Buildings/SM_Bld_Mansion_Roof_Corner_01.prefab using Guid(128dd699d075b5b429ec8e28d6f5b072) Importer(815301076,1909f56bfc062723c751e8b465ee728b)  -> (artifact id: 'f2b8c3e7231d087816875712340f14bb') in 0.094117 seconds 
========================================================================
Received Import Request.
  Time since last request: 0.000068 seconds.
  path: Assets/PolygonPirates/Prefabs/Buildings/SM_Bld_Cuba_VineWall_01.prefab
  artifactKey: Guid(c5a4cba2f629b1543aa4b39dd5c4a506) Importer(815301076,1909f56bfc062723c751e8b465ee728b)
Start importing Assets/PolygonPirates/Prefabs/Buildings/SM_Bld_Cuba_VineWall_01.prefab using Guid(c5a4cba2f629b1543aa4b39dd5c4a506) Importer(815301076,1909f56bfc062723c751e8b465ee728b)  -> (artifact id: '49ed246898ac91f4b6cee454ad11d279') in 0.072537 seconds 
========================================================================
Received Import Request.
  Time since last request: 0.000137 seconds.
  path: Assets/PolygonPirates/Prefabs/Buildings/SM_Bld_Fort_Stairs_01.prefab
  artifactKey: Guid(e046c93de4271d8479a58e3debc24458) Importer(815301076,1909f56bfc062723c751e8b465ee728b)
Start importing Assets/PolygonPirates/Prefabs/Buildings/SM_Bld_Fort_Stairs_01.prefab using Guid(e046c93de4271d8479a58e3debc24458) Importer(815301076,1909f56bfc062723c751e8b465ee728b)  -> (artifact id: '6c3bad72db8df5ba800013426a9ab6de') in 0.177478 seconds 
========================================================================
Received Import Request.
  Time since last request: 0.000094 seconds.
  path: Assets/PolygonPirates/Prefabs/Buildings/SM_Bld_Cuba_Roof_02.prefab
  artifactKey: Guid(c64710ec183cb53439b5bd642a6dfb1d) Importer(815301076,1909f56bfc062723c751e8b465ee728b)
Start importing Assets/PolygonPirates/Prefabs/Buildings/SM_Bld_Cuba_Roof_02.prefab using Guid(c64710ec183cb53439b5bd642a6dfb1d) Importer(815301076,1909f56bfc062723c751e8b465ee728b)  -> (artifact id: 'dece44c7fe9c305d0bfc8a3f37035a78') in 0.127000 seconds 
========================================================================
Received Import Request.
  Time since last request: 0.000095 seconds.
  path: Assets/PolygonPirates/Prefabs/Buildings/SM_Bld_Fort_Door_04.prefab
  artifactKey: Guid(6528c8eff0b7cca45a4e817ff27b3ad4) Importer(815301076,1909f56bfc062723c751e8b465ee728b)
Start importing Assets/PolygonPirates/Prefabs/Buildings/SM_Bld_Fort_Door_04.prefab using Guid(6528c8eff0b7cca45a4e817ff27b3ad4) Importer(815301076,1909f56bfc062723c751e8b465ee728b)  -> (artifact id: 'ecc36ef7119d0d1a06f63007e41f58c7') in 0.100572 seconds 
========================================================================
Received Import Request.
  Time since last request: 0.000070 seconds.
  path: Assets/PolygonPirates/Prefabs/Buildings/SM_Bld_Cuba_Balcony_Corner_01.prefab
  artifactKey: Guid(c0e827a068244684c93b8c9be3fe1dd7) Importer(815301076,1909f56bfc062723c751e8b465ee728b)
Start importing Assets/PolygonPirates/Prefabs/Buildings/SM_Bld_Cuba_Balcony_Corner_01.prefab using Guid(c0e827a068244684c93b8c9be3fe1dd7) Importer(815301076,1909f56bfc062723c751e8b465ee728b)  -> (artifact id: 'a778fc0862de3f648f447e81e85182f4') in 0.056825 seconds 
========================================================================
Received Import Request.
  Time since last request: 0.000591 seconds.
  path: Assets/PolygonPirates/Prefabs/Buildings/SM_Bld_Mansion_Corner_01.prefab
  artifactKey: Guid(89d5dac5ecfacbd449d71b28997a6481) Importer(815301076,1909f56bfc062723c751e8b465ee728b)
Start importing Assets/PolygonPirates/Prefabs/Buildings/SM_Bld_Mansion_Corner_01.prefab using Guid(89d5dac5ecfacbd449d71b28997a6481) Importer(815301076,1909f56bfc062723c751e8b465ee728b)  -> (artifact id: '200888545148eee09f6c5c719b1f3e92') in 0.071526 seconds 
========================================================================
Received Import Request.
  Time since last request: 0.000194 seconds.
  path: Assets/PolygonPirates/Prefabs/Buildings/SM_Bld_Fort_Tower_01.prefab
  artifactKey: Guid(a27a8cc8a2d58fc4fb0a1b4d56a7ac62) Importer(815301076,1909f56bfc062723c751e8b465ee728b)
Start importing Assets/PolygonPirates/Prefabs/Buildings/SM_Bld_Fort_Tower_01.prefab using Guid(a27a8cc8a2d58fc4fb0a1b4d56a7ac62) Importer(815301076,1909f56bfc062723c751e8b465ee728b)  -> (artifact id: '7b5f728ba75826c29222f0d41b9df01a') in 0.066065 seconds 
========================================================================
Received Import Request.
  Time since last request: 0.000072 seconds.
  path: Assets/PolygonPirates/Prefabs/Buildings/SM_Bld_Mansion_Roof_End_Flat_01.prefab
  artifactKey: Guid(142b97f874f0ab64c8a2499a2520666d) Importer(815301076,1909f56bfc062723c751e8b465ee728b)
Start importing Assets/PolygonPirates/Prefabs/Buildings/SM_Bld_Mansion_Roof_End_Flat_01.prefab using Guid(142b97f874f0ab64c8a2499a2520666d) Importer(815301076,1909f56bfc062723c751e8b465ee728b)  -> (artifact id: '74dcceb779d1d47364192d7dce367e02') in 0.063385 seconds 
========================================================================
Received Import Request.
  Time since last request: 0.000106 seconds.
  path: Assets/PolygonPirates/Prefabs/Buildings/SM_Bld_Cuba_Room_01.prefab
  artifactKey: Guid(fce2e904e99a08b429dcd8806ec22448) Importer(815301076,1909f56bfc062723c751e8b465ee728b)
Start importing Assets/PolygonPirates/Prefabs/Buildings/SM_Bld_Cuba_Room_01.prefab using Guid(fce2e904e99a08b429dcd8806ec22448) Importer(815301076,1909f56bfc062723c751e8b465ee728b)  -> (artifact id: '283d72ef6afc9900b711d3202a6a399e') in 0.040444 seconds 
========================================================================
Received Import Request.
  Time since last request: 0.000120 seconds.
  path: Assets/PolygonPirates/Prefabs/Buildings/SM_Bld_Fort_Base_Circle_01.prefab
  artifactKey: Guid(e8cf581202dcceb479b669f9f973d29b) Importer(815301076,1909f56bfc062723c751e8b465ee728b)
Start importing Assets/PolygonPirates/Prefabs/Buildings/SM_Bld_Fort_Base_Circle_01.prefab using Guid(e8cf581202dcceb479b669f9f973d29b) Importer(815301076,1909f56bfc062723c751e8b465ee728b)  -> (artifact id: 'ab82790dd49000718f09bd3a3c76ad76') in 0.037319 seconds 
========================================================================
Received Import Request.
  Time since last request: 0.000070 seconds.
  path: Assets/PolygonPirates/Prefabs/Buildings/SM_Bld_Cuba_Room_05.prefab
  artifactKey: Guid(8412e3084585e764e9878608854b182d) Importer(815301076,1909f56bfc062723c751e8b465ee728b)
Start importing Assets/PolygonPirates/Prefabs/Buildings/SM_Bld_Cuba_Room_05.prefab using Guid(8412e3084585e764e9878608854b182d) Importer(815301076,1909f56bfc062723c751e8b465ee728b)  -> (artifact id: '1b447968e7aa91f8ff920a836c73906c') in 0.043003 seconds 
========================================================================
Received Import Request.
  Time since last request: 0.000029 seconds.
  path: Assets/PolygonPirates/Prefabs/Buildings/SM_Bld_Cuba_Balcony_02.prefab
  artifactKey: Guid(f6a216ae219f8f344b44224758f4b9d6) Importer(815301076,1909f56bfc062723c751e8b465ee728b)
Start importing Assets/PolygonPirates/Prefabs/Buildings/SM_Bld_Cuba_Balcony_02.prefab using Guid(f6a216ae219f8f344b44224758f4b9d6) Importer(815301076,1909f56bfc062723c751e8b465ee728b)  -> (artifact id: 'f8b189658b90dbaf56f28d7e7125e31f') in 0.031011 seconds 
========================================================================
Received Import Request.
  Time since last request: 0.000053 seconds.
  path: Assets/PolygonPirates/Prefabs/Buildings/SM_Bld_Cuba_Room_Long_03.prefab
  artifactKey: Guid(221583981c85951478a5a80ca08b9a6d) Importer(815301076,1909f56bfc062723c751e8b465ee728b)
Start importing Assets/PolygonPirates/Prefabs/Buildings/SM_Bld_Cuba_Room_Long_03.prefab using Guid(221583981c85951478a5a80ca08b9a6d) Importer(815301076,1909f56bfc062723c751e8b465ee728b)  -> (artifact id: '0932faf75e0a17b0c6fe98897a9e30f3') in 0.036459 seconds 
Editor requested this worker to shutdown with reason: Scaling down because of idle timeout
AssetImportWorker is now disconnected from the server
Process exiting
Exiting without the bug reporter. Application will terminate with return code 0