Using pre-set license
Built from '2021.3/staging' branch; Version is '2021.3.25f1 (68ef2c4f8861) revision 6876972'; Using compiler version '192829333'; Build Type 'Release'
OS: 'Windows 10  (10.0.19045) 64bit CoreSingleLanguage' Language: 'en' Physical Memory: 15774 MB
BatchMode: 1, IsHumanControllingUs: 0, StartBugReporterOnCrash: 0, Is64bit: 1, IsPro: 1

COMMAND LINE ARGUMENTS:
C:\Program Files\Unity\Hub\Editor\2021.3.25f1\Editor\Unity.exe
-adb2
-batchMode
-noUpm
-name
AssetImportWorker5
-projectPath
C:/Users/CHATHUMINA/Music/IM/GT/Lab 2 ecape room game/New folder/Escape Island
-logFile
Logs/AssetImportWorker5.log
-srvPort
52191
Successfully changed project path to: C:/Users/CHATHUMINA/Music/IM/GT/Lab 2 ecape room game/New folder/Escape Island
C:/Users/CHATHUMINA/Music/IM/GT/Lab 2 ecape room game/New folder/Escape Island
[UnityMemory] Configuration Parameters - Can be set up in boot.config
    "memorysetup-bucket-allocator-granularity=16"
    "memorysetup-bucket-allocator-bucket-count=8"
    "memorysetup-bucket-allocator-block-size=33554432"
    "memorysetup-bucket-allocator-block-count=8"
    "memorysetup-main-allocator-block-size=16777216"
    "memorysetup-thread-allocator-block-size=16777216"
    "memorysetup-gfx-main-allocator-block-size=16777216"
    "memorysetup-gfx-thread-allocator-block-size=16777216"
    "memorysetup-cache-allocator-block-size=4194304"
    "memorysetup-typetree-allocator-block-size=2097152"
    "memorysetup-profiler-bucket-allocator-granularity=16"
    "memorysetup-profiler-bucket-allocator-bucket-count=8"
    "memorysetup-profiler-bucket-allocator-block-size=33554432"
    "memorysetup-profiler-bucket-allocator-block-count=8"
    "memorysetup-profiler-allocator-block-size=16777216"
    "memorysetup-profiler-editor-allocator-block-size=1048576"
    "memorysetup-temp-allocator-size-main=16777216"
    "memorysetup-job-temp-allocator-block-size=2097152"
    "memorysetup-job-temp-allocator-block-size-background=1048576"
    "memorysetup-job-temp-allocator-reduction-small-platforms=262144"
    "memorysetup-temp-allocator-size-background-worker=32768"
    "memorysetup-temp-allocator-size-job-worker=262144"
    "memorysetup-temp-allocator-size-preload-manager=33554432"
    "memorysetup-temp-allocator-size-nav-mesh-worker=65536"
    "memorysetup-temp-allocator-size-audio-worker=65536"
    "memorysetup-temp-allocator-size-cloud-worker=32768"
    "memorysetup-temp-allocator-size-gi-baking-worker=262144"
    "memorysetup-temp-allocator-size-gfx=262144"
Player connection [5956] Host "[IP] 192.168.1.6 [Port] 0 [Flags] 2 [Guid] 1992934595 [EditorId] 1992934595 [Version] 1048832 [Id] WindowsEditor(7,ROG-G15) [Debug] 1 [PackageName] WindowsEditor [ProjectName] Editor" joined multi-casting on [225.0.0.222:54997]...

Player connection [5956] Host "[IP] 192.168.1.6 [Port] 0 [Flags] 2 [Guid] 1992934595 [EditorId] 1992934595 [Version] 1048832 [Id] WindowsEditor(7,ROG-G15) [Debug] 1 [PackageName] WindowsEditor [ProjectName] Editor" joined alternative multi-casting on [225.0.0.222:34997]...

Refreshing native plugins compatible for Editor in 85.40 ms, found 3 plugins.
Preloading 0 native plugins for Editor in 0.00 ms.
Initialize engine version: 2021.3.25f1 (68ef2c4f8861)
[Subsystems] Discovering subsystems at path C:/Program Files/Unity/Hub/Editor/2021.3.25f1/Editor/Data/Resources/UnitySubsystems
[Subsystems] Discovering subsystems at path C:/Users/CHATHUMINA/Music/IM/GT/Lab 2 ecape room game/New folder/Escape Island/Assets
GfxDevice: creating device client; threaded=0; jobified=0
Direct3D:
    Version:  Direct3D 11.0 [level 11.1]
    Renderer: NVIDIA GeForce RTX 3050 Ti Laptop GPU (ID=0x25a0)
    Vendor:   NVIDIA
    VRAM:     3962 MB
    Driver:   32.0.15.5612
Initialize mono
Mono path[0] = 'C:/Program Files/Unity/Hub/Editor/2021.3.25f1/Editor/Data/Managed'
Mono path[1] = 'C:/Program Files/Unity/Hub/Editor/2021.3.25f1/Editor/Data/MonoBleedingEdge/lib/mono/unityjit-win32'
Mono config path = 'C:/Program Files/Unity/Hub/Editor/2021.3.25f1/Editor/Data/MonoBleedingEdge/etc'
Using monoOptions --debugger-agent=transport=dt_socket,embedding=1,server=y,suspend=n,address=127.0.0.1:56660
Begin MonoManager ReloadAssembly
Registering precompiled unity dll's ...
Register platform support module: C:/Program Files/Unity/Hub/Editor/2021.3.25f1/Editor/Data/PlaybackEngines/WebGLSupport/UnityEditor.WebGL.Extensions.dll
Register platform support module: C:/Program Files/Unity/Hub/Editor/2021.3.25f1/Editor/Data/PlaybackEngines/WindowsStandaloneSupport/UnityEditor.WindowsStandalone.Extensions.dll
Registered in 0.015023 seconds.
Native extension for WindowsStandalone target not found
Native extension for WebGL target not found
Refreshing native plugins compatible for Editor in 85.70 ms, found 3 plugins.
Preloading 0 native plugins for Editor in 0.00 ms.
Mono: successfully reloaded assembly
- Completed reload, in  0.675 seconds
Domain Reload Profiling:
	ReloadAssembly (675ms)
		BeginReloadAssembly (106ms)
			ExecutionOrderSort (0ms)
			DisableScriptedObjects (0ms)
			BackupInstance (0ms)
			ReleaseScriptingObjects (0ms)
			CreateAndSetChildDomain (1ms)
		EndReloadAssembly (454ms)
			LoadAssemblies (102ms)
			RebuildTransferFunctionScriptingTraits (0ms)
			SetupTypeCache (107ms)
			ReleaseScriptCaches (0ms)
			RebuildScriptCaches (29ms)
			SetupLoadedEditorAssemblies (263ms)
				LogAssemblyErrors (0ms)
				InitializePlatformSupportModulesInManaged (11ms)
				SetLoadedEditorAssemblies (0ms)
				RefreshPlugins (86ms)
				BeforeProcessingInitializeOnLoad (1ms)
				ProcessInitializeOnLoadAttributes (120ms)
				ProcessInitializeOnLoadMethodAttributes (44ms)
				AfterProcessingInitializeOnLoad (0ms)
				EditorAssembliesLoaded (0ms)
			ExecutionOrderSort2 (0ms)
			AwakeInstancesAfterBackupRestoration (0ms)
Platform modules already initialized, skipping
Registering precompiled user dll's ...
Registered in 0.010420 seconds.
Begin MonoManager ReloadAssembly
Symbol file LoadedFromMemory doesn't match image C:\Users\CHATHUMINA\Music\IM\GT\Lab 2 ecape room game\New folder\Escape Island\Library\PackageCache\com.unity.visualscripting@1.8.0\Editor\VisualScripting.Core\Dependencies\YamlDotNet\Unity.VisualScripting.YamlDotNet.dll
Symbol file LoadedFromMemory doesn't match image C:\Users\CHATHUMINA\Music\IM\GT\Lab 2 ecape room game\New folder\Escape Island\Library\PackageCache\com.unity.visualscripting@1.8.0\Editor\VisualScripting.Core\Dependencies\DotNetZip\Unity.VisualScripting.IonicZip.dll
Native extension for WindowsStandalone target not found
Native extension for WebGL target not found
Refreshing native plugins compatible for Editor in 0.77 ms, found 3 plugins.
Preloading 0 native plugins for Editor in 0.00 ms.
Mono: successfully reloaded assembly
- Completed reload, in  1.049 seconds
Domain Reload Profiling:
	ReloadAssembly (1051ms)
		BeginReloadAssembly (138ms)
			ExecutionOrderSort (0ms)
			DisableScriptedObjects (5ms)
			BackupInstance (0ms)
			ReleaseScriptingObjects (0ms)
			CreateAndSetChildDomain (28ms)
		EndReloadAssembly (786ms)
			LoadAssemblies (105ms)
			RebuildTransferFunctionScriptingTraits (0ms)
			SetupTypeCache (263ms)
			ReleaseScriptCaches (1ms)
			RebuildScriptCaches (49ms)
			SetupLoadedEditorAssemblies (340ms)
				LogAssemblyErrors (0ms)
				InitializePlatformSupportModulesInManaged (9ms)
				SetLoadedEditorAssemblies (0ms)
				RefreshPlugins (1ms)
				BeforeProcessingInitializeOnLoad (87ms)
				ProcessInitializeOnLoadAttributes (211ms)
				ProcessInitializeOnLoadMethodAttributes (16ms)
				AfterProcessingInitializeOnLoad (15ms)
				EditorAssembliesLoaded (0ms)
			ExecutionOrderSort2 (0ms)
			AwakeInstancesAfterBackupRestoration (6ms)
Platform modules already initialized, skipping
========================================================================
Worker process is ready to serve import requests
Launched and connected shader compiler UnityShaderCompiler.exe after 0.06 seconds
Refreshing native plugins compatible for Editor in 2.36 ms, found 3 plugins.
Preloading 0 native plugins for Editor in 0.00 ms.
Unloading 3066 Unused Serialized files (Serialized files now loaded: 0)
Unloading 22 unused Assets / (57.9 KB). Loaded Objects now: 3553.
Memory consumption went from 205.7 MB to 205.7 MB.
Total: 10.504400 ms (FindLiveObjects: 0.919500 ms CreateObjectMapping: 0.604400 ms MarkObjects: 8.704200 ms  DeleteObjects: 0.274400 ms)

AssetImportParameters requested are different than current active one (requested -> active):
  custom:video-decoder-ogg-theora: a1e56fd34408186e4bbccfd4996cb3dc -> 
  custom:container-muxer-webm: aa71ff27fc2769a1b78a27578f13a17b -> 
  custom:container-demuxer-webm: 4f35f7cbe854078d1ac9338744f61a02 -> 
  custom:video-encoder-webm-vp8: eb34c28f22e8b96e1ab97ce403110664 -> 
  custom:video-codec-MediaFoundation-h265: 746d11721c4dcdbdad8f713fa42b33f4 -> 
  custom:audio-encoder-webm-vorbis: bf7c407c2cedff20999df2af8eb42d56 -> 
  custom:framework-win-MediaFoundation: 216162199b28c13a410421893ffa2e32 -> 
  custom:container-demuxer-ogg: 62fdf1f143b41e24485cea50d1cbac27 -> 
  custom:video-decoder-webm-vp8: 9c59270c3fd7afecdb556c50c9e8de78 -> 
  custom:audio-decoder-ogg-vorbis: bf7c407c2cedff20999df2af8eb42d56 -> 
========================================================================
Received Import Request.
  Time since last request: 3928.585490 seconds.
  path: Assets/PolygonPirates/Prefabs/Environments/SM_Env_Background_Island_03.prefab
  artifactKey: Guid(bb62663e50547134f979e4d05974ee17) Importer(815301076,1909f56bfc062723c751e8b465ee728b)
Start importing Assets/PolygonPirates/Prefabs/Environments/SM_Env_Background_Island_03.prefab using Guid(bb62663e50547134f979e4d05974ee17) Importer(815301076,1909f56bfc062723c751e8b465ee728b)  -> (artifact id: '3a0a1253ec23c2a096d3a14937eb7d09') in 0.185359 seconds 
========================================================================
Received Import Request.
  Time since last request: 0.000065 seconds.
  path: Assets/PolygonPirates/Prefabs/Environments/SM_Env_Bush_02.prefab
  artifactKey: Guid(4db48eea64d7e7e45a3cb199ee70e23f) Importer(815301076,1909f56bfc062723c751e8b465ee728b)
Start importing Assets/PolygonPirates/Prefabs/Environments/SM_Env_Bush_02.prefab using Guid(4db48eea64d7e7e45a3cb199ee70e23f) Importer(815301076,1909f56bfc062723c751e8b465ee728b)  -> (artifact id: '6e281a452a354e10eb6ee8b12353cdc0') in 0.036103 seconds 
========================================================================
Received Import Request.
  Time since last request: 0.000082 seconds.
  path: Assets/PolygonPirates/Prefabs/Environments/SM_Env_Rock_Large_08.prefab
  artifactKey: Guid(d9990814fad01bc40982daa055540d5a) Importer(815301076,1909f56bfc062723c751e8b465ee728b)
Start importing Assets/PolygonPirates/Prefabs/Environments/SM_Env_Rock_Large_08.prefab using Guid(d9990814fad01bc40982daa055540d5a) Importer(815301076,1909f56bfc062723c751e8b465ee728b)  -> (artifact id: 'a1d958d2a287d5ed0bd78054befdb283') in 0.031993 seconds 
========================================================================
Received Import Request.
  Time since last request: 0.000046 seconds.
  path: Assets/PolygonPirates/Prefabs/Environments/SM_Env_Beach_02.prefab
  artifactKey: Guid(aa20fb1f8fc0c534b9ece3c761be15f1) Importer(815301076,1909f56bfc062723c751e8b465ee728b)
Start importing Assets/PolygonPirates/Prefabs/Environments/SM_Env_Beach_02.prefab using Guid(aa20fb1f8fc0c534b9ece3c761be15f1) Importer(815301076,1909f56bfc062723c751e8b465ee728b)  -> (artifact id: '7c2e9de45b40d75ecfc5ab1b4e3b4123') in 0.025554 seconds 
========================================================================
Received Import Request.
  Time since last request: 0.000038 seconds.
  path: Assets/PolygonPirates/Prefabs/Environments/SM_Env_Background_Island_06.prefab
  artifactKey: Guid(6a505f9867a94894793904a57f68d24e) Importer(815301076,1909f56bfc062723c751e8b465ee728b)
Start importing Assets/PolygonPirates/Prefabs/Environments/SM_Env_Background_Island_06.prefab using Guid(6a505f9867a94894793904a57f68d24e) Importer(815301076,1909f56bfc062723c751e8b465ee728b)  -> (artifact id: 'e8418923bf4ea77d3b55b3a22d8ec923') in 0.033146 seconds 
========================================================================
Received Import Request.
  Time since last request: 0.000056 seconds.
  path: Assets/PolygonPirates/Prefabs/Environments/SM_Env_Rock_Large_04.prefab
  artifactKey: Guid(178878bcf5455764d89195155eee7e66) Importer(815301076,1909f56bfc062723c751e8b465ee728b)
Start importing Assets/PolygonPirates/Prefabs/Environments/SM_Env_Rock_Large_04.prefab using Guid(178878bcf5455764d89195155eee7e66) Importer(815301076,1909f56bfc062723c751e8b465ee728b)  -> (artifact id: '372f3d9d4d35d29226bcacc07050560b') in 0.025421 seconds 
========================================================================
Received Import Request.
  Time since last request: 0.000069 seconds.
  path: Assets/PolygonPirates/Prefabs/Environments/SM_Env_Beach_Piles_01.prefab
  artifactKey: Guid(37d922e251b1fdb45b60981f1e4b16e3) Importer(815301076,1909f56bfc062723c751e8b465ee728b)
Start importing Assets/PolygonPirates/Prefabs/Environments/SM_Env_Beach_Piles_01.prefab using Guid(37d922e251b1fdb45b60981f1e4b16e3) Importer(815301076,1909f56bfc062723c751e8b465ee728b)  -> (artifact id: '7d4197646b5db6c9c56003f2c6fd2d85') in 0.026886 seconds 
========================================================================
Received Import Request.
  Time since last request: 0.000053 seconds.
  path: Assets/PolygonPirates/Prefabs/Environments/SM_Env_Rock_Large_010.prefab
  artifactKey: Guid(6872f29794017c04cb0ae1e89e6828a5) Importer(815301076,1909f56bfc062723c751e8b465ee728b)
Start importing Assets/PolygonPirates/Prefabs/Environments/SM_Env_Rock_Large_010.prefab using Guid(6872f29794017c04cb0ae1e89e6828a5) Importer(815301076,1909f56bfc062723c751e8b465ee728b)  -> (artifact id: '2f6155270336d9dbc99dc689ed9711ae') in 0.028885 seconds 
========================================================================
Received Import Request.
  Time since last request: 0.000034 seconds.
  path: Assets/PolygonPirates/Prefabs/Environments/SM_Env_Flowers_02.prefab
  artifactKey: Guid(289536fb3806f9447a117b250647974d) Importer(815301076,1909f56bfc062723c751e8b465ee728b)
Start importing Assets/PolygonPirates/Prefabs/Environments/SM_Env_Flowers_02.prefab using Guid(289536fb3806f9447a117b250647974d) Importer(815301076,1909f56bfc062723c751e8b465ee728b)  -> (artifact id: '2b5b78be4c473d8d8f69729feb227e9f') in 0.028437 seconds 
========================================================================
Received Import Request.
  Time since last request: 0.000052 seconds.
  path: Assets/PolygonPirates/Prefabs/Environments/SM_Env_Cloud_01.prefab
  artifactKey: Guid(b8b36e4f2ff31af4183050ce0e686696) Importer(815301076,1909f56bfc062723c751e8b465ee728b)
Start importing Assets/PolygonPirates/Prefabs/Environments/SM_Env_Cloud_01.prefab using Guid(b8b36e4f2ff31af4183050ce0e686696) Importer(815301076,1909f56bfc062723c751e8b465ee728b)  -> (artifact id: 'cf0a3b3f9066971648b7ccf0997f4485') in 0.027292 seconds 
========================================================================
Received Import Request.
  Time since last request: 0.000049 seconds.
  path: Assets/PolygonPirates/Prefabs/Environments/SM_Env_GrassPatch_01.prefab
  artifactKey: Guid(573aff33fc7399f4495992dfcd86f602) Importer(815301076,1909f56bfc062723c751e8b465ee728b)
Start importing Assets/PolygonPirates/Prefabs/Environments/SM_Env_GrassPatch_01.prefab using Guid(573aff33fc7399f4495992dfcd86f602) Importer(815301076,1909f56bfc062723c751e8b465ee728b)  -> (artifact id: '28afa344e400a17d4e86ff69a40e4392') in 0.028556 seconds 
========================================================================
Received Import Request.
  Time since last request: 0.000040 seconds.
  path: Assets/PolygonPirates/Prefabs/Environments/SM_Env_PalmTree_Tall_02.prefab
  artifactKey: Guid(8176d927b34bcb748b33cf131c6f0600) Importer(815301076,1909f56bfc062723c751e8b465ee728b)
Start importing Assets/PolygonPirates/Prefabs/Environments/SM_Env_PalmTree_Tall_02.prefab using Guid(8176d927b34bcb748b33cf131c6f0600) Importer(815301076,1909f56bfc062723c751e8b465ee728b)  -> (artifact id: 'd4af7d827aa591ed1f6d7613f9ebd3ce') in 0.034625 seconds 
========================================================================
Received Import Request.
  Time since last request: 0.000066 seconds.
  path: Assets/PolygonPirates/Prefabs/Environments/SM_Env_Rock_Skull_01.prefab
  artifactKey: Guid(f7a9904488fffb8458355a1532858d62) Importer(815301076,1909f56bfc062723c751e8b465ee728b)
Start importing Assets/PolygonPirates/Prefabs/Environments/SM_Env_Rock_Skull_01.prefab using Guid(f7a9904488fffb8458355a1532858d62) Importer(815301076,1909f56bfc062723c751e8b465ee728b)  -> (artifact id: '52f3850f2dce50e6c39c8e44581ed041') in 0.043385 seconds 
========================================================================
Received Import Request.
  Time since last request: 0.000034 seconds.
  path: Assets/PolygonPirates/Prefabs/Environments/SM_Env_Cloud_02.prefab
  artifactKey: Guid(51bb7a40181ecd7458c3c5718fca2b88) Importer(815301076,1909f56bfc062723c751e8b465ee728b)
Start importing Assets/PolygonPirates/Prefabs/Environments/SM_Env_Cloud_02.prefab using Guid(51bb7a40181ecd7458c3c5718fca2b88) Importer(815301076,1909f56bfc062723c751e8b465ee728b)  -> (artifact id: '9b89528d2ecf3e33bdcf2c1d527653a4') in 0.034396 seconds 
========================================================================
Received Import Request.
  Time since last request: 0.000029 seconds.
  path: Assets/PolygonPirates/Prefabs/Environments/SM_Env_Flowers_01.prefab
  artifactKey: Guid(95d7c0f5fade0344aad483314886f0fe) Importer(815301076,1909f56bfc062723c751e8b465ee728b)
Start importing Assets/PolygonPirates/Prefabs/Environments/SM_Env_Flowers_01.prefab using Guid(95d7c0f5fade0344aad483314886f0fe) Importer(815301076,1909f56bfc062723c751e8b465ee728b)  -> (artifact id: '2cce75d9a6c6c02d9c40fa67f88d24c6') in 0.037997 seconds 
========================================================================
Received Import Request.
  Time since last request: 0.000067 seconds.
  path: Assets/PolygonPirates/Prefabs/Environments/SM_Env_PalmTree_01.prefab
  artifactKey: Guid(56d42b6a8fcff5341b37bd8899d53b10) Importer(815301076,1909f56bfc062723c751e8b465ee728b)
Start importing Assets/PolygonPirates/Prefabs/Environments/SM_Env_PalmTree_01.prefab using Guid(56d42b6a8fcff5341b37bd8899d53b10) Importer(815301076,1909f56bfc062723c751e8b465ee728b)  -> (artifact id: '78a9aaea3dfa7cce3a705d5eef0371c7') in 0.025863 seconds 
========================================================================
Received Import Request.
  Time since last request: 0.000054 seconds.
  path: Assets/PolygonPirates/Prefabs/Environments/SM_Env_Plants_03.prefab
  artifactKey: Guid(0cdb8d2fcfcf2004aa9773ffdeed3721) Importer(815301076,1909f56bfc062723c751e8b465ee728b)
Start importing Assets/PolygonPirates/Prefabs/Environments/SM_Env_Plants_03.prefab using Guid(0cdb8d2fcfcf2004aa9773ffdeed3721) Importer(815301076,1909f56bfc062723c751e8b465ee728b)  -> (artifact id: 'e22504e939d251ce6c1c83387de08168') in 0.028941 seconds 
========================================================================
Received Import Request.
  Time since last request: 0.000033 seconds.
  path: Assets/PolygonPirates/Prefabs/Environments/SM_Env_Flat_Sand_01.prefab
  artifactKey: Guid(b021ca9ebdf78b3428c32c2aab1ed578) Importer(815301076,1909f56bfc062723c751e8b465ee728b)
Start importing Assets/PolygonPirates/Prefabs/Environments/SM_Env_Flat_Sand_01.prefab using Guid(b021ca9ebdf78b3428c32c2aab1ed578) Importer(815301076,1909f56bfc062723c751e8b465ee728b)  -> (artifact id: 'a36f3d36fb1c67d6ec4d51acca3b1fcf') in 0.028297 seconds 
========================================================================
Received Import Request.
  Time since last request: 4.808454 seconds.
  path: Assets/PolygonPirates/Prefabs/Vehicles/SM_Flag_Pirate_03.prefab
  artifactKey: Guid(18684b1d1c03a6f43bf9bd10257fc7f8) Importer(815301076,1909f56bfc062723c751e8b465ee728b)
Start importing Assets/PolygonPirates/Prefabs/Vehicles/SM_Flag_Pirate_03.prefab using Guid(18684b1d1c03a6f43bf9bd10257fc7f8) Importer(815301076,1909f56bfc062723c751e8b465ee728b)  -> (artifact id: 'a98344baeb3912c8960b9d0b23d62372') in 0.023359 seconds 
========================================================================
Received Import Request.
  Time since last request: 0.000037 seconds.
  path: Assets/PolygonPirates/Prefabs/Vehicles/SM_Veh_Veh_Boat_Large_01_Hull_Pirate_Attachments.prefab
  artifactKey: Guid(e7ce8fa5a49d9f9429ad31f4144cb19e) Importer(815301076,1909f56bfc062723c751e8b465ee728b)
Start importing Assets/PolygonPirates/Prefabs/Vehicles/SM_Veh_Veh_Boat_Large_01_Hull_Pirate_Attachments.prefab using Guid(e7ce8fa5a49d9f9429ad31f4144cb19e) Importer(815301076,1909f56bfc062723c751e8b465ee728b)  -> (artifact id: 'fc33ac5d0213e0cc12e00892d25dfa58') in 0.065970 seconds 
========================================================================
Received Import Request.
  Time since last request: 0.000161 seconds.
  path: Assets/PolygonPirates/Prefabs/Vehicles/SM_Veh_Veh_Boat_Large_01_Hull.prefab
  artifactKey: Guid(a57d219dfbf573148919563ede30982f) Importer(815301076,1909f56bfc062723c751e8b465ee728b)
Start importing Assets/PolygonPirates/Prefabs/Vehicles/SM_Veh_Veh_Boat_Large_01_Hull.prefab using Guid(a57d219dfbf573148919563ede30982f) Importer(815301076,1909f56bfc062723c751e8b465ee728b)  -> (artifact id: 'e18fe695713a0c33ad9864504b4125ba') in 0.041786 seconds 
========================================================================
Received Import Request.
  Time since last request: 0.000067 seconds.
  path: Assets/PolygonPirates/Prefabs/Vehicles/SM_Veh_Boat_Warship_01_Hull_Pirate_Attachments.prefab
  artifactKey: Guid(546543ec887821441bb4deff0e363c1e) Importer(815301076,1909f56bfc062723c751e8b465ee728b)
Start importing Assets/PolygonPirates/Prefabs/Vehicles/SM_Veh_Boat_Warship_01_Hull_Pirate_Attachments.prefab using Guid(546543ec887821441bb4deff0e363c1e) Importer(815301076,1909f56bfc062723c751e8b465ee728b)  -> (artifact id: '757d8bf011b76351f7a2ae336b191a75') in 0.067292 seconds 
========================================================================
Received Import Request.
  Time since last request: 0.000034 seconds.
  path: Assets/PolygonPirates/Prefabs/Vehicles/SM_Veh_Boat_Rowing_01_Hull_Attachments.prefab
  artifactKey: Guid(e3e9d09d9323c334dac1a53a409fa1f4) Importer(815301076,1909f56bfc062723c751e8b465ee728b)
Start importing Assets/PolygonPirates/Prefabs/Vehicles/SM_Veh_Boat_Rowing_01_Hull_Attachments.prefab using Guid(e3e9d09d9323c334dac1a53a409fa1f4) Importer(815301076,1909f56bfc062723c751e8b465ee728b)  -> (artifact id: '0760c36b942ceaa7120fd691e74caf7c') in 0.028109 seconds 
========================================================================
Received Import Request.
  Time since last request: 0.000037 seconds.
  path: Assets/PolygonPirates/Prefabs/Vehicles/SM_Veh_Boat_Warship_01_Hull_Pirate_Bare.prefab
  artifactKey: Guid(831807539d583624fbfff3c147b19906) Importer(815301076,1909f56bfc062723c751e8b465ee728b)
Start importing Assets/PolygonPirates/Prefabs/Vehicles/SM_Veh_Boat_Warship_01_Hull_Pirate_Bare.prefab using Guid(831807539d583624fbfff3c147b19906) Importer(815301076,1909f56bfc062723c751e8b465ee728b)  -> (artifact id: 'ef7c75e003b1db0e4a592e324ff7dad5') in 0.032976 seconds 
========================================================================
Received Import Request.
  Time since last request: 0.000059 seconds.
  path: Assets/PolygonPirates/Prefabs/Vehicles/SM_Veh_Boat_Small_01_Hull_Pirate.prefab
  artifactKey: Guid(3b88eec1c970d094294a2bb50eab311d) Importer(815301076,1909f56bfc062723c751e8b465ee728b)
Start importing Assets/PolygonPirates/Prefabs/Vehicles/SM_Veh_Boat_Small_01_Hull_Pirate.prefab using Guid(3b88eec1c970d094294a2bb50eab311d) Importer(815301076,1909f56bfc062723c751e8b465ee728b)  -> (artifact id: 'd0c79328de374f2a43ad34161ff16998') in 0.031262 seconds 
========================================================================
Received Import Request.
  Time since last request: 0.000055 seconds.
  path: Assets/PolygonPirates/Prefabs/Vehicles/SM_Veh_Boat_Warship_01_Hull_Upsized.prefab
  artifactKey: Guid(aa8432d52325aa74685b2677529486b6) Importer(815301076,1909f56bfc062723c751e8b465ee728b)
Start importing Assets/PolygonPirates/Prefabs/Vehicles/SM_Veh_Boat_Warship_01_Hull_Upsized.prefab using Guid(aa8432d52325aa74685b2677529486b6) Importer(815301076,1909f56bfc062723c751e8b465ee728b)  -> (artifact id: '4f6e3f75cfa33f93317ec1674b3c8d20') in 0.049714 seconds 
Editor requested this worker to shutdown with reason: Scaling down because of idle timeout
AssetImportWorker is now disconnected from the server
Process exiting
Exiting without the bug reporter. Application will terminate with return code 0