Using pre-set license
Built from '2021.3/staging' branch; Version is '2021.3.25f1 (68ef2c4f8861) revision 6876972'; Using compiler version '192829333'; Build Type 'Release'
OS: 'Windows 10  (10.0.19045) 64bit CoreSingleLanguage' Language: 'en' Physical Memory: 15774 MB
BatchMode: 1, IsHumanControllingUs: 0, StartBugReporterOnCrash: 0, Is64bit: 1, IsPro: 1

COMMAND LINE ARGUMENTS:
C:\Program Files\Unity\Hub\Editor\2021.3.25f1\Editor\Unity.exe
-adb2
-batchMode
-noUpm
-name
AssetImportWorker8
-projectPath
C:/Users/CHATHUMINA/Music/IM/GT/Lab 2 ecape room game/New folder/Escape Island
-logFile
Logs/AssetImportWorker8.log
-srvPort
52191
Successfully changed project path to: C:/Users/CHATHUMINA/Music/IM/GT/Lab 2 ecape room game/New folder/Escape Island
C:/Users/CHATHUMINA/Music/IM/GT/Lab 2 ecape room game/New folder/Escape Island
[UnityMemory] Configuration Parameters - Can be set up in boot.config
    "memorysetup-bucket-allocator-granularity=16"
    "memorysetup-bucket-allocator-bucket-count=8"
    "memorysetup-bucket-allocator-block-size=33554432"
    "memorysetup-bucket-allocator-block-count=8"
    "memorysetup-main-allocator-block-size=16777216"
    "memorysetup-thread-allocator-block-size=16777216"
    "memorysetup-gfx-main-allocator-block-size=16777216"
    "memorysetup-gfx-thread-allocator-block-size=16777216"
    "memorysetup-cache-allocator-block-size=4194304"
    "memorysetup-typetree-allocator-block-size=2097152"
    "memorysetup-profiler-bucket-allocator-granularity=16"
    "memorysetup-profiler-bucket-allocator-bucket-count=8"
    "memorysetup-profiler-bucket-allocator-block-size=33554432"
    "memorysetup-profiler-bucket-allocator-block-count=8"
    "memorysetup-profiler-allocator-block-size=16777216"
    "memorysetup-profiler-editor-allocator-block-size=1048576"
    "memorysetup-temp-allocator-size-main=16777216"
    "memorysetup-job-temp-allocator-block-size=2097152"
    "memorysetup-job-temp-allocator-block-size-background=1048576"
    "memorysetup-job-temp-allocator-reduction-small-platforms=262144"
    "memorysetup-temp-allocator-size-background-worker=32768"
    "memorysetup-temp-allocator-size-job-worker=262144"
    "memorysetup-temp-allocator-size-preload-manager=33554432"
    "memorysetup-temp-allocator-size-nav-mesh-worker=65536"
    "memorysetup-temp-allocator-size-audio-worker=65536"
    "memorysetup-temp-allocator-size-cloud-worker=32768"
    "memorysetup-temp-allocator-size-gi-baking-worker=262144"
    "memorysetup-temp-allocator-size-gfx=262144"
Player connection [28540] Host "[IP] 192.168.1.6 [Port] 0 [Flags] 2 [Guid] 740355511 [EditorId] 740355511 [Version] 1048832 [Id] WindowsEditor(7,ROG-G15) [Debug] 1 [PackageName] WindowsEditor [ProjectName] Editor" joined multi-casting on [225.0.0.222:54997]...

Player connection [28540] Host "[IP] 192.168.1.6 [Port] 0 [Flags] 2 [Guid] 740355511 [EditorId] 740355511 [Version] 1048832 [Id] WindowsEditor(7,ROG-G15) [Debug] 1 [PackageName] WindowsEditor [ProjectName] Editor" joined alternative multi-casting on [225.0.0.222:34997]...

Refreshing native plugins compatible for Editor in 120.24 ms, found 3 plugins.
Preloading 0 native plugins for Editor in 0.00 ms.
Initialize engine version: 2021.3.25f1 (68ef2c4f8861)
[Subsystems] Discovering subsystems at path C:/Program Files/Unity/Hub/Editor/2021.3.25f1/Editor/Data/Resources/UnitySubsystems
[Subsystems] Discovering subsystems at path C:/Users/CHATHUMINA/Music/IM/GT/Lab 2 ecape room game/New folder/Escape Island/Assets
GfxDevice: creating device client; threaded=0; jobified=0
Direct3D:
    Version:  Direct3D 11.0 [level 11.1]
    Renderer: NVIDIA GeForce RTX 3050 Ti Laptop GPU (ID=0x25a0)
    Vendor:   NVIDIA
    VRAM:     3962 MB
    Driver:   32.0.15.5612
Initialize mono
Mono path[0] = 'C:/Program Files/Unity/Hub/Editor/2021.3.25f1/Editor/Data/Managed'
Mono path[1] = 'C:/Program Files/Unity/Hub/Editor/2021.3.25f1/Editor/Data/MonoBleedingEdge/lib/mono/unityjit-win32'
Mono config path = 'C:/Program Files/Unity/Hub/Editor/2021.3.25f1/Editor/Data/MonoBleedingEdge/etc'
Using monoOptions --debugger-agent=transport=dt_socket,embedding=1,server=y,suspend=n,address=127.0.0.1:56544
Begin MonoManager ReloadAssembly
Registering precompiled unity dll's ...
Register platform support module: C:/Program Files/Unity/Hub/Editor/2021.3.25f1/Editor/Data/PlaybackEngines/WebGLSupport/UnityEditor.WebGL.Extensions.dll
Register platform support module: C:/Program Files/Unity/Hub/Editor/2021.3.25f1/Editor/Data/PlaybackEngines/WindowsStandaloneSupport/UnityEditor.WindowsStandalone.Extensions.dll
Registered in 0.013240 seconds.
Native extension for WindowsStandalone target not found
Native extension for WebGL target not found
Refreshing native plugins compatible for Editor in 85.24 ms, found 3 plugins.
Preloading 0 native plugins for Editor in 0.00 ms.
Mono: successfully reloaded assembly
- Completed reload, in  0.656 seconds
Domain Reload Profiling:
	ReloadAssembly (657ms)
		BeginReloadAssembly (111ms)
			ExecutionOrderSort (0ms)
			DisableScriptedObjects (0ms)
			BackupInstance (0ms)
			ReleaseScriptingObjects (0ms)
			CreateAndSetChildDomain (1ms)
		EndReloadAssembly (437ms)
			LoadAssemblies (108ms)
			RebuildTransferFunctionScriptingTraits (0ms)
			SetupTypeCache (95ms)
			ReleaseScriptCaches (0ms)
			RebuildScriptCaches (24ms)
			SetupLoadedEditorAssemblies (267ms)
				LogAssemblyErrors (0ms)
				InitializePlatformSupportModulesInManaged (10ms)
				SetLoadedEditorAssemblies (0ms)
				RefreshPlugins (85ms)
				BeforeProcessingInitializeOnLoad (1ms)
				ProcessInitializeOnLoadAttributes (127ms)
				ProcessInitializeOnLoadMethodAttributes (42ms)
				AfterProcessingInitializeOnLoad (0ms)
				EditorAssembliesLoaded (0ms)
			ExecutionOrderSort2 (0ms)
			AwakeInstancesAfterBackupRestoration (0ms)
Platform modules already initialized, skipping
Registering precompiled user dll's ...
Registered in 0.009111 seconds.
Begin MonoManager ReloadAssembly
Symbol file LoadedFromMemory doesn't match image C:\Users\CHATHUMINA\Music\IM\GT\Lab 2 ecape room game\New folder\Escape Island\Library\PackageCache\com.unity.visualscripting@1.8.0\Editor\VisualScripting.Core\Dependencies\YamlDotNet\Unity.VisualScripting.YamlDotNet.dll
Symbol file LoadedFromMemory doesn't match image C:\Users\CHATHUMINA\Music\IM\GT\Lab 2 ecape room game\New folder\Escape Island\Library\PackageCache\com.unity.visualscripting@1.8.0\Editor\VisualScripting.Core\Dependencies\DotNetZip\Unity.VisualScripting.IonicZip.dll
Native extension for WindowsStandalone target not found
Native extension for WebGL target not found
Refreshing native plugins compatible for Editor in 0.86 ms, found 3 plugins.
Preloading 0 native plugins for Editor in 0.00 ms.
Mono: successfully reloaded assembly
- Completed reload, in  1.078 seconds
Domain Reload Profiling:
	ReloadAssembly (1079ms)
		BeginReloadAssembly (196ms)
			ExecutionOrderSort (0ms)
			DisableScriptedObjects (6ms)
			BackupInstance (0ms)
			ReleaseScriptingObjects (0ms)
			CreateAndSetChildDomain (40ms)
		EndReloadAssembly (768ms)
			LoadAssemblies (152ms)
			RebuildTransferFunctionScriptingTraits (0ms)
			SetupTypeCache (270ms)
			ReleaseScriptCaches (1ms)
			RebuildScriptCaches (43ms)
			SetupLoadedEditorAssemblies (332ms)
				LogAssemblyErrors (0ms)
				InitializePlatformSupportModulesInManaged (10ms)
				SetLoadedEditorAssemblies (0ms)
				RefreshPlugins (1ms)
				BeforeProcessingInitializeOnLoad (85ms)
				ProcessInitializeOnLoadAttributes (203ms)
				ProcessInitializeOnLoadMethodAttributes (18ms)
				AfterProcessingInitializeOnLoad (15ms)
				EditorAssembliesLoaded (0ms)
			ExecutionOrderSort2 (0ms)
			AwakeInstancesAfterBackupRestoration (6ms)
Platform modules already initialized, skipping
========================================================================
Worker process is ready to serve import requests
Launched and connected shader compiler UnityShaderCompiler.exe after 0.05 seconds
Refreshing native plugins compatible for Editor in 1.85 ms, found 3 plugins.
Preloading 0 native plugins for Editor in 0.00 ms.
Unloading 3066 Unused Serialized files (Serialized files now loaded: 0)
Unloading 22 unused Assets / (57.8 KB). Loaded Objects now: 3557.
Memory consumption went from 206.1 MB to 206.0 MB.
Total: 3.995700 ms (FindLiveObjects: 0.452700 ms CreateObjectMapping: 0.102500 ms MarkObjects: 3.301600 ms  DeleteObjects: 0.137200 ms)

AssetImportParameters requested are different than current active one (requested -> active):
  custom:video-decoder-ogg-theora: a1e56fd34408186e4bbccfd4996cb3dc -> 
  custom:container-muxer-webm: aa71ff27fc2769a1b78a27578f13a17b -> 
  custom:container-demuxer-webm: 4f35f7cbe854078d1ac9338744f61a02 -> 
  custom:video-encoder-webm-vp8: eb34c28f22e8b96e1ab97ce403110664 -> 
  custom:video-codec-MediaFoundation-h265: 746d11721c4dcdbdad8f713fa42b33f4 -> 
  custom:audio-encoder-webm-vorbis: bf7c407c2cedff20999df2af8eb42d56 -> 
  custom:framework-win-MediaFoundation: 216162199b28c13a410421893ffa2e32 -> 
  custom:container-demuxer-ogg: 62fdf1f143b41e24485cea50d1cbac27 -> 
  custom:video-decoder-webm-vp8: 9c59270c3fd7afecdb556c50c9e8de78 -> 
  custom:audio-decoder-ogg-vorbis: bf7c407c2cedff20999df2af8eb42d56 -> 
========================================================================
Received Import Request.
  Time since last request: 5062.732412 seconds.
  path: Assets/PolygonPirates/Prefabs/Characters/FixedScaleCharacter/Character_Pirate_Seaman_01_FixedScale.prefab
  artifactKey: Guid(1d9176b8f001b344a913bd9f35d60494) Importer(815301076,1909f56bfc062723c751e8b465ee728b)
Start importing Assets/PolygonPirates/Prefabs/Characters/FixedScaleCharacter/Character_Pirate_Seaman_01_FixedScale.prefab using Guid(1d9176b8f001b344a913bd9f35d60494) Importer(815301076,1909f56bfc062723c751e8b465ee728b)  -> (artifact id: '7d90b0881fdd99f4b165de41aba9bda3') in 0.235543 seconds 
========================================================================
Received Import Request.
  Time since last request: 0.000041 seconds.
  path: Assets/PolygonPirates/Prefabs/Characters/FixedScaleCharacter/Character_Skeleton_01_FixedScale.prefab
  artifactKey: Guid(1ea68bb349842c04197646ee1cc93a12) Importer(815301076,1909f56bfc062723c751e8b465ee728b)
Start importing Assets/PolygonPirates/Prefabs/Characters/FixedScaleCharacter/Character_Skeleton_01_FixedScale.prefab using Guid(1ea68bb349842c04197646ee1cc93a12) Importer(815301076,1909f56bfc062723c751e8b465ee728b)  -> (artifact id: '99bc167d7040ca6edf387d7f5fae9272') in 0.061313 seconds 
========================================================================
Received Import Request.
  Time since last request: 0.000069 seconds.
  path: Assets/PolygonWesternFrontier/Prefabs/Characters/Character_Traveler_Female_01.prefab
  artifactKey: Guid(895485474d7881841ad53144eee030cc) Importer(815301076,1909f56bfc062723c751e8b465ee728b)
Start importing Assets/PolygonWesternFrontier/Prefabs/Characters/Character_Traveler_Female_01.prefab using Guid(895485474d7881841ad53144eee030cc) Importer(815301076,1909f56bfc062723c751e8b465ee728b)  -> (artifact id: 'f1cbd0be48653331c45e5e4abf26143a') in 0.073198 seconds 
========================================================================
Received Import Request.
  Time since last request: 0.000049 seconds.
  path: Assets/PolygonNatureBiomes/PNB_Tropical_Jungle/FX/FX_Models/FX_Bird_Mesh_01.fbx
  artifactKey: Guid(8882ce02bc5ccf048a982eda32f46717) Importer(815301076,1909f56bfc062723c751e8b465ee728b)
Start importing Assets/PolygonNatureBiomes/PNB_Tropical_Jungle/FX/FX_Models/FX_Bird_Mesh_01.fbx using Guid(8882ce02bc5ccf048a982eda32f46717) Importer(815301076,1909f56bfc062723c751e8b465ee728b)  -> (artifact id: '09e5b8914e60cb3894ad196adbbaf7b1') in 0.171183 seconds 
========================================================================
Received Import Request.
  Time since last request: 0.000067 seconds.
  path: Assets/PolygonNatureBiomes/PNB_Tropical_Jungle/FX/FX_Prefabs/FX_Birds_Colourful_01.prefab
  artifactKey: Guid(4bb4e1ca7b058e4478788814a8744836) Importer(815301076,1909f56bfc062723c751e8b465ee728b)
Start importing Assets/PolygonNatureBiomes/PNB_Tropical_Jungle/FX/FX_Prefabs/FX_Birds_Colourful_01.prefab using Guid(4bb4e1ca7b058e4478788814a8744836) Importer(815301076,1909f56bfc062723c751e8b465ee728b)  -> (artifact id: '1d2d7a80b33718893503b0c4ce3df392') in 0.104128 seconds 
========================================================================
Received Import Request.
  Time since last request: 0.000122 seconds.
  path: Assets/PolygonPirates/Prefabs/Characters/FixedScaleCharacter/Character_Skeleton_02_FixedScale.prefab
  artifactKey: Guid(c2c0f67a5016e1448a02a52083dbe372) Importer(815301076,1909f56bfc062723c751e8b465ee728b)
Start importing Assets/PolygonPirates/Prefabs/Characters/FixedScaleCharacter/Character_Skeleton_02_FixedScale.prefab using Guid(c2c0f67a5016e1448a02a52083dbe372) Importer(815301076,1909f56bfc062723c751e8b465ee728b)  -> (artifact id: 'c31032c60fc20adc950c3a4d10b57f6d') in 0.045995 seconds 
========================================================================
Received Import Request.
  Time since last request: 0.000040 seconds.
  path: Assets/PolygonNatureBiomes/PNB_Tropical_Jungle/FX/FX_Prefabs/FX_Bubbles_02.prefab
  artifactKey: Guid(3d55f668e284c9248b61dfb019adddaa) Importer(815301076,1909f56bfc062723c751e8b465ee728b)
Start importing Assets/PolygonNatureBiomes/PNB_Tropical_Jungle/FX/FX_Prefabs/FX_Bubbles_02.prefab using Guid(3d55f668e284c9248b61dfb019adddaa) Importer(815301076,1909f56bfc062723c751e8b465ee728b)  -> (artifact id: '559959721dc371404e765ff26f893b51') in 0.061730 seconds 
========================================================================
Received Import Request.
  Time since last request: 0.000090 seconds.
  path: Assets/PolygonNatureBiomes/PNB_Tropical_Jungle/FX/FX_Prefabs/FX_Bubbles_01.prefab
  artifactKey: Guid(6744686723b90774384d9c57fb0060c1) Importer(815301076,1909f56bfc062723c751e8b465ee728b)
Start importing Assets/PolygonNatureBiomes/PNB_Tropical_Jungle/FX/FX_Prefabs/FX_Bubbles_01.prefab using Guid(6744686723b90774384d9c57fb0060c1) Importer(815301076,1909f56bfc062723c751e8b465ee728b)  -> (artifact id: '5291472a7f0dba1aac99131df7d4d370') in 0.029337 seconds 
========================================================================
Received Import Request.
  Time since last request: 0.000036 seconds.
  path: Assets/PolygonNatureBiomes/PNB_Tropical_Jungle/FX/FX_Prefabs/FX_Clouds_01.prefab
  artifactKey: Guid(1fb43e05479ffc84b9f6a8ad0bcb7265) Importer(815301076,1909f56bfc062723c751e8b465ee728b)
Start importing Assets/PolygonNatureBiomes/PNB_Tropical_Jungle/FX/FX_Prefabs/FX_Clouds_01.prefab using Guid(1fb43e05479ffc84b9f6a8ad0bcb7265) Importer(815301076,1909f56bfc062723c751e8b465ee728b)  -> (artifact id: '7d3ab48504ba1ac9a95ae3b8dabc1838') in 0.076451 seconds 
========================================================================
Received Import Request.
  Time since last request: 0.000070 seconds.
  path: Assets/PolygonNatureBiomes/PNB_Tropical_Jungle/FX/FX_Prefabs/FX_Fireflies_01.prefab
  artifactKey: Guid(ac48eb33479f1ee4bb124b80a3da7def) Importer(815301076,1909f56bfc062723c751e8b465ee728b)
Start importing Assets/PolygonNatureBiomes/PNB_Tropical_Jungle/FX/FX_Prefabs/FX_Fireflies_01.prefab using Guid(ac48eb33479f1ee4bb124b80a3da7def) Importer(815301076,1909f56bfc062723c751e8b465ee728b)  -> (artifact id: '03c214389463aef564267bd31fd3bd62') in 2.281604 seconds 
========================================================================
Received Import Request.
  Time since last request: 4.025548 seconds.
  path: Assets/PolygonWesternFrontier/Models/SM_Bld_Quarry_Framing_01.fbx
  artifactKey: Guid(29ff7803a40f45a479afe5b7e28827a4) Importer(815301076,1909f56bfc062723c751e8b465ee728b)
Start importing Assets/PolygonWesternFrontier/Models/SM_Bld_Quarry_Framing_01.fbx using Guid(29ff7803a40f45a479afe5b7e28827a4) Importer(815301076,1909f56bfc062723c751e8b465ee728b)  -> (artifact id: '1ebf5738401dcda2ec52eb3ffd63a7ce') in 0.045142 seconds 
========================================================================
Received Import Request.
  Time since last request: 0.000097 seconds.
  path: Assets/PolygonWesternFrontier/Models/SM_Env_Mine_Track_Base_Frame_01.fbx
  artifactKey: Guid(c966442f67e092a46b42c593f5e2063c) Importer(815301076,1909f56bfc062723c751e8b465ee728b)
Start importing Assets/PolygonWesternFrontier/Models/SM_Env_Mine_Track_Base_Frame_01.fbx using Guid(c966442f67e092a46b42c593f5e2063c) Importer(815301076,1909f56bfc062723c751e8b465ee728b)  -> (artifact id: 'f2e69dbc40bc47fa792d9b2229c8f7b0') in 0.038625 seconds 
========================================================================
Received Import Request.
  Time since last request: 0.000087 seconds.
  path: Assets/PolygonWesternFrontier/Models/SM_Env_Mine_Track_Frame_01.fbx
  artifactKey: Guid(dc804396dd512d04f9f70783ad521645) Importer(815301076,1909f56bfc062723c751e8b465ee728b)
Start importing Assets/PolygonWesternFrontier/Models/SM_Env_Mine_Track_Frame_01.fbx using Guid(dc804396dd512d04f9f70783ad521645) Importer(815301076,1909f56bfc062723c751e8b465ee728b)  -> (artifact id: 'f9f476746632adc959ddee07d4ca4b9a') in 0.035045 seconds 
========================================================================
Received Import Request.
  Time since last request: 0.000054 seconds.
  path: Assets/PolygonWesternFrontier/Prefabs/Environments/SM_Env_Mine_Framing_02.prefab
  artifactKey: Guid(4da48666d2c6f864f9ab8041a1638a05) Importer(815301076,1909f56bfc062723c751e8b465ee728b)
Start importing Assets/PolygonWesternFrontier/Prefabs/Environments/SM_Env_Mine_Framing_02.prefab using Guid(4da48666d2c6f864f9ab8041a1638a05) Importer(815301076,1909f56bfc062723c751e8b465ee728b)  -> (artifact id: '65612238b22c7058a23a604a502daad7') in 0.030920 seconds 
========================================================================
Received Import Request.
  Time since last request: 0.000048 seconds.
  path: Assets/PolygonWesternFrontier/Models/SM_Env_Mine_Track_Frame_04.fbx
  artifactKey: Guid(d264b9f290140474db4454d605011596) Importer(815301076,1909f56bfc062723c751e8b465ee728b)
Start importing Assets/PolygonWesternFrontier/Models/SM_Env_Mine_Track_Frame_04.fbx using Guid(d264b9f290140474db4454d605011596) Importer(815301076,1909f56bfc062723c751e8b465ee728b)  -> (artifact id: '6fd8d481b9a2e0a7959c0a5e7d36773f') in 0.034417 seconds 
========================================================================
Received Import Request.
  Time since last request: 0.000052 seconds.
  path: Assets/PolygonWesternFrontier/Models/SM_Env_Mine_Track_Frame_02.fbx
  artifactKey: Guid(fab3648db74be654489be14d9b54c9c3) Importer(815301076,1909f56bfc062723c751e8b465ee728b)
Start importing Assets/PolygonWesternFrontier/Models/SM_Env_Mine_Track_Frame_02.fbx using Guid(fab3648db74be654489be14d9b54c9c3) Importer(815301076,1909f56bfc062723c751e8b465ee728b)  -> (artifact id: 'c9d0acd5393f2411e154832fbbec3ef9') in 0.027228 seconds 
========================================================================
Received Import Request.
  Time since last request: 2.482888 seconds.
  path: Assets/PolygonNatureBiomes/PNB_Tropical_Jungle/FX/FX_Models/FX_Leaf_Tropical_01.fbx
  artifactKey: Guid(4102253b30c330c40818c94f70029453) Importer(815301076,1909f56bfc062723c751e8b465ee728b)
Start importing Assets/PolygonNatureBiomes/PNB_Tropical_Jungle/FX/FX_Models/FX_Leaf_Tropical_01.fbx using Guid(4102253b30c330c40818c94f70029453) Importer(815301076,1909f56bfc062723c751e8b465ee728b)  -> (artifact id: '872dfc828e3eba16736bfa6a30deae3c') in 0.028287 seconds 
========================================================================
Received Import Request.
  Time since last request: 0.000071 seconds.
  path: Assets/PolygonNatureBiomes/PNB_Tropical_Jungle/Models/Collision/SM_Bld_RopeBridge_01_Collision.fbx
  artifactKey: Guid(f95d1fdfee936d84bb90cb765865fd24) Importer(815301076,1909f56bfc062723c751e8b465ee728b)
Start importing Assets/PolygonNatureBiomes/PNB_Tropical_Jungle/Models/Collision/SM_Bld_RopeBridge_01_Collision.fbx using Guid(f95d1fdfee936d84bb90cb765865fd24) Importer(815301076,1909f56bfc062723c751e8b465ee728b)  -> (artifact id: '46e47d71aeb2406c6dee4fdb1ed1a66f') in 0.082194 seconds 
========================================================================
Received Import Request.
  Time since last request: 0.000052 seconds.
  path: Assets/PolygonPirates/Models/CollisionCustom/SM_Bld_Rickety_Dock_Platform_02_Collision.fbx
  artifactKey: Guid(eddc399e69c589a42a09f40e2f25cc34) Importer(815301076,1909f56bfc062723c751e8b465ee728b)
Start importing Assets/PolygonPirates/Models/CollisionCustom/SM_Bld_Rickety_Dock_Platform_02_Collision.fbx using Guid(eddc399e69c589a42a09f40e2f25cc34) Importer(815301076,1909f56bfc062723c751e8b465ee728b)  -> (artifact id: '86b0c064835e512ec5700f3bfd7cf19a') in 0.038326 seconds 
========================================================================
Received Import Request.
  Time since last request: 0.000067 seconds.
  path: Assets/PolygonPirates/Prefabs/Buildings/SM_Bld_Rickety_Dock_Platform_01.prefab
  artifactKey: Guid(5ef5077abd1dc804f91fc7053f7d7fc5) Importer(815301076,1909f56bfc062723c751e8b465ee728b)
Start importing Assets/PolygonPirates/Prefabs/Buildings/SM_Bld_Rickety_Dock_Platform_01.prefab using Guid(5ef5077abd1dc804f91fc7053f7d7fc5) Importer(815301076,1909f56bfc062723c751e8b465ee728b)  -> (artifact id: '184addc9cdec047cde87bc5f2993832c') in 0.031489 seconds 
========================================================================
Received Import Request.
  Time since last request: 0.000040 seconds.
  path: Assets/PolygonNatureBiomes/PNB_Tropical_Jungle/Models/SM_Bld_Shack_Pirate_01.fbx
  artifactKey: Guid(5234402a50377a447acf0cf91807fef9) Importer(815301076,1909f56bfc062723c751e8b465ee728b)
Start importing Assets/PolygonNatureBiomes/PNB_Tropical_Jungle/Models/SM_Bld_Shack_Pirate_01.fbx using Guid(5234402a50377a447acf0cf91807fef9) Importer(815301076,1909f56bfc062723c751e8b465ee728b)  -> (artifact id: '0171d5de13b898e63dcee30caab201ba') in 0.035581 seconds 
========================================================================
Received Import Request.
  Time since last request: 0.000041 seconds.
  path: Assets/PolygonPirates/Prefabs/Buildings/SM_Bld_Rickety_Dock_Platform_02.prefab
  artifactKey: Guid(5af47ec0ed24a954cbd9f00d841a6107) Importer(815301076,1909f56bfc062723c751e8b465ee728b)
Start importing Assets/PolygonPirates/Prefabs/Buildings/SM_Bld_Rickety_Dock_Platform_02.prefab using Guid(5af47ec0ed24a954cbd9f00d841a6107) Importer(815301076,1909f56bfc062723c751e8b465ee728b)  -> (artifact id: '24907b555f5d85ea7bfd7b3dba45746e') in 0.037450 seconds 
========================================================================
Received Import Request.
  Time since last request: 0.000054 seconds.
  path: Assets/PolygonWesternFrontier/Prefabs/Buildings/SM_Bld_Roof_Patch_01.prefab
  artifactKey: Guid(6f9778b937eeb67499afbc0de1bccd8d) Importer(815301076,1909f56bfc062723c751e8b465ee728b)
Start importing Assets/PolygonWesternFrontier/Prefabs/Buildings/SM_Bld_Roof_Patch_01.prefab using Guid(6f9778b937eeb67499afbc0de1bccd8d) Importer(815301076,1909f56bfc062723c751e8b465ee728b)  -> (artifact id: '8684fadf241d97bc662fe7e7b43c3fc1') in 0.039293 seconds 
========================================================================
Received Import Request.
  Time since last request: 0.000060 seconds.
  path: Assets/PolygonNatureBiomes/PNB_Tropical_Jungle/Prefabs/SM_Bld_Shack_Pirate_01.prefab
  artifactKey: Guid(e95e061153a79cb4195a0e822885f9f8) Importer(815301076,1909f56bfc062723c751e8b465ee728b)
Start importing Assets/PolygonNatureBiomes/PNB_Tropical_Jungle/Prefabs/SM_Bld_Shack_Pirate_01.prefab using Guid(e95e061153a79cb4195a0e822885f9f8) Importer(815301076,1909f56bfc062723c751e8b465ee728b)  -> (artifact id: '28580ec2401f12e3fae667b70c2a50c2') in 0.053539 seconds 
========================================================================
Received Import Request.
  Time since last request: 0.000059 seconds.
  path: Assets/PolygonNatureBiomes/PNB_Tropical_Jungle/Models/Collision/SM_Bld_Shack_Pirate_01_Collision.fbx
  artifactKey: Guid(66751be21ac11394d93fcada3bb0998d) Importer(815301076,1909f56bfc062723c751e8b465ee728b)
Start importing Assets/PolygonNatureBiomes/PNB_Tropical_Jungle/Models/Collision/SM_Bld_Shack_Pirate_01_Collision.fbx using Guid(66751be21ac11394d93fcada3bb0998d) Importer(815301076,1909f56bfc062723c751e8b465ee728b)  -> (artifact id: '220de69a0d057f3dd0b7602b9eeffbce') in 0.043921 seconds 
========================================================================
Received Import Request.
  Time since last request: 0.000092 seconds.
  path: Assets/PolygonPirates/Models/SM_Bld_Mansion_Pole_02.fbx
  artifactKey: Guid(5f582d16e7e2cac47a57c366eaa3726c) Importer(815301076,1909f56bfc062723c751e8b465ee728b)
Start importing Assets/PolygonPirates/Models/SM_Bld_Mansion_Pole_02.fbx using Guid(5f582d16e7e2cac47a57c366eaa3726c) Importer(815301076,1909f56bfc062723c751e8b465ee728b)  -> (artifact id: '271921d81e3c443ea40b544c5b2289ee') in 0.034817 seconds 
========================================================================
Received Import Request.
  Time since last request: 0.000038 seconds.
  path: Assets/PolygonWesternFrontier/Prefabs/Props/SM_Prop_Photo_02.prefab
  artifactKey: Guid(ebb5a6fc84832e142a5a572c73197c20) Importer(815301076,1909f56bfc062723c751e8b465ee728b)
Start importing Assets/PolygonWesternFrontier/Prefabs/Props/SM_Prop_Photo_02.prefab using Guid(ebb5a6fc84832e142a5a572c73197c20) Importer(815301076,1909f56bfc062723c751e8b465ee728b)  -> (artifact id: '5d8bd29b1077955607e0961f06eab559') in 0.030212 seconds 
========================================================================
Received Import Request.
  Time since last request: 0.000044 seconds.
  path: Assets/PolygonWesternFrontier/Prefabs/Props/SM_Prop_Photo_01.prefab
  artifactKey: Guid(5fdee6348444e4740855457b2042818b) Importer(815301076,1909f56bfc062723c751e8b465ee728b)
Start importing Assets/PolygonWesternFrontier/Prefabs/Props/SM_Prop_Photo_01.prefab using Guid(5fdee6348444e4740855457b2042818b) Importer(815301076,1909f56bfc062723c751e8b465ee728b)  -> (artifact id: '57c478df57911d41f0877c35eb03908a') in 0.035701 seconds 
========================================================================
Received Import Request.
  Time since last request: 0.000055 seconds.
  path: Assets/PolygonWesternFrontier/Models/SM_Prop_Photo_03.fbx
  artifactKey: Guid(c2b76a79ba9e3da42859453cfefbfca8) Importer(815301076,1909f56bfc062723c751e8b465ee728b)
Start importing Assets/PolygonWesternFrontier/Models/SM_Prop_Photo_03.fbx using Guid(c2b76a79ba9e3da42859453cfefbfca8) Importer(815301076,1909f56bfc062723c751e8b465ee728b)  -> (artifact id: 'c2bc026e6ae7357817b1d067291492ce') in 0.041854 seconds 
========================================================================
Received Import Request.
  Time since last request: 0.000069 seconds.
  path: Assets/PolygonNatureBiomes/PNB_Core/Prefabs/FX_Rain_Splash_01.prefab
  artifactKey: Guid(ad73027ba8a07e943b25a2fac49dfd77) Importer(815301076,1909f56bfc062723c751e8b465ee728b)
Start importing Assets/PolygonNatureBiomes/PNB_Core/Prefabs/FX_Rain_Splash_01.prefab using Guid(ad73027ba8a07e943b25a2fac49dfd77) Importer(815301076,1909f56bfc062723c751e8b465ee728b)  -> (artifact id: '66bfddef80fac9c806fe5d0130e27a9d') in 0.035101 seconds 
========================================================================
Received Import Request.
  Time since last request: 0.000069 seconds.
  path: Assets/PolygonWesternFrontier/Models/SM_Prop_Photo_01.fbx
  artifactKey: Guid(6bddb61b7e7df6f4c97debe33470a96c) Importer(815301076,1909f56bfc062723c751e8b465ee728b)
Start importing Assets/PolygonWesternFrontier/Models/SM_Prop_Photo_01.fbx using Guid(6bddb61b7e7df6f4c97debe33470a96c) Importer(815301076,1909f56bfc062723c751e8b465ee728b)  -> (artifact id: 'c70f56f22ab1be7df04e28a0192a2a8d') in 0.040906 seconds 
========================================================================
Received Import Request.
  Time since last request: 0.000094 seconds.
  path: Assets/PolygonPirates/Models/CollisionCustom/SM_Bld_Rickety_Dock_Platform_01_Collision.fbx
  artifactKey: Guid(415b26bde809f8749b9cb33476385bf2) Importer(815301076,1909f56bfc062723c751e8b465ee728b)
Start importing Assets/PolygonPirates/Models/CollisionCustom/SM_Bld_Rickety_Dock_Platform_01_Collision.fbx using Guid(415b26bde809f8749b9cb33476385bf2) Importer(815301076,1909f56bfc062723c751e8b465ee728b)  -> (artifact id: 'a75cd73728dd2f65e93d0b538113b9c7') in 0.042888 seconds 
========================================================================
Received Import Request.
  Time since last request: 4.062829 seconds.
  path: Assets/PolygonNatureBiomes/PNB_Tropical_Jungle/Prefabs/SM_Env_Bush_Palm_01.prefab
  artifactKey: Guid(ba9ccab05041f1b49841d2d6213640e0) Importer(815301076,1909f56bfc062723c751e8b465ee728b)
Start importing Assets/PolygonNatureBiomes/PNB_Tropical_Jungle/Prefabs/SM_Env_Bush_Palm_01.prefab using Guid(ba9ccab05041f1b49841d2d6213640e0) Importer(815301076,1909f56bfc062723c751e8b465ee728b)  -> (artifact id: 'a6de959736ba866bec0f4be64118eddc') in 0.100949 seconds 
========================================================================
Received Import Request.
  Time since last request: 0.000047 seconds.
  path: Assets/PolygonPirates/Models/SM_Env_PalmTree_04.fbx
  artifactKey: Guid(9a539df2b67aa174c9a2ac3633119455) Importer(815301076,1909f56bfc062723c751e8b465ee728b)
Start importing Assets/PolygonPirates/Models/SM_Env_PalmTree_04.fbx using Guid(9a539df2b67aa174c9a2ac3633119455) Importer(815301076,1909f56bfc062723c751e8b465ee728b)  -> (artifact id: '2a34bd79a8b328528124e376c5b2280c') in 0.035790 seconds 
========================================================================
Received Import Request.
  Time since last request: 0.000082 seconds.
  path: Assets/PolygonNatureBiomes/PNB_Tropical_Jungle/Models/SM_Env_Bush_Palm_03.fbx
  artifactKey: Guid(9580ccc8e42e7d349bac0c9bcfff74c9) Importer(815301076,1909f56bfc062723c751e8b465ee728b)
Start importing Assets/PolygonNatureBiomes/PNB_Tropical_Jungle/Models/SM_Env_Bush_Palm_03.fbx using Guid(9580ccc8e42e7d349bac0c9bcfff74c9) Importer(815301076,1909f56bfc062723c751e8b465ee728b)  -> (artifact id: '72caf64ca3996276c6e11aa8a28241f9') in 0.064213 seconds 
========================================================================
Received Import Request.
  Time since last request: 0.000060 seconds.
  path: Assets/PolygonNatureBiomes/PNB_Tropical_Jungle/Prefabs/SM_Env_Fern_Part_03.prefab
  artifactKey: Guid(b2b27aa9181a11641ad116524b066a94) Importer(815301076,1909f56bfc062723c751e8b465ee728b)
Start importing Assets/PolygonNatureBiomes/PNB_Tropical_Jungle/Prefabs/SM_Env_Fern_Part_03.prefab using Guid(b2b27aa9181a11641ad116524b066a94) Importer(815301076,1909f56bfc062723c751e8b465ee728b)  -> (artifact id: '0bd901f1b042d99340841fade3bc38f7') in 0.078560 seconds 
========================================================================
Received Import Request.
  Time since last request: 0.000072 seconds.
  path: Assets/PolygonNatureBiomes/PNB_Tropical_Jungle/Prefabs/SM_Env_Fern_Part_02.prefab
  artifactKey: Guid(4a8eab6e97ab8ee41814fb1f7b1567ba) Importer(815301076,1909f56bfc062723c751e8b465ee728b)
Start importing Assets/PolygonNatureBiomes/PNB_Tropical_Jungle/Prefabs/SM_Env_Fern_Part_02.prefab using Guid(4a8eab6e97ab8ee41814fb1f7b1567ba) Importer(815301076,1909f56bfc062723c751e8b465ee728b)  -> (artifact id: '37322070a0313fe2cce773520e7e9b67') in 0.075746 seconds 
========================================================================
Received Import Request.
  Time since last request: 0.000027 seconds.
  path: Assets/PolygonPirates/Models/SM_Env_PalmTree_01.fbx
  artifactKey: Guid(2569ad1106254fb4e8959c25b2a8217f) Importer(815301076,1909f56bfc062723c751e8b465ee728b)
Start importing Assets/PolygonPirates/Models/SM_Env_PalmTree_01.fbx using Guid(2569ad1106254fb4e8959c25b2a8217f) Importer(815301076,1909f56bfc062723c751e8b465ee728b)  -> (artifact id: 'd6df9f7694005005ea58b4de7eb53edf') in 0.043614 seconds 
========================================================================
Received Import Request.
  Time since last request: 0.000040 seconds.
  path: Assets/PolygonNatureBiomes/PNB_Tropical_Jungle/Prefabs/SM_Env_Bush_Palm_03.prefab
  artifactKey: Guid(887957cac83ae2749b1d416ba53e8ed7) Importer(815301076,1909f56bfc062723c751e8b465ee728b)
Start importing Assets/PolygonNatureBiomes/PNB_Tropical_Jungle/Prefabs/SM_Env_Bush_Palm_03.prefab using Guid(887957cac83ae2749b1d416ba53e8ed7) Importer(815301076,1909f56bfc062723c751e8b465ee728b)  -> (artifact id: '8637da789233054461b4162cf19c5810') in 0.051139 seconds 
========================================================================
Received Import Request.
  Time since last request: 0.012486 seconds.
  path: Assets/PolygonPirates/Models/SM_Env_PalmTree_Tall_01.fbx
  artifactKey: Guid(b9e13cdba2e39fa49aa574c6106e0846) Importer(815301076,1909f56bfc062723c751e8b465ee728b)
Start importing Assets/PolygonPirates/Models/SM_Env_PalmTree_Tall_01.fbx using Guid(b9e13cdba2e39fa49aa574c6106e0846) Importer(815301076,1909f56bfc062723c751e8b465ee728b)  -> (artifact id: '603ae4a9205a29d17161c7a386270fad') in 0.045264 seconds 
========================================================================
Received Import Request.
  Time since last request: 0.000083 seconds.
  path: Assets/PolygonNatureBiomes/PNB_Tropical_Jungle/Models/Collision/SM_Env_Tree_Palm_03_Collision.fbx
  artifactKey: Guid(c4d96fbcd63bc53478f30d1dbbb69a79) Importer(815301076,1909f56bfc062723c751e8b465ee728b)
Start importing Assets/PolygonNatureBiomes/PNB_Tropical_Jungle/Models/Collision/SM_Env_Tree_Palm_03_Collision.fbx using Guid(c4d96fbcd63bc53478f30d1dbbb69a79) Importer(815301076,1909f56bfc062723c751e8b465ee728b)  -> (artifact id: 'da5f166075f8645a5c3c57e7f0b603ec') in 0.047515 seconds 
========================================================================
Received Import Request.
  Time since last request: 0.000089 seconds.
  path: Assets/PolygonPirates/Models/CollisionCustom/SM_Env_PalmTree_Tall_02_Collision.fbx
  artifactKey: Guid(6e8799ac86679b749b4541ebc702263c) Importer(815301076,1909f56bfc062723c751e8b465ee728b)
Start importing Assets/PolygonPirates/Models/CollisionCustom/SM_Env_PalmTree_Tall_02_Collision.fbx using Guid(6e8799ac86679b749b4541ebc702263c) Importer(815301076,1909f56bfc062723c751e8b465ee728b)  -> (artifact id: '45e87fc3e0f7400ac55109e3aeb2c78c') in 0.024816 seconds 
========================================================================
Received Import Request.
  Time since last request: 0.000044 seconds.
  path: Assets/PolygonNatureBiomes/PNB_Tropical_Jungle/Models/Collision/SM_Env_Tree_Palm_01_Collision.fbx
  artifactKey: Guid(72c3d8c0a865bfc4393994adbfb2fb30) Importer(815301076,1909f56bfc062723c751e8b465ee728b)
Start importing Assets/PolygonNatureBiomes/PNB_Tropical_Jungle/Models/Collision/SM_Env_Tree_Palm_01_Collision.fbx using Guid(72c3d8c0a865bfc4393994adbfb2fb30) Importer(815301076,1909f56bfc062723c751e8b465ee728b)  -> (artifact id: '501984b8fecea30519a3272d19407a20') in 0.046253 seconds 
========================================================================
Received Import Request.
  Time since last request: 0.000045 seconds.
  path: Assets/PolygonNatureBiomes/PNB_Tropical_Jungle/Prefabs/SM_Env_Tree_Palm_02.prefab
  artifactKey: Guid(8524a36fffb567143aadc06379331a5c) Importer(815301076,1909f56bfc062723c751e8b465ee728b)
Start importing Assets/PolygonNatureBiomes/PNB_Tropical_Jungle/Prefabs/SM_Env_Tree_Palm_02.prefab using Guid(8524a36fffb567143aadc06379331a5c) Importer(815301076,1909f56bfc062723c751e8b465ee728b)  -> (artifact id: 'c38f673d167f101af39527866c977479') in 0.081874 seconds 
========================================================================
Received Import Request.
  Time since last request: 60.195015 seconds.
  path: Assets/PolygonNatureBiomes/PNB_Core/Models/SM_Env_Grass_01.fbx
  artifactKey: Guid(ee26c0ade75d838479550e035b35ee19) Importer(815301076,1909f56bfc062723c751e8b465ee728b)
Start importing Assets/PolygonNatureBiomes/PNB_Core/Models/SM_Env_Grass_01.fbx using Guid(ee26c0ade75d838479550e035b35ee19) Importer(815301076,1909f56bfc062723c751e8b465ee728b)  -> (artifact id: '69376b38e1d85e57b504e4803a3d59a6') in 0.080326 seconds 
========================================================================
Received Import Request.
  Time since last request: 0.000066 seconds.
  path: Assets/PolygonNatureBiomes/PNB_Tropical_Jungle/Prefabs/SM_Env_Grass_Tall_Plane_01.prefab
  artifactKey: Guid(d5ea0befb9521514a82f2ca44ad9c8c2) Importer(815301076,1909f56bfc062723c751e8b465ee728b)
Start importing Assets/PolygonNatureBiomes/PNB_Tropical_Jungle/Prefabs/SM_Env_Grass_Tall_Plane_01.prefab using Guid(d5ea0befb9521514a82f2ca44ad9c8c2) Importer(815301076,1909f56bfc062723c751e8b465ee728b)  -> (artifact id: '3592aad677fe6747f74e08ce920920ab') in 0.056901 seconds 
========================================================================
Received Import Request.
  Time since last request: 0.000063 seconds.
  path: Assets/PolygonPirates/Models/SM_Env_Grass_03.fbx
  artifactKey: Guid(f7093f6667debf04cb8a1d26a47f50ff) Importer(815301076,1909f56bfc062723c751e8b465ee728b)
Start importing Assets/PolygonPirates/Models/SM_Env_Grass_03.fbx using Guid(f7093f6667debf04cb8a1d26a47f50ff) Importer(815301076,1909f56bfc062723c751e8b465ee728b)  -> (artifact id: '9182089d043f58c85638a5375d65b656') in 0.034016 seconds 
========================================================================
Received Import Request.
  Time since last request: 0.000040 seconds.
  path: Assets/PolygonNatureBiomes/PNB_Tropical_Jungle/Prefabs/SM_Env_Grass_Short_Clump_01.prefab
  artifactKey: Guid(f630b8efbb8dd0e448ddfb23531467e9) Importer(815301076,1909f56bfc062723c751e8b465ee728b)
Start importing Assets/PolygonNatureBiomes/PNB_Tropical_Jungle/Prefabs/SM_Env_Grass_Short_Clump_01.prefab using Guid(f630b8efbb8dd0e448ddfb23531467e9) Importer(815301076,1909f56bfc062723c751e8b465ee728b)  -> (artifact id: '15aae5bc48287308f6a66d4265ffdd43') in 0.050353 seconds 
========================================================================
Received Import Request.
  Time since last request: 0.000048 seconds.
  path: Assets/PolygonWesternFrontier/Models/SM_Env_Grass_Desert_01.fbx
  artifactKey: Guid(27b7336ce90abd34282e8e37efeb4f97) Importer(815301076,1909f56bfc062723c751e8b465ee728b)
Start importing Assets/PolygonWesternFrontier/Models/SM_Env_Grass_Desert_01.fbx using Guid(27b7336ce90abd34282e8e37efeb4f97) Importer(815301076,1909f56bfc062723c751e8b465ee728b)  -> (artifact id: '08caa5ba088e1924b3e396ffcf5390fc') in 0.033895 seconds 
========================================================================
Received Import Request.
  Time since last request: 0.000058 seconds.
  path: Assets/PolygonNatureBiomes/PNB_Tropical_Jungle/Models/SM_Env_Grass_Med_Clump_02.fbx
  artifactKey: Guid(6cfbf8d55c5fe7147b236b88649e887b) Importer(815301076,1909f56bfc062723c751e8b465ee728b)
Start importing Assets/PolygonNatureBiomes/PNB_Tropical_Jungle/Models/SM_Env_Grass_Med_Clump_02.fbx using Guid(6cfbf8d55c5fe7147b236b88649e887b) Importer(815301076,1909f56bfc062723c751e8b465ee728b)  -> (artifact id: '092229b5faba5940f8bec9a4cf906fcb') in 0.046650 seconds 
========================================================================
Received Import Request.
  Time since last request: 0.000052 seconds.
  path: Assets/PolygonNatureBiomes/PNB_Tropical_Jungle/Prefabs/SM_Env_Grass_Short_Clump_02.prefab
  artifactKey: Guid(6390209abbab74a4e90e15a5081f195b) Importer(815301076,1909f56bfc062723c751e8b465ee728b)
Start importing Assets/PolygonNatureBiomes/PNB_Tropical_Jungle/Prefabs/SM_Env_Grass_Short_Clump_02.prefab using Guid(6390209abbab74a4e90e15a5081f195b) Importer(815301076,1909f56bfc062723c751e8b465ee728b)  -> (artifact id: '7d46db9a347198825e96e1c044c3f47e') in 0.068700 seconds 
========================================================================
Received Import Request.
  Time since last request: 0.000085 seconds.
  path: Assets/PolygonNatureBiomes/PNB_Tropical_Jungle/Prefabs/SM_Env_Grass_Med_Plane_01.prefab
  artifactKey: Guid(bf5e77f311107af4b9419316d6e2c083) Importer(815301076,1909f56bfc062723c751e8b465ee728b)
Start importing Assets/PolygonNatureBiomes/PNB_Tropical_Jungle/Prefabs/SM_Env_Grass_Med_Plane_01.prefab using Guid(bf5e77f311107af4b9419316d6e2c083) Importer(815301076,1909f56bfc062723c751e8b465ee728b)  -> (artifact id: '1941a6c7b9422afc0dbee8903191866b') in 0.048304 seconds 
========================================================================
Received Import Request.
  Time since last request: 0.000068 seconds.
  path: Assets/PolygonNatureBiomes/PNB_Tropical_Jungle/Prefabs/SM_Env_Grass_Med_Clump_01.prefab
  artifactKey: Guid(60793e52dc35a8f41870bb700c54d09f) Importer(815301076,1909f56bfc062723c751e8b465ee728b)
Start importing Assets/PolygonNatureBiomes/PNB_Tropical_Jungle/Prefabs/SM_Env_Grass_Med_Clump_01.prefab using Guid(60793e52dc35a8f41870bb700c54d09f) Importer(815301076,1909f56bfc062723c751e8b465ee728b)  -> (artifact id: 'b39019c46cf780f702f1989a4f2bb65b') in 0.064627 seconds 
========================================================================
Received Import Request.
  Time since last request: 0.000063 seconds.
  path: Assets/PolygonWesternFrontier/Models/SM_Env_Grass_Shrub_01.fbx
  artifactKey: Guid(cf52ba119ee0f4f4989badb8b320cb8c) Importer(815301076,1909f56bfc062723c751e8b465ee728b)
Start importing Assets/PolygonWesternFrontier/Models/SM_Env_Grass_Shrub_01.fbx using Guid(cf52ba119ee0f4f4989badb8b320cb8c) Importer(815301076,1909f56bfc062723c751e8b465ee728b)  -> (artifact id: '984b250941cb5e282ccbd3ddc7ac04cd') in 0.034711 seconds 
========================================================================
Received Import Request.
  Time since last request: 0.000072 seconds.
  path: Assets/PolygonNatureBiomes/PNB_Tropical_Jungle/Prefabs/SM_Env_Grass_Tall_Clump_02.prefab
  artifactKey: Guid(d653c65d995437f4a807a24c7a9e29e0) Importer(815301076,1909f56bfc062723c751e8b465ee728b)
Start importing Assets/PolygonNatureBiomes/PNB_Tropical_Jungle/Prefabs/SM_Env_Grass_Tall_Clump_02.prefab using Guid(d653c65d995437f4a807a24c7a9e29e0) Importer(815301076,1909f56bfc062723c751e8b465ee728b)  -> (artifact id: 'ed7695244e1e108e01a7d5e90beb913c') in 0.055722 seconds 
========================================================================
Received Import Request.
  Time since last request: 0.000046 seconds.
  path: Assets/PolygonNatureBiomes/PNB_Tropical_Jungle/Models/SM_Env_Grass_Short_Clump_02.fbx
  artifactKey: Guid(55fccfb7c93baba44a0b9f1ff3a651e8) Importer(815301076,1909f56bfc062723c751e8b465ee728b)
Start importing Assets/PolygonNatureBiomes/PNB_Tropical_Jungle/Models/SM_Env_Grass_Short_Clump_02.fbx using Guid(55fccfb7c93baba44a0b9f1ff3a651e8) Importer(815301076,1909f56bfc062723c751e8b465ee728b)  -> (artifact id: 'f6f54533b501ab29e4776084e24d88ed') in 0.040477 seconds 
========================================================================
Received Import Request.
  Time since last request: 169.831351 seconds.
  path: Assets/PolygonNatureBiomes/PNB_Tropical_Jungle/Terrain/Terrain_Grass_01.terrainlayer
  artifactKey: Guid(bbd611a1261463a4c80ca2d4997e39de) Importer(815301076,1909f56bfc062723c751e8b465ee728b)
Start importing Assets/PolygonNatureBiomes/PNB_Tropical_Jungle/Terrain/Terrain_Grass_01.terrainlayer using Guid(bbd611a1261463a4c80ca2d4997e39de) Importer(815301076,1909f56bfc062723c751e8b465ee728b)  -> (artifact id: '7c22dc8dd62f4e47863633fd7703512e') in 0.045911 seconds 
========================================================================
Received Import Request.
  Time since last request: 0.000109 seconds.
  path: Assets/PolygonNatureBiomes/PNB_Tropical_Jungle/Terrain/Terrain_Sand_Wavy_Alt_01.terrainlayer
  artifactKey: Guid(48c1b5616a50be040aa7e619da66f110) Importer(815301076,1909f56bfc062723c751e8b465ee728b)
Start importing Assets/PolygonNatureBiomes/PNB_Tropical_Jungle/Terrain/Terrain_Sand_Wavy_Alt_01.terrainlayer using Guid(48c1b5616a50be040aa7e619da66f110) Importer(815301076,1909f56bfc062723c751e8b465ee728b)  -> (artifact id: 'c8174c0c1187aa300cf1bd499a932532') in 0.040075 seconds 
========================================================================
Received Import Request.
  Time since last request: 0.000048 seconds.
  path: Assets/PolygonNatureBiomes/PNB_Tropical_Jungle/Terrain/Terrain_Sand_Wavy_02.terrainlayer
  artifactKey: Guid(a802a71b6009d24429197dd2825b226e) Importer(815301076,1909f56bfc062723c751e8b465ee728b)
Start importing Assets/PolygonNatureBiomes/PNB_Tropical_Jungle/Terrain/Terrain_Sand_Wavy_02.terrainlayer using Guid(a802a71b6009d24429197dd2825b226e) Importer(815301076,1909f56bfc062723c751e8b465ee728b)  -> (artifact id: 'bd74eeec0b599ff2cab39ea7e948ab82') in 0.041834 seconds 
========================================================================
Received Import Request.
  Time since last request: 0.000056 seconds.
  path: Assets/PolygonNatureBiomes/PNB_Tropical_Jungle/Terrain/Terrain_Rock_Coral_01.terrainlayer
  artifactKey: Guid(ef073fcd374125f448843930bca63ff0) Importer(815301076,1909f56bfc062723c751e8b465ee728b)
Start importing Assets/PolygonNatureBiomes/PNB_Tropical_Jungle/Terrain/Terrain_Rock_Coral_01.terrainlayer using Guid(ef073fcd374125f448843930bca63ff0) Importer(815301076,1909f56bfc062723c751e8b465ee728b)  -> (artifact id: 'ee54aa5db6a77c435ce8507719ee7983') in 0.042749 seconds 
========================================================================
Received Import Request.
  Time since last request: 0.000053 seconds.
  path: Assets/PolygonNatureBiomes/PNB_Tropical_Jungle/Terrain/Terrain_Ruin_Tiles_01.terrainlayer
  artifactKey: Guid(f68f00d1bbf3c354caedf7cb241dd086) Importer(815301076,1909f56bfc062723c751e8b465ee728b)
Start importing Assets/PolygonNatureBiomes/PNB_Tropical_Jungle/Terrain/Terrain_Ruin_Tiles_01.terrainlayer using Guid(f68f00d1bbf3c354caedf7cb241dd086) Importer(815301076,1909f56bfc062723c751e8b465ee728b)  -> (artifact id: 'bdbb3478997429905a76b50fb424450f') in 0.036436 seconds 
========================================================================
Received Import Request.
  Time since last request: 0.000049 seconds.
  path: Assets/PolygonNatureBiomes/PNB_Tropical_Jungle/Terrain/Terrain_Sand_Wavy_01.terrainlayer
  artifactKey: Guid(0c68697d26e14864486b9261db170851) Importer(815301076,1909f56bfc062723c751e8b465ee728b)
Start importing Assets/PolygonNatureBiomes/PNB_Tropical_Jungle/Terrain/Terrain_Sand_Wavy_01.terrainlayer using Guid(0c68697d26e14864486b9261db170851) Importer(815301076,1909f56bfc062723c751e8b465ee728b)  -> (artifact id: 'f24f11cf4c6183f3c855f8b2bde807cb') in 0.039964 seconds 
========================================================================
Received Import Request.
  Time since last request: 0.000054 seconds.
  path: Assets/PolygonNatureBiomes/PNB_Tropical_Jungle/Terrain/Terrain_Rock_01.terrainlayer
  artifactKey: Guid(cda7cd11cbcfe20439b9e3dc794e61c0) Importer(815301076,1909f56bfc062723c751e8b465ee728b)
Start importing Assets/PolygonNatureBiomes/PNB_Tropical_Jungle/Terrain/Terrain_Rock_01.terrainlayer using Guid(cda7cd11cbcfe20439b9e3dc794e61c0) Importer(815301076,1909f56bfc062723c751e8b465ee728b)  -> (artifact id: '353f1b1ddae68a2ccfd9369512d568f7') in 0.045414 seconds 
========================================================================
Received Import Request.
  Time since last request: 0.000035 seconds.
  path: Assets/PolygonNatureBiomes/PNB_Tropical_Jungle/Terrain/Terrain_Sand_Debris_01.terrainlayer
  artifactKey: Guid(a72bedf1e21e513408de62f5b2c6051d) Importer(815301076,1909f56bfc062723c751e8b465ee728b)
Start importing Assets/PolygonNatureBiomes/PNB_Tropical_Jungle/Terrain/Terrain_Sand_Debris_01.terrainlayer using Guid(a72bedf1e21e513408de62f5b2c6051d) Importer(815301076,1909f56bfc062723c751e8b465ee728b)  -> (artifact id: '5a46a872d6ece858c794d7a53afe842c') in 0.044945 seconds 
========================================================================
Received Import Request.
  Time since last request: 0.000075 seconds.
  path: Assets/PolygonNatureBiomes/PNB_Tropical_Jungle/Terrain/Terrain_Sand_Wavy_Alt_02.terrainlayer
  artifactKey: Guid(5f6451feb00354b48aa2510d9692c640) Importer(815301076,1909f56bfc062723c751e8b465ee728b)
Start importing Assets/PolygonNatureBiomes/PNB_Tropical_Jungle/Terrain/Terrain_Sand_Wavy_Alt_02.terrainlayer using Guid(5f6451feb00354b48aa2510d9692c640) Importer(815301076,1909f56bfc062723c751e8b465ee728b)  -> (artifact id: '7bdf6a7fbecd04d17f9d136ee8e6d596') in 0.034451 seconds 
Editor requested this worker to shutdown with reason: Scaling down because of idle timeout
AssetImportWorker is now disconnected from the server
Process exiting
Exiting without the bug reporter. Application will terminate with return code 0