Using pre-set license
Built from '2021.3/staging' branch; Version is '2021.3.25f1 (68ef2c4f8861) revision 6876972'; Using compiler version '192829333'; Build Type 'Release'
OS: 'Windows 10  (10.0.19045) 64bit CoreSingleLanguage' Language: 'en' Physical Memory: 15774 MB
BatchMode: 1, IsHumanControllingUs: 0, StartBugReporterOnCrash: 0, Is64bit: 1, IsPro: 1

COMMAND LINE ARGUMENTS:
C:\Program Files\Unity\Hub\Editor\2021.3.25f1\Editor\Unity.exe
-adb2
-batchMode
-noUpm
-name
AssetImportWorker3
-projectPath
C:/Users/CHATHUMINA/Music/IM/GT/Lab 2 ecape room game/New folder/Escape Island
-logFile
Logs/AssetImportWorker3.log
-srvPort
52191
Successfully changed project path to: C:/Users/CHATHUMINA/Music/IM/GT/Lab 2 ecape room game/New folder/Escape Island
C:/Users/CHATHUMINA/Music/IM/GT/Lab 2 ecape room game/New folder/Escape Island
[UnityMemory] Configuration Parameters - Can be set up in boot.config
    "memorysetup-bucket-allocator-granularity=16"
    "memorysetup-bucket-allocator-bucket-count=8"
    "memorysetup-bucket-allocator-block-size=33554432"
    "memorysetup-bucket-allocator-block-count=8"
    "memorysetup-main-allocator-block-size=16777216"
    "memorysetup-thread-allocator-block-size=16777216"
    "memorysetup-gfx-main-allocator-block-size=16777216"
    "memorysetup-gfx-thread-allocator-block-size=16777216"
    "memorysetup-cache-allocator-block-size=4194304"
    "memorysetup-typetree-allocator-block-size=2097152"
    "memorysetup-profiler-bucket-allocator-granularity=16"
    "memorysetup-profiler-bucket-allocator-bucket-count=8"
    "memorysetup-profiler-bucket-allocator-block-size=33554432"
    "memorysetup-profiler-bucket-allocator-block-count=8"
    "memorysetup-profiler-allocator-block-size=16777216"
    "memorysetup-profiler-editor-allocator-block-size=1048576"
    "memorysetup-temp-allocator-size-main=16777216"
    "memorysetup-job-temp-allocator-block-size=2097152"
    "memorysetup-job-temp-allocator-block-size-background=1048576"
    "memorysetup-job-temp-allocator-reduction-small-platforms=262144"
    "memorysetup-temp-allocator-size-background-worker=32768"
    "memorysetup-temp-allocator-size-job-worker=262144"
    "memorysetup-temp-allocator-size-preload-manager=33554432"
    "memorysetup-temp-allocator-size-nav-mesh-worker=65536"
    "memorysetup-temp-allocator-size-audio-worker=65536"
    "memorysetup-temp-allocator-size-cloud-worker=32768"
    "memorysetup-temp-allocator-size-gi-baking-worker=262144"
    "memorysetup-temp-allocator-size-gfx=262144"
Player connection [25440] Host "[IP] 192.168.1.6 [Port] 0 [Flags] 2 [Guid] 241042655 [EditorId] 241042655 [Version] 1048832 [Id] WindowsEditor(7,ROG-G15) [Debug] 1 [PackageName] WindowsEditor [ProjectName] Editor" joined multi-casting on [225.0.0.222:54997]...

Player connection [25440] Host "[IP] 192.168.1.6 [Port] 0 [Flags] 2 [Guid] 241042655 [EditorId] 241042655 [Version] 1048832 [Id] WindowsEditor(7,ROG-G15) [Debug] 1 [PackageName] WindowsEditor [ProjectName] Editor" joined alternative multi-casting on [225.0.0.222:34997]...

Refreshing native plugins compatible for Editor in 156.71 ms, found 3 plugins.
Preloading 0 native plugins for Editor in 0.00 ms.
Initialize engine version: 2021.3.25f1 (68ef2c4f8861)
[Subsystems] Discovering subsystems at path C:/Program Files/Unity/Hub/Editor/2021.3.25f1/Editor/Data/Resources/UnitySubsystems
[Subsystems] Discovering subsystems at path C:/Users/CHATHUMINA/Music/IM/GT/Lab 2 ecape room game/New folder/Escape Island/Assets
GfxDevice: creating device client; threaded=0; jobified=0
Direct3D:
    Version:  Direct3D 11.0 [level 11.1]
    Renderer: NVIDIA GeForce RTX 3050 Ti Laptop GPU (ID=0x25a0)
    Vendor:   NVIDIA
    VRAM:     3962 MB
    Driver:   32.0.15.5612
Initialize mono
Mono path[0] = 'C:/Program Files/Unity/Hub/Editor/2021.3.25f1/Editor/Data/Managed'
Mono path[1] = 'C:/Program Files/Unity/Hub/Editor/2021.3.25f1/Editor/Data/MonoBleedingEdge/lib/mono/unityjit-win32'
Mono config path = 'C:/Program Files/Unity/Hub/Editor/2021.3.25f1/Editor/Data/MonoBleedingEdge/etc'
Using monoOptions --debugger-agent=transport=dt_socket,embedding=1,server=y,suspend=n,address=127.0.0.1:56544
Begin MonoManager ReloadAssembly
Registering precompiled unity dll's ...
Register platform support module: C:/Program Files/Unity/Hub/Editor/2021.3.25f1/Editor/Data/PlaybackEngines/WebGLSupport/UnityEditor.WebGL.Extensions.dll
Register platform support module: C:/Program Files/Unity/Hub/Editor/2021.3.25f1/Editor/Data/PlaybackEngines/WindowsStandaloneSupport/UnityEditor.WindowsStandalone.Extensions.dll
Registered in 0.023038 seconds.
Native extension for WindowsStandalone target not found
Native extension for WebGL target not found
Refreshing native plugins compatible for Editor in 112.98 ms, found 3 plugins.
Preloading 0 native plugins for Editor in 0.00 ms.
Mono: successfully reloaded assembly
- Completed reload, in  0.921 seconds
Domain Reload Profiling:
	ReloadAssembly (921ms)
		BeginReloadAssembly (144ms)
			ExecutionOrderSort (0ms)
			DisableScriptedObjects (0ms)
			BackupInstance (0ms)
			ReleaseScriptingObjects (0ms)
			CreateAndSetChildDomain (1ms)
		EndReloadAssembly (618ms)
			LoadAssemblies (140ms)
			RebuildTransferFunctionScriptingTraits (0ms)
			SetupTypeCache (143ms)
			ReleaseScriptCaches (0ms)
			RebuildScriptCaches (39ms)
			SetupLoadedEditorAssemblies (363ms)
				LogAssemblyErrors (0ms)
				InitializePlatformSupportModulesInManaged (16ms)
				SetLoadedEditorAssemblies (0ms)
				RefreshPlugins (113ms)
				BeforeProcessingInitializeOnLoad (2ms)
				ProcessInitializeOnLoadAttributes (169ms)
				ProcessInitializeOnLoadMethodAttributes (62ms)
				AfterProcessingInitializeOnLoad (0ms)
				EditorAssembliesLoaded (0ms)
			ExecutionOrderSort2 (0ms)
			AwakeInstancesAfterBackupRestoration (0ms)
Platform modules already initialized, skipping
Registering precompiled user dll's ...
Registered in 0.013863 seconds.
Begin MonoManager ReloadAssembly
Symbol file LoadedFromMemory doesn't match image C:\Users\CHATHUMINA\Music\IM\GT\Lab 2 ecape room game\New folder\Escape Island\Library\PackageCache\com.unity.visualscripting@1.8.0\Editor\VisualScripting.Core\Dependencies\YamlDotNet\Unity.VisualScripting.YamlDotNet.dll
Symbol file LoadedFromMemory doesn't match image C:\Users\CHATHUMINA\Music\IM\GT\Lab 2 ecape room game\New folder\Escape Island\Library\PackageCache\com.unity.visualscripting@1.8.0\Editor\VisualScripting.Core\Dependencies\DotNetZip\Unity.VisualScripting.IonicZip.dll
Native extension for WindowsStandalone target not found
Native extension for WebGL target not found
Refreshing native plugins compatible for Editor in 1.15 ms, found 3 plugins.
Preloading 0 native plugins for Editor in 0.00 ms.
Mono: successfully reloaded assembly
- Completed reload, in  1.422 seconds
Domain Reload Profiling:
	ReloadAssembly (1423ms)
		BeginReloadAssembly (193ms)
			ExecutionOrderSort (0ms)
			DisableScriptedObjects (6ms)
			BackupInstance (0ms)
			ReleaseScriptingObjects (0ms)
			CreateAndSetChildDomain (39ms)
		EndReloadAssembly (1084ms)
			LoadAssemblies (162ms)
			RebuildTransferFunctionScriptingTraits (0ms)
			SetupTypeCache (349ms)
			ReleaseScriptCaches (1ms)
			RebuildScriptCaches (59ms)
			SetupLoadedEditorAssemblies (491ms)
				LogAssemblyErrors (0ms)
				InitializePlatformSupportModulesInManaged (13ms)
				SetLoadedEditorAssemblies (1ms)
				RefreshPlugins (1ms)
				BeforeProcessingInitializeOnLoad (119ms)
				ProcessInitializeOnLoadAttributes (307ms)
				ProcessInitializeOnLoadMethodAttributes (29ms)
				AfterProcessingInitializeOnLoad (21ms)
				EditorAssembliesLoaded (0ms)
			ExecutionOrderSort2 (0ms)
			AwakeInstancesAfterBackupRestoration (8ms)
Platform modules already initialized, skipping
========================================================================
Worker process is ready to serve import requests
Launched and connected shader compiler UnityShaderCompiler.exe after 0.12 seconds
Refreshing native plugins compatible for Editor in 20.06 ms, found 3 plugins.
Preloading 0 native plugins for Editor in 0.00 ms.
Unloading 3066 Unused Serialized files (Serialized files now loaded: 0)
Unloading 22 unused Assets / (57.9 KB). Loaded Objects now: 3553.
Memory consumption went from 205.7 MB to 205.6 MB.
Total: 8.624200 ms (FindLiveObjects: 0.823400 ms CreateObjectMapping: 0.160400 ms MarkObjects: 7.101400 ms  DeleteObjects: 0.536100 ms)

AssetImportParameters requested are different than current active one (requested -> active):
  custom:video-decoder-ogg-theora: a1e56fd34408186e4bbccfd4996cb3dc -> 
  custom:container-muxer-webm: aa71ff27fc2769a1b78a27578f13a17b -> 
  custom:container-demuxer-webm: 4f35f7cbe854078d1ac9338744f61a02 -> 
  custom:video-encoder-webm-vp8: eb34c28f22e8b96e1ab97ce403110664 -> 
  custom:video-codec-MediaFoundation-h265: 746d11721c4dcdbdad8f713fa42b33f4 -> 
  custom:audio-encoder-webm-vorbis: bf7c407c2cedff20999df2af8eb42d56 -> 
  custom:framework-win-MediaFoundation: 216162199b28c13a410421893ffa2e32 -> 
  custom:container-demuxer-ogg: 62fdf1f143b41e24485cea50d1cbac27 -> 
  custom:video-decoder-webm-vp8: 9c59270c3fd7afecdb556c50c9e8de78 -> 
  custom:audio-decoder-ogg-vorbis: bf7c407c2cedff20999df2af8eb42d56 -> 
========================================================================
Received Import Request.
  Time since last request: 3631.980580 seconds.
  path: Assets/PolygonPirates/Prefabs/Buildings/SM_Bld_Fort_Base_Circle_03.prefab
  artifactKey: Guid(8c163dddda61b084c828f56e5ffed8b1) Importer(815301076,1909f56bfc062723c751e8b465ee728b)
Start importing Assets/PolygonPirates/Prefabs/Buildings/SM_Bld_Fort_Base_Circle_03.prefab using Guid(8c163dddda61b084c828f56e5ffed8b1) Importer(815301076,1909f56bfc062723c751e8b465ee728b)  -> (artifact id: '1ee89e190ef232868003068671773f48') in 0.235617 seconds 
========================================================================
Received Import Request.
  Time since last request: 240.629884 seconds.
  path: Assets/PolygonPirates/Textures/Texture_01_A.png
  artifactKey: Guid(6fa6e3a289a54da4387f58e1eb847ef8) Importer(815301076,1909f56bfc062723c751e8b465ee728b)
Start importing Assets/PolygonPirates/Textures/Texture_01_A.png using Guid(6fa6e3a289a54da4387f58e1eb847ef8) Importer(815301076,1909f56bfc062723c751e8b465ee728b)  -> (artifact id: '1df414c07d74424134766d1bf539a34c') in 0.037013 seconds 
========================================================================
Received Import Request.
  Time since last request: 0.000068 seconds.
  path: Assets/PolygonPirates/Textures/Texture_02_A.png
  artifactKey: Guid(d0aa688723df2fc449e3997cc5ea5d56) Importer(815301076,1909f56bfc062723c751e8b465ee728b)
Start importing Assets/PolygonPirates/Textures/Texture_02_A.png using Guid(d0aa688723df2fc449e3997cc5ea5d56) Importer(815301076,1909f56bfc062723c751e8b465ee728b)  -> (artifact id: 'b7609808789f70dd84bccff8e84ecee4') in 0.019972 seconds 
========================================================================
Received Import Request.
  Time since last request: 0.000030 seconds.
  path: Assets/PolygonPirates/Textures/Texture_03_B.png
  artifactKey: Guid(cb5e96fe246190f4b8ded4dc50d75dde) Importer(815301076,1909f56bfc062723c751e8b465ee728b)
Start importing Assets/PolygonPirates/Textures/Texture_03_B.png using Guid(cb5e96fe246190f4b8ded4dc50d75dde) Importer(815301076,1909f56bfc062723c751e8b465ee728b)  -> (artifact id: 'ce9d9246a00bd175b2d64f9b285589ea') in 0.030030 seconds 
========================================================================
Received Import Request.
  Time since last request: 0.000036 seconds.
  path: Assets/PolygonPirates/Textures/Texture_01_B.png
  artifactKey: Guid(b4c3496630d6c7b4bab216b60b1a7b8f) Importer(815301076,1909f56bfc062723c751e8b465ee728b)
Start importing Assets/PolygonPirates/Textures/Texture_01_B.png using Guid(b4c3496630d6c7b4bab216b60b1a7b8f) Importer(815301076,1909f56bfc062723c751e8b465ee728b)  -> (artifact id: '252e9eeb42d27789ebdae2bf574d1791') in 0.025739 seconds 
========================================================================
Received Import Request.
  Time since last request: 0.000072 seconds.
  path: Assets/PolygonPirates/Textures/Texture_Emmisive.png
  artifactKey: Guid(875b8ab58396d1840a08ee9d2bd25f70) Importer(815301076,1909f56bfc062723c751e8b465ee728b)
Start importing Assets/PolygonPirates/Textures/Texture_Emmisive.png using Guid(875b8ab58396d1840a08ee9d2bd25f70) Importer(815301076,1909f56bfc062723c751e8b465ee728b)  -> (artifact id: '4f6cb7e27b356d2b53a99fc984095aed') in 0.028994 seconds 
========================================================================
Received Import Request.
  Time since last request: 0.000087 seconds.
  path: Assets/PolygonPirates/Textures/Texture_02_C.png
  artifactKey: Guid(0fc20db2ef18bf847b0cb336b3e4867d) Importer(815301076,1909f56bfc062723c751e8b465ee728b)
Start importing Assets/PolygonPirates/Textures/Texture_02_C.png using Guid(0fc20db2ef18bf847b0cb336b3e4867d) Importer(815301076,1909f56bfc062723c751e8b465ee728b)  -> (artifact id: '066d0d5a7627f44c0e1baeba7790fdb2') in 0.019616 seconds 
========================================================================
Received Import Request.
  Time since last request: 0.000020 seconds.
  path: Assets/PolygonPirates/Textures/Texture_03_C.png
  artifactKey: Guid(a4e09ba2aa6238f4ea9a2ba7188cce20) Importer(815301076,1909f56bfc062723c751e8b465ee728b)
Start importing Assets/PolygonPirates/Textures/Texture_03_C.png using Guid(a4e09ba2aa6238f4ea9a2ba7188cce20) Importer(815301076,1909f56bfc062723c751e8b465ee728b)  -> (artifact id: '77e019a47e43a603e1fd49b010e69bfd') in 0.018399 seconds 
========================================================================
Received Import Request.
  Time since last request: 55.496182 seconds.
  path: Assets/PolygonPirates/Prefabs/Environments/SM_Env_Background_Island_02.prefab
  artifactKey: Guid(2ad035ee0bc7d4b42883de1214c18d8d) Importer(815301076,1909f56bfc062723c751e8b465ee728b)
Start importing Assets/PolygonPirates/Prefabs/Environments/SM_Env_Background_Island_02.prefab using Guid(2ad035ee0bc7d4b42883de1214c18d8d) Importer(815301076,1909f56bfc062723c751e8b465ee728b)  -> (artifact id: '248b3dd84a208d53f020fac84b13dea4') in 0.024603 seconds 
========================================================================
Received Import Request.
  Time since last request: 0.000049 seconds.
  path: Assets/PolygonPirates/Prefabs/Environments/SM_Env_PalmTree_Tall_01.prefab
  artifactKey: Guid(fc743659089657e4e9d77cd4e157ce3d) Importer(815301076,1909f56bfc062723c751e8b465ee728b)
Start importing Assets/PolygonPirates/Prefabs/Environments/SM_Env_PalmTree_Tall_01.prefab using Guid(fc743659089657e4e9d77cd4e157ce3d) Importer(815301076,1909f56bfc062723c751e8b465ee728b)  -> (artifact id: '412ef19c523a19874ff6c6002a33b85a') in 0.027832 seconds 
========================================================================
Received Import Request.
  Time since last request: 0.000033 seconds.
  path: Assets/PolygonPirates/Prefabs/Environments/SM_Env_SmallRock_01.prefab
  artifactKey: Guid(9259de520b01f014399227190d1a6e94) Importer(815301076,1909f56bfc062723c751e8b465ee728b)
Start importing Assets/PolygonPirates/Prefabs/Environments/SM_Env_SmallRock_01.prefab using Guid(9259de520b01f014399227190d1a6e94) Importer(815301076,1909f56bfc062723c751e8b465ee728b)  -> (artifact id: '69f2ef20ae57cb806b8f0a38d6c06a19') in 0.027674 seconds 
========================================================================
Received Import Request.
  Time since last request: 0.000032 seconds.
  path: Assets/PolygonPirates/Prefabs/Environments/SM_Env_Beach_05.prefab
  artifactKey: Guid(1e0f5f02bf25ef14d8b4e1d9b148d9fd) Importer(815301076,1909f56bfc062723c751e8b465ee728b)
Start importing Assets/PolygonPirates/Prefabs/Environments/SM_Env_Beach_05.prefab using Guid(1e0f5f02bf25ef14d8b4e1d9b148d9fd) Importer(815301076,1909f56bfc062723c751e8b465ee728b)  -> (artifact id: 'e8a19fd0a7f91840b94b3b992003864d') in 0.031591 seconds 
========================================================================
Received Import Request.
  Time since last request: 0.000042 seconds.
  path: Assets/PolygonPirates/Prefabs/Environments/SM_Env_Tile_Grass_01.prefab
  artifactKey: Guid(c8e0036d1bcbc5f47b80672ab3051ad0) Importer(815301076,1909f56bfc062723c751e8b465ee728b)
Start importing Assets/PolygonPirates/Prefabs/Environments/SM_Env_Tile_Grass_01.prefab using Guid(c8e0036d1bcbc5f47b80672ab3051ad0) Importer(815301076,1909f56bfc062723c751e8b465ee728b)  -> (artifact id: 'ca2538c3fbce98593474a36f97beb167') in 0.027956 seconds 
========================================================================
Received Import Request.
  Time since last request: 0.000056 seconds.
  path: Assets/PolygonPirates/Prefabs/Environments/SM_Env_Grass_02.prefab
  artifactKey: Guid(13456bf9422f82d49a114cd90b9dd9d2) Importer(815301076,1909f56bfc062723c751e8b465ee728b)
Start importing Assets/PolygonPirates/Prefabs/Environments/SM_Env_Grass_02.prefab using Guid(13456bf9422f82d49a114cd90b9dd9d2) Importer(815301076,1909f56bfc062723c751e8b465ee728b)  -> (artifact id: '7208f255e9a79b3f88bf4f36db787379') in 0.034000 seconds 
========================================================================
Received Import Request.
  Time since last request: 0.000046 seconds.
  path: Assets/PolygonPirates/Prefabs/Environments/SM_Env_Background_Island_04.prefab
  artifactKey: Guid(5d22557a6ae88c94f9463d673b84f441) Importer(815301076,1909f56bfc062723c751e8b465ee728b)
Start importing Assets/PolygonPirates/Prefabs/Environments/SM_Env_Background_Island_04.prefab using Guid(5d22557a6ae88c94f9463d673b84f441) Importer(815301076,1909f56bfc062723c751e8b465ee728b)  -> (artifact id: '9cd37f60b40a5edc4ee233e3697772ac') in 0.032121 seconds 
========================================================================
Received Import Request.
  Time since last request: 0.000034 seconds.
  path: Assets/PolygonPirates/Prefabs/Environments/SM_Env_Rock_Huge_02.prefab
  artifactKey: Guid(cab18c6c98d812e45a5e64e9860b3772) Importer(815301076,1909f56bfc062723c751e8b465ee728b)
Start importing Assets/PolygonPirates/Prefabs/Environments/SM_Env_Rock_Huge_02.prefab using Guid(cab18c6c98d812e45a5e64e9860b3772) Importer(815301076,1909f56bfc062723c751e8b465ee728b)  -> (artifact id: 'de168eb6d8e9e573eab94d60da636a8e') in 0.029814 seconds 
========================================================================
Received Import Request.
  Time since last request: 0.000055 seconds.
  path: Assets/PolygonPirates/Prefabs/Environments/SM_Env_Rock_Large_03.prefab
  artifactKey: Guid(2d3f20e70723c1c44bd53c786fdc7b7b) Importer(815301076,1909f56bfc062723c751e8b465ee728b)
Start importing Assets/PolygonPirates/Prefabs/Environments/SM_Env_Rock_Large_03.prefab using Guid(2d3f20e70723c1c44bd53c786fdc7b7b) Importer(815301076,1909f56bfc062723c751e8b465ee728b)  -> (artifact id: '388ba00a378392c2b737e61123b7d340') in 0.029056 seconds 
========================================================================
Received Import Request.
  Time since last request: 0.000040 seconds.
  path: Assets/PolygonPirates/Prefabs/Environments/SM_Env_Cloud_03.prefab
  artifactKey: Guid(e97ffd2840ec39549b04e1672b07f75f) Importer(815301076,1909f56bfc062723c751e8b465ee728b)
Start importing Assets/PolygonPirates/Prefabs/Environments/SM_Env_Cloud_03.prefab using Guid(e97ffd2840ec39549b04e1672b07f75f) Importer(815301076,1909f56bfc062723c751e8b465ee728b)  -> (artifact id: 'd28e7472e2900159113c0a2c9e4f6ed2') in 0.024952 seconds 
========================================================================
Received Import Request.
  Time since last request: 0.000031 seconds.
  path: Assets/PolygonPirates/Prefabs/Environments/SM_Env_Beach_01.prefab
  artifactKey: Guid(fd7df8eb43bb03948b87690bd2ef2b56) Importer(815301076,1909f56bfc062723c751e8b465ee728b)
Start importing Assets/PolygonPirates/Prefabs/Environments/SM_Env_Beach_01.prefab using Guid(fd7df8eb43bb03948b87690bd2ef2b56) Importer(815301076,1909f56bfc062723c751e8b465ee728b)  -> (artifact id: '9c09090a7df149ebeef2f57f4fc19c9f') in 0.028424 seconds 
========================================================================
Received Import Request.
  Time since last request: 0.000060 seconds.
  path: Assets/PolygonPirates/Prefabs/Environments/SM_Env_Beach_Pile_01.prefab
  artifactKey: Guid(538005a95a30b614fabe8e43531f1981) Importer(815301076,1909f56bfc062723c751e8b465ee728b)
Start importing Assets/PolygonPirates/Prefabs/Environments/SM_Env_Beach_Pile_01.prefab using Guid(538005a95a30b614fabe8e43531f1981) Importer(815301076,1909f56bfc062723c751e8b465ee728b)  -> (artifact id: 'e9715361c9691029ba1fb28aa5b30576') in 0.028566 seconds 
========================================================================
Received Import Request.
  Time since last request: 0.000059 seconds.
  path: Assets/PolygonPirates/Prefabs/Environments/SM_Env_Rock_Arch_01.prefab
  artifactKey: Guid(208fdd3ef1228294c807f19ad1f8a2b3) Importer(815301076,1909f56bfc062723c751e8b465ee728b)
Start importing Assets/PolygonPirates/Prefabs/Environments/SM_Env_Rock_Arch_01.prefab using Guid(208fdd3ef1228294c807f19ad1f8a2b3) Importer(815301076,1909f56bfc062723c751e8b465ee728b)  -> (artifact id: '0c3b9d50efb9e71e3270a1e113e200d5') in 0.029168 seconds 
========================================================================
Received Import Request.
  Time since last request: 0.000056 seconds.
  path: Assets/PolygonPirates/Prefabs/Environments/SM_Env_Mangrove_Tree_01.prefab
  artifactKey: Guid(5e7b6b95fb6b328478f2ffbc8cf7f9e5) Importer(815301076,1909f56bfc062723c751e8b465ee728b)
Start importing Assets/PolygonPirates/Prefabs/Environments/SM_Env_Mangrove_Tree_01.prefab using Guid(5e7b6b95fb6b328478f2ffbc8cf7f9e5) Importer(815301076,1909f56bfc062723c751e8b465ee728b)  -> (artifact id: '8869c6743d2f487112681c8d87653533') in 0.031806 seconds 
========================================================================
Received Import Request.
  Time since last request: 0.000024 seconds.
  path: Assets/PolygonPirates/Prefabs/Environments/SM_Env_PalmBush_03.prefab
  artifactKey: Guid(475b0e29ccc50924a851f3fc5b3eb659) Importer(815301076,1909f56bfc062723c751e8b465ee728b)
Start importing Assets/PolygonPirates/Prefabs/Environments/SM_Env_PalmBush_03.prefab using Guid(475b0e29ccc50924a851f3fc5b3eb659) Importer(815301076,1909f56bfc062723c751e8b465ee728b)  -> (artifact id: 'be67c6310a6c56f7f03634f5f3c69750') in 0.031221 seconds 
========================================================================
Received Import Request.
  Time since last request: 0.000053 seconds.
  path: Assets/PolygonPirates/Prefabs/Environments/SM_Env_Rocks_03.prefab
  artifactKey: Guid(65599d67f43c9e3448b2846c4d9e8ab6) Importer(815301076,1909f56bfc062723c751e8b465ee728b)
Start importing Assets/PolygonPirates/Prefabs/Environments/SM_Env_Rocks_03.prefab using Guid(65599d67f43c9e3448b2846c4d9e8ab6) Importer(815301076,1909f56bfc062723c751e8b465ee728b)  -> (artifact id: 'f7c3c4e9e96dbde926de8590606fd053') in 0.027672 seconds 
========================================================================
Received Import Request.
  Time since last request: 0.000043 seconds.
  path: Assets/PolygonPirates/Prefabs/Environments/SM_Env_Rock_Large_07.prefab
  artifactKey: Guid(59c46909f95e9a94fae7eea9a6ddc7d9) Importer(815301076,1909f56bfc062723c751e8b465ee728b)
Start importing Assets/PolygonPirates/Prefabs/Environments/SM_Env_Rock_Large_07.prefab using Guid(59c46909f95e9a94fae7eea9a6ddc7d9) Importer(815301076,1909f56bfc062723c751e8b465ee728b)  -> (artifact id: 'd342b70b4c101478236345544c84a388') in 0.041521 seconds 
========================================================================
Received Import Request.
  Time since last request: 0.000053 seconds.
  path: Assets/PolygonPirates/Prefabs/Environments/SM_Env_PalmTree_02.prefab
  artifactKey: Guid(cc73a13bbda6a7f4ca14d0763f94fc5e) Importer(815301076,1909f56bfc062723c751e8b465ee728b)
Start importing Assets/PolygonPirates/Prefabs/Environments/SM_Env_PalmTree_02.prefab using Guid(cc73a13bbda6a7f4ca14d0763f94fc5e) Importer(815301076,1909f56bfc062723c751e8b465ee728b)  -> (artifact id: 'a990372bcd9aee491e8e59e9d50e376d') in 0.032537 seconds 
========================================================================
Received Import Request.
  Time since last request: 0.000041 seconds.
  path: Assets/PolygonPirates/Prefabs/Environments/SM_Env_Bush_01.prefab
  artifactKey: Guid(80d8a0a4c08d03e4182949075206e069) Importer(815301076,1909f56bfc062723c751e8b465ee728b)
Start importing Assets/PolygonPirates/Prefabs/Environments/SM_Env_Bush_01.prefab using Guid(80d8a0a4c08d03e4182949075206e069) Importer(815301076,1909f56bfc062723c751e8b465ee728b)  -> (artifact id: '14e828d5785a123e76f0d4bf1fa95ae1') in 0.029471 seconds 
========================================================================
Received Import Request.
  Time since last request: 0.000035 seconds.
  path: Assets/PolygonPirates/Prefabs/Environments/SM_Env_Mangrove_Tree_02.prefab
  artifactKey: Guid(16b19d5b7b2ae024bab41e01ee8a37c5) Importer(815301076,1909f56bfc062723c751e8b465ee728b)
Start importing Assets/PolygonPirates/Prefabs/Environments/SM_Env_Mangrove_Tree_02.prefab using Guid(16b19d5b7b2ae024bab41e01ee8a37c5) Importer(815301076,1909f56bfc062723c751e8b465ee728b)  -> (artifact id: '102005f7d7bbdbfa3f4cdbea63ce8a02') in 0.045161 seconds 
========================================================================
Received Import Request.
  Time since last request: 0.000051 seconds.
  path: Assets/PolygonPirates/Prefabs/Environments/SM_Env_Rock_Large_05.prefab
  artifactKey: Guid(aaf146f0b1899d54a8a5cf4be35172cd) Importer(815301076,1909f56bfc062723c751e8b465ee728b)
Start importing Assets/PolygonPirates/Prefabs/Environments/SM_Env_Rock_Large_05.prefab using Guid(aaf146f0b1899d54a8a5cf4be35172cd) Importer(815301076,1909f56bfc062723c751e8b465ee728b)  -> (artifact id: 'd5a0236f2f7bf02967a4ef6bd79fcd2d') in 0.031035 seconds 
========================================================================
Received Import Request.
  Time since last request: 0.000053 seconds.
  path: Assets/PolygonPirates/Prefabs/Environments/SM_Env_Sunflower_02.prefab
  artifactKey: Guid(cf6d77aef58c04146b5f9e2856e2d912) Importer(815301076,1909f56bfc062723c751e8b465ee728b)
Start importing Assets/PolygonPirates/Prefabs/Environments/SM_Env_Sunflower_02.prefab using Guid(cf6d77aef58c04146b5f9e2856e2d912) Importer(815301076,1909f56bfc062723c751e8b465ee728b)  -> (artifact id: '1340f5d69caf85763c050cb046dacf08') in 0.031759 seconds 
========================================================================
Received Import Request.
  Time since last request: 4.824024 seconds.
  path: Assets/PolygonPirates/Prefabs/Vehicles/SM_Flag_Pirate_02.prefab
  artifactKey: Guid(ad75a0e63b46d8d438738423a74e797f) Importer(815301076,1909f56bfc062723c751e8b465ee728b)
Start importing Assets/PolygonPirates/Prefabs/Vehicles/SM_Flag_Pirate_02.prefab using Guid(ad75a0e63b46d8d438738423a74e797f) Importer(815301076,1909f56bfc062723c751e8b465ee728b)  -> (artifact id: '3953b0bce5f3bd5ce4eda17f5035c497') in 0.019532 seconds 
========================================================================
Received Import Request.
  Time since last request: 0.000037 seconds.
  path: Assets/PolygonPirates/Prefabs/Vehicles/SM_Veh_Boat_Warship_01_Hull.prefab
  artifactKey: Guid(f997b4da461b427448692385e302007f) Importer(815301076,1909f56bfc062723c751e8b465ee728b)
Start importing Assets/PolygonPirates/Prefabs/Vehicles/SM_Veh_Boat_Warship_01_Hull.prefab using Guid(f997b4da461b427448692385e302007f) Importer(815301076,1909f56bfc062723c751e8b465ee728b)  -> (artifact id: 'dc65c477c9e31cc0e8edbfe527c6006c') in 0.058872 seconds 
========================================================================
Received Import Request.
  Time since last request: 0.000057 seconds.
  path: Assets/PolygonPirates/Prefabs/Vehicles/SM_Veh_Boat_Rowing_01_Hull_Pirate_Attachments.prefab
  artifactKey: Guid(12a71185513d5a548a19c15f526c6938) Importer(815301076,1909f56bfc062723c751e8b465ee728b)
Start importing Assets/PolygonPirates/Prefabs/Vehicles/SM_Veh_Boat_Rowing_01_Hull_Pirate_Attachments.prefab using Guid(12a71185513d5a548a19c15f526c6938) Importer(815301076,1909f56bfc062723c751e8b465ee728b)  -> (artifact id: '5171fbec9d0ecaf4dc19978ef697b72c') in 0.033749 seconds 
========================================================================
Received Import Request.
  Time since last request: 0.000043 seconds.
  path: Assets/PolygonPirates/Prefabs/Vehicles/SM_Veh_Extra_Barrels_01.prefab
  artifactKey: Guid(02698ac85a89eb04f858a29b3891b849) Importer(815301076,1909f56bfc062723c751e8b465ee728b)
Start importing Assets/PolygonPirates/Prefabs/Vehicles/SM_Veh_Extra_Barrels_01.prefab using Guid(02698ac85a89eb04f858a29b3891b849) Importer(815301076,1909f56bfc062723c751e8b465ee728b)  -> (artifact id: '0e6cf871d1920f5e2e3fd05a8b81e1c8') in 0.036347 seconds 
========================================================================
Received Import Request.
  Time since last request: 0.000101 seconds.
  path: Assets/PolygonPirates/Prefabs/Vehicles/SM_Veh_Boat_Medium_01_Hull_Pirate_Attachments.prefab
  artifactKey: Guid(08fa080060d162343b94ac13ffbe8f1e) Importer(815301076,1909f56bfc062723c751e8b465ee728b)
Start importing Assets/PolygonPirates/Prefabs/Vehicles/SM_Veh_Boat_Medium_01_Hull_Pirate_Attachments.prefab using Guid(08fa080060d162343b94ac13ffbe8f1e) Importer(815301076,1909f56bfc062723c751e8b465ee728b)  -> (artifact id: 'd6efbdfd74ab6f317c2705f143347825') in 0.040452 seconds 
========================================================================
Received Import Request.
  Time since last request: 0.000029 seconds.
  path: Assets/PolygonPirates/Prefabs/Vehicles/SM_Veh_Boat_Medium_01_Hull_Pirate.prefab
  artifactKey: Guid(ef94ea0131455ed4cbdd3b8edf856594) Importer(815301076,1909f56bfc062723c751e8b465ee728b)
Start importing Assets/PolygonPirates/Prefabs/Vehicles/SM_Veh_Boat_Medium_01_Hull_Pirate.prefab using Guid(ef94ea0131455ed4cbdd3b8edf856594) Importer(815301076,1909f56bfc062723c751e8b465ee728b)  -> (artifact id: '9b7f889e0da0d6712c55873f4f1eaac2') in 0.029076 seconds 
========================================================================
Received Import Request.
  Time since last request: 0.000047 seconds.
  path: Assets/PolygonPirates/Prefabs/Vehicles/SM_Veh_Boat_Rowing_01_Hull.prefab
  artifactKey: Guid(e87bf632e58223940b2a56c89b15c4cc) Importer(815301076,1909f56bfc062723c751e8b465ee728b)
Start importing Assets/PolygonPirates/Prefabs/Vehicles/SM_Veh_Boat_Rowing_01_Hull.prefab using Guid(e87bf632e58223940b2a56c89b15c4cc) Importer(815301076,1909f56bfc062723c751e8b465ee728b)  -> (artifact id: '5166f190b0b1a4b321c1d57b86aeb9ac') in 0.031245 seconds 
========================================================================
Received Import Request.
  Time since last request: 0.000042 seconds.
  path: Assets/PolygonPirates/Prefabs/Vehicles/SM_Veh_Veh_Boat_Large_01_Hull_Attachments.prefab
  artifactKey: Guid(0d71d30c9fed80c44b9d25ec8f50c8f8) Importer(815301076,1909f56bfc062723c751e8b465ee728b)
Start importing Assets/PolygonPirates/Prefabs/Vehicles/SM_Veh_Veh_Boat_Large_01_Hull_Attachments.prefab using Guid(0d71d30c9fed80c44b9d25ec8f50c8f8) Importer(815301076,1909f56bfc062723c751e8b465ee728b)  -> (artifact id: '2df9ef478575dd21256cc80c797b6ab3') in 0.050828 seconds 
========================================================================
Received Import Request.
  Time since last request: 0.000044 seconds.
  path: Assets/PolygonPirates/Prefabs/Vehicles/SM_Veh_Veh_Boat_Large_01_Hull_Pirate.prefab
  artifactKey: Guid(98623ce8d34f75e4a9336156075cac17) Importer(815301076,1909f56bfc062723c751e8b465ee728b)
Start importing Assets/PolygonPirates/Prefabs/Vehicles/SM_Veh_Veh_Boat_Large_01_Hull_Pirate.prefab using Guid(98623ce8d34f75e4a9336156075cac17) Importer(815301076,1909f56bfc062723c751e8b465ee728b)  -> (artifact id: '74e4cc21fa465f3967c68aa9f9e9ebb3') in 0.039412 seconds 
========================================================================
Received Import Request.
  Time since last request: 681.829570 seconds.
  path: Assets/PolygonPirates/Prefabs/Environments/SM_Env_Tree_Base_01.prefab
  artifactKey: Guid(92bb6e2f8fc23254f8d299b6f2b7601c) Importer(815301076,1909f56bfc062723c751e8b465ee728b)
Start importing Assets/PolygonPirates/Prefabs/Environments/SM_Env_Tree_Base_01.prefab using Guid(92bb6e2f8fc23254f8d299b6f2b7601c) Importer(815301076,1909f56bfc062723c751e8b465ee728b)  -> (artifact id: 'ede3c0288190dddca1881201553652c2') in 0.023981 seconds 
========================================================================
Received Import Request.
  Time since last request: 0.008303 seconds.
  path: Assets/PolygonPirates/Prefabs/Environments/SM_Env_Tree_Base_02.prefab
  artifactKey: Guid(dea130fa14f34fe4d9c01cc7f1e7f142) Importer(815301076,1909f56bfc062723c751e8b465ee728b)
Start importing Assets/PolygonPirates/Prefabs/Environments/SM_Env_Tree_Base_02.prefab using Guid(dea130fa14f34fe4d9c01cc7f1e7f142) Importer(815301076,1909f56bfc062723c751e8b465ee728b)  -> (artifact id: 'f54ae3229b0183d6208b62ea31b14fa7') in 0.029754 seconds 
========================================================================
Received Import Request.
  Time since last request: 0.000075 seconds.
  path: Assets/PolygonPirates/Prefabs/Environments/SM_Env_Tree_Large_02.prefab
  artifactKey: Guid(5020b8d7aa9cd7a46a242706ea6cdcb9) Importer(815301076,1909f56bfc062723c751e8b465ee728b)
Start importing Assets/PolygonPirates/Prefabs/Environments/SM_Env_Tree_Large_02.prefab using Guid(5020b8d7aa9cd7a46a242706ea6cdcb9) Importer(815301076,1909f56bfc062723c751e8b465ee728b)  -> (artifact id: 'aee987cab719c411a8f140270e933c6e') in 0.030121 seconds 
========================================================================
Received Import Request.
  Time since last request: 0.000077 seconds.
  path: Assets/PolygonPirates/Prefabs/Environments/SM_Env_Tree_Vines_05.prefab
  artifactKey: Guid(7a0f2da323bd14e478d9c20dfb5dad6a) Importer(815301076,1909f56bfc062723c751e8b465ee728b)
Start importing Assets/PolygonPirates/Prefabs/Environments/SM_Env_Tree_Vines_05.prefab using Guid(7a0f2da323bd14e478d9c20dfb5dad6a) Importer(815301076,1909f56bfc062723c751e8b465ee728b)  -> (artifact id: '729b074aca58e4f9ac74f9cebb05c88e') in 0.029431 seconds 
========================================================================
Received Import Request.
  Time since last request: 0.000033 seconds.
  path: Assets/PolygonPirates/Prefabs/Environments/SM_Env_Vines_Wall_01.prefab
  artifactKey: Guid(9fe63ff9933af7642a3ee957dde531f1) Importer(815301076,1909f56bfc062723c751e8b465ee728b)
Start importing Assets/PolygonPirates/Prefabs/Environments/SM_Env_Vines_Wall_01.prefab using Guid(9fe63ff9933af7642a3ee957dde531f1) Importer(815301076,1909f56bfc062723c751e8b465ee728b)  -> (artifact id: '56d0a5f5d251530e440c0084ec30936b') in 0.030965 seconds 
========================================================================
Received Import Request.
  Time since last request: 0.000039 seconds.
  path: Assets/PolygonPirates/Prefabs/Environments/SM_Env_Tree_Canopy_01.prefab
  artifactKey: Guid(cfca1c089299e6d4bb39400674ffee14) Importer(815301076,1909f56bfc062723c751e8b465ee728b)
Start importing Assets/PolygonPirates/Prefabs/Environments/SM_Env_Tree_Canopy_01.prefab using Guid(cfca1c089299e6d4bb39400674ffee14) Importer(815301076,1909f56bfc062723c751e8b465ee728b)  -> (artifact id: 'b80b089f976e6760cfc243c7b4921c31') in 0.020963 seconds 
========================================================================
Received Import Request.
  Time since last request: 0.000027 seconds.
  path: Assets/PolygonPirates/Prefabs/Environments/SM_Env_Tree_Canopy_04.prefab
  artifactKey: Guid(fa968fd5cd6b6c04f96dc2a247a893b5) Importer(815301076,1909f56bfc062723c751e8b465ee728b)
Start importing Assets/PolygonPirates/Prefabs/Environments/SM_Env_Tree_Canopy_04.prefab using Guid(fa968fd5cd6b6c04f96dc2a247a893b5) Importer(815301076,1909f56bfc062723c751e8b465ee728b)  -> (artifact id: 'b193501c3033d9c8ec6d0e45017475cf') in 0.023981 seconds 
========================================================================
Received Import Request.
  Time since last request: 0.000031 seconds.
  path: Assets/PolygonPirates/Prefabs/Environments/SM_Env_Tree_Vines_03.prefab
  artifactKey: Guid(8a7535e51b66a0446aa434e60175373d) Importer(815301076,1909f56bfc062723c751e8b465ee728b)
Start importing Assets/PolygonPirates/Prefabs/Environments/SM_Env_Tree_Vines_03.prefab using Guid(8a7535e51b66a0446aa434e60175373d) Importer(815301076,1909f56bfc062723c751e8b465ee728b)  -> (artifact id: '149a6d117d647ae05165956807f233e6') in 0.025451 seconds 
Editor requested this worker to shutdown with reason: Scaling down because of idle timeout
AssetImportWorker is now disconnected from the server
Process exiting
Exiting without the bug reporter. Application will terminate with return code 0