Using pre-set license
Built from '2021.3/staging' branch; Version is '2021.3.25f1 (68ef2c4f8861) revision 6876972'; Using compiler version '192829333'; Build Type 'Release'
OS: 'Windows 10  (10.0.19045) 64bit CoreSingleLanguage' Language: 'en' Physical Memory: 15774 MB
BatchMode: 1, IsHumanControllingUs: 0, StartBugReporterOnCrash: 0, Is64bit: 1, IsPro: 1

COMMAND LINE ARGUMENTS:
C:\Program Files\Unity\Hub\Editor\2021.3.25f1\Editor\Unity.exe
-adb2
-batchMode
-noUpm
-name
AssetImportWorker6
-projectPath
C:/Users/CHATHUMINA/Music/IM/GT/Lab 2 ecape room game/New folder/Escape Island
-logFile
Logs/AssetImportWorker6.log
-srvPort
52191
Successfully changed project path to: C:/Users/CHATHUMINA/Music/IM/GT/Lab 2 ecape room game/New folder/Escape Island
C:/Users/CHATHUMINA/Music/IM/GT/Lab 2 ecape room game/New folder/Escape Island
[UnityMemory] Configuration Parameters - Can be set up in boot.config
    "memorysetup-bucket-allocator-granularity=16"
    "memorysetup-bucket-allocator-bucket-count=8"
    "memorysetup-bucket-allocator-block-size=33554432"
    "memorysetup-bucket-allocator-block-count=8"
    "memorysetup-main-allocator-block-size=16777216"
    "memorysetup-thread-allocator-block-size=16777216"
    "memorysetup-gfx-main-allocator-block-size=16777216"
    "memorysetup-gfx-thread-allocator-block-size=16777216"
    "memorysetup-cache-allocator-block-size=4194304"
    "memorysetup-typetree-allocator-block-size=2097152"
    "memorysetup-profiler-bucket-allocator-granularity=16"
    "memorysetup-profiler-bucket-allocator-bucket-count=8"
    "memorysetup-profiler-bucket-allocator-block-size=33554432"
    "memorysetup-profiler-bucket-allocator-block-count=8"
    "memorysetup-profiler-allocator-block-size=16777216"
    "memorysetup-profiler-editor-allocator-block-size=1048576"
    "memorysetup-temp-allocator-size-main=16777216"
    "memorysetup-job-temp-allocator-block-size=2097152"
    "memorysetup-job-temp-allocator-block-size-background=1048576"
    "memorysetup-job-temp-allocator-reduction-small-platforms=262144"
    "memorysetup-temp-allocator-size-background-worker=32768"
    "memorysetup-temp-allocator-size-job-worker=262144"
    "memorysetup-temp-allocator-size-preload-manager=33554432"
    "memorysetup-temp-allocator-size-nav-mesh-worker=65536"
    "memorysetup-temp-allocator-size-audio-worker=65536"
    "memorysetup-temp-allocator-size-cloud-worker=32768"
    "memorysetup-temp-allocator-size-gi-baking-worker=262144"
    "memorysetup-temp-allocator-size-gfx=262144"
Player connection [312] Host "[IP] 192.168.1.6 [Port] 0 [Flags] 2 [Guid] 2890861069 [EditorId] 2890861069 [Version] 1048832 [Id] WindowsEditor(7,ROG-G15) [Debug] 1 [PackageName] WindowsEditor [ProjectName] Editor" joined multi-casting on [225.0.0.222:54997]...

Player connection [312] Host "[IP] 192.168.1.6 [Port] 0 [Flags] 2 [Guid] 2890861069 [EditorId] 2890861069 [Version] 1048832 [Id] WindowsEditor(7,ROG-G15) [Debug] 1 [PackageName] WindowsEditor [ProjectName] Editor" joined alternative multi-casting on [225.0.0.222:34997]...

Refreshing native plugins compatible for Editor in 96.55 ms, found 3 plugins.
Preloading 0 native plugins for Editor in 0.00 ms.
Initialize engine version: 2021.3.25f1 (68ef2c4f8861)
[Subsystems] Discovering subsystems at path C:/Program Files/Unity/Hub/Editor/2021.3.25f1/Editor/Data/Resources/UnitySubsystems
[Subsystems] Discovering subsystems at path C:/Users/CHATHUMINA/Music/IM/GT/Lab 2 ecape room game/New folder/Escape Island/Assets
GfxDevice: creating device client; threaded=0; jobified=0
Direct3D:
    Version:  Direct3D 11.0 [level 11.1]
    Renderer: NVIDIA GeForce RTX 3050 Ti Laptop GPU (ID=0x25a0)
    Vendor:   NVIDIA
    VRAM:     3962 MB
    Driver:   32.0.15.5612
Initialize mono
Mono path[0] = 'C:/Program Files/Unity/Hub/Editor/2021.3.25f1/Editor/Data/Managed'
Mono path[1] = 'C:/Program Files/Unity/Hub/Editor/2021.3.25f1/Editor/Data/MonoBleedingEdge/lib/mono/unityjit-win32'
Mono config path = 'C:/Program Files/Unity/Hub/Editor/2021.3.25f1/Editor/Data/MonoBleedingEdge/etc'
Using monoOptions --debugger-agent=transport=dt_socket,embedding=1,server=y,suspend=n,address=127.0.0.1:56756
Begin MonoManager ReloadAssembly
Registering precompiled unity dll's ...
Register platform support module: C:/Program Files/Unity/Hub/Editor/2021.3.25f1/Editor/Data/PlaybackEngines/WebGLSupport/UnityEditor.WebGL.Extensions.dll
Register platform support module: C:/Program Files/Unity/Hub/Editor/2021.3.25f1/Editor/Data/PlaybackEngines/WindowsStandaloneSupport/UnityEditor.WindowsStandalone.Extensions.dll
Registered in 0.015351 seconds.
Native extension for WindowsStandalone target not found
Native extension for WebGL target not found
Refreshing native plugins compatible for Editor in 92.41 ms, found 3 plugins.
Preloading 0 native plugins for Editor in 0.00 ms.
Mono: successfully reloaded assembly
- Completed reload, in  0.685 seconds
Domain Reload Profiling:
	ReloadAssembly (685ms)
		BeginReloadAssembly (113ms)
			ExecutionOrderSort (0ms)
			DisableScriptedObjects (0ms)
			BackupInstance (0ms)
			ReleaseScriptingObjects (0ms)
			CreateAndSetChildDomain (1ms)
		EndReloadAssembly (453ms)
			LoadAssemblies (110ms)
			RebuildTransferFunctionScriptingTraits (0ms)
			SetupTypeCache (102ms)
			ReleaseScriptCaches (0ms)
			RebuildScriptCaches (32ms)
			SetupLoadedEditorAssemblies (263ms)
				LogAssemblyErrors (0ms)
				InitializePlatformSupportModulesInManaged (13ms)
				SetLoadedEditorAssemblies (0ms)
				RefreshPlugins (93ms)
				BeforeProcessingInitializeOnLoad (1ms)
				ProcessInitializeOnLoadAttributes (114ms)
				ProcessInitializeOnLoadMethodAttributes (42ms)
				AfterProcessingInitializeOnLoad (0ms)
				EditorAssembliesLoaded (0ms)
			ExecutionOrderSort2 (0ms)
			AwakeInstancesAfterBackupRestoration (0ms)
Platform modules already initialized, skipping
Registering precompiled user dll's ...
Registered in 0.010302 seconds.
Begin MonoManager ReloadAssembly
Symbol file LoadedFromMemory doesn't match image C:\Users\CHATHUMINA\Music\IM\GT\Lab 2 ecape room game\New folder\Escape Island\Library\PackageCache\com.unity.visualscripting@1.8.0\Editor\VisualScripting.Core\Dependencies\YamlDotNet\Unity.VisualScripting.YamlDotNet.dll
Symbol file LoadedFromMemory doesn't match image C:\Users\CHATHUMINA\Music\IM\GT\Lab 2 ecape room game\New folder\Escape Island\Library\PackageCache\com.unity.visualscripting@1.8.0\Editor\VisualScripting.Core\Dependencies\DotNetZip\Unity.VisualScripting.IonicZip.dll
Native extension for WindowsStandalone target not found
Native extension for WebGL target not found
Refreshing native plugins compatible for Editor in 0.82 ms, found 3 plugins.
Preloading 0 native plugins for Editor in 0.00 ms.
Mono: successfully reloaded assembly
- Completed reload, in  1.069 seconds
Domain Reload Profiling:
	ReloadAssembly (1070ms)
		BeginReloadAssembly (149ms)
			ExecutionOrderSort (0ms)
			DisableScriptedObjects (5ms)
			BackupInstance (0ms)
			ReleaseScriptingObjects (0ms)
			CreateAndSetChildDomain (25ms)
		EndReloadAssembly (814ms)
			LoadAssemblies (130ms)
			RebuildTransferFunctionScriptingTraits (0ms)
			SetupTypeCache (252ms)
			ReleaseScriptCaches (1ms)
			RebuildScriptCaches (56ms)
			SetupLoadedEditorAssemblies (360ms)
				LogAssemblyErrors (0ms)
				InitializePlatformSupportModulesInManaged (10ms)
				SetLoadedEditorAssemblies (0ms)
				RefreshPlugins (1ms)
				BeforeProcessingInitializeOnLoad (94ms)
				ProcessInitializeOnLoadAttributes (222ms)
				ProcessInitializeOnLoadMethodAttributes (17ms)
				AfterProcessingInitializeOnLoad (16ms)
				EditorAssembliesLoaded (0ms)
			ExecutionOrderSort2 (0ms)
			AwakeInstancesAfterBackupRestoration (6ms)
Platform modules already initialized, skipping
========================================================================
Worker process is ready to serve import requests
Launched and connected shader compiler UnityShaderCompiler.exe after 0.07 seconds
Refreshing native plugins compatible for Editor in 0.91 ms, found 3 plugins.
Preloading 0 native plugins for Editor in 0.00 ms.
Unloading 3066 Unused Serialized files (Serialized files now loaded: 0)
Unloading 22 unused Assets / (57.6 KB). Loaded Objects now: 3554.
Memory consumption went from 205.8 MB to 205.8 MB.
Total: 3.199100 ms (FindLiveObjects: 0.314600 ms CreateObjectMapping: 0.218400 ms MarkObjects: 2.570000 ms  DeleteObjects: 0.095100 ms)

AssetImportParameters requested are different than current active one (requested -> active):
  custom:video-decoder-ogg-theora: a1e56fd34408186e4bbccfd4996cb3dc -> 
  custom:container-muxer-webm: aa71ff27fc2769a1b78a27578f13a17b -> 
  custom:container-demuxer-webm: 4f35f7cbe854078d1ac9338744f61a02 -> 
  custom:video-encoder-webm-vp8: eb34c28f22e8b96e1ab97ce403110664 -> 
  custom:video-codec-MediaFoundation-h265: 746d11721c4dcdbdad8f713fa42b33f4 -> 
  custom:audio-encoder-webm-vorbis: bf7c407c2cedff20999df2af8eb42d56 -> 
  custom:framework-win-MediaFoundation: 216162199b28c13a410421893ffa2e32 -> 
  custom:container-demuxer-ogg: 62fdf1f143b41e24485cea50d1cbac27 -> 
  custom:video-decoder-webm-vp8: 9c59270c3fd7afecdb556c50c9e8de78 -> 
  custom:audio-decoder-ogg-vorbis: bf7c407c2cedff20999df2af8eb42d56 -> 
========================================================================
Received Import Request.
  Time since last request: 5054.130382 seconds.
  path: Assets/PolygonWesternFrontier/Prefabs/Characters/Character_Bandit_Male_01.prefab
  artifactKey: Guid(c8a0daec65a541a4392d5ab9e2e8e9b4) Importer(815301076,1909f56bfc062723c751e8b465ee728b)
Start importing Assets/PolygonWesternFrontier/Prefabs/Characters/Character_Bandit_Male_01.prefab using Guid(c8a0daec65a541a4392d5ab9e2e8e9b4) Importer(815301076,1909f56bfc062723c751e8b465ee728b)  -> (artifact id: '23188c57aee693af1bb12289695c616c') in 0.254154 seconds 
========================================================================
Received Import Request.
  Time since last request: 0.000076 seconds.
  path: Assets/PolygonPirates/Prefabs/Characters/FixedScaleCharacter/Character_English_Captain_01_FixedScale.prefab
  artifactKey: Guid(0d5d4e21951c8204c9e920360baba427) Importer(815301076,1909f56bfc062723c751e8b465ee728b)
Start importing Assets/PolygonPirates/Prefabs/Characters/FixedScaleCharacter/Character_English_Captain_01_FixedScale.prefab using Guid(0d5d4e21951c8204c9e920360baba427) Importer(815301076,1909f56bfc062723c751e8b465ee728b)  -> (artifact id: 'd104dc945462cba0a68969193a04e770') in 0.067506 seconds 
========================================================================
Received Import Request.
  Time since last request: 1.058382 seconds.
  path: Assets/PolygonPirates/Prefabs/Characters/FixedScaleCharacter/Character_Female_Pirate_01_FixedScale.prefab
  artifactKey: Guid(e51c235319ecf524fbabb913e2192e25) Importer(815301076,1909f56bfc062723c751e8b465ee728b)
Start importing Assets/PolygonPirates/Prefabs/Characters/FixedScaleCharacter/Character_Female_Pirate_01_FixedScale.prefab using Guid(e51c235319ecf524fbabb913e2192e25) Importer(815301076,1909f56bfc062723c751e8b465ee728b)  -> (artifact id: '1854501740842950e42ed1a3a978f426') in 0.040850 seconds 
========================================================================
Received Import Request.
  Time since last request: 0.323062 seconds.
  path: Assets/PolygonPirates/Prefabs/Characters/FixedScaleCharacter/Character_Female_Wench_01_FixedScale.prefab
  artifactKey: Guid(06b11cf3d149d6b4fbad781ec985747e) Importer(815301076,1909f56bfc062723c751e8b465ee728b)
Start importing Assets/PolygonPirates/Prefabs/Characters/FixedScaleCharacter/Character_Female_Wench_01_FixedScale.prefab using Guid(06b11cf3d149d6b4fbad781ec985747e) Importer(815301076,1909f56bfc062723c751e8b465ee728b)  -> (artifact id: '54a2f73f429e42922ceb5b40aa0837db') in 0.039757 seconds 
========================================================================
Received Import Request.
  Time since last request: 0.019565 seconds.
  path: Assets/PolygonPirates/Prefabs/Characters/FixedScaleCharacter/Character_Gentleman_01_FixedScale.prefab
  artifactKey: Guid(44b145332bb92a94c9bf4f109fe62be9) Importer(815301076,1909f56bfc062723c751e8b465ee728b)
Start importing Assets/PolygonPirates/Prefabs/Characters/FixedScaleCharacter/Character_Gentleman_01_FixedScale.prefab using Guid(44b145332bb92a94c9bf4f109fe62be9) Importer(815301076,1909f56bfc062723c751e8b465ee728b)  -> (artifact id: '8dff2c001947f57a2ca158901bc88543') in 0.046627 seconds 
========================================================================
Received Import Request.
  Time since last request: 0.000035 seconds.
  path: Assets/PolygonWesternFrontier/Prefabs/Characters/Character_GoldMiner_Male_02.prefab
  artifactKey: Guid(581e9cf508f7e474cae28210cd8575d3) Importer(815301076,1909f56bfc062723c751e8b465ee728b)
Start importing Assets/PolygonWesternFrontier/Prefabs/Characters/Character_GoldMiner_Male_02.prefab using Guid(581e9cf508f7e474cae28210cd8575d3) Importer(815301076,1909f56bfc062723c751e8b465ee728b)  -> (artifact id: '76835dbb7d2221f8702b43b97a5567ef') in 0.037852 seconds 
========================================================================
Received Import Request.
  Time since last request: 0.269864 seconds.
  path: Assets/PolygonPirates/Prefabs/Characters/FixedScaleCharacter/Character_Governors_Daughter_01_FixedScale.prefab
  artifactKey: Guid(8e2e460d565147a4ebdc3c70954aaba6) Importer(815301076,1909f56bfc062723c751e8b465ee728b)
Start importing Assets/PolygonPirates/Prefabs/Characters/FixedScaleCharacter/Character_Governors_Daughter_01_FixedScale.prefab using Guid(8e2e460d565147a4ebdc3c70954aaba6) Importer(815301076,1909f56bfc062723c751e8b465ee728b)  -> (artifact id: '1da846c928bb2b934bdf521ff31a8e44') in 0.037173 seconds 
========================================================================
Received Import Request.
  Time since last request: 0.000057 seconds.
  path: Assets/PolygonWesternFrontier/Prefabs/Characters/Character_Mexican_Female_01.prefab
  artifactKey: Guid(10f84544be16ae74c9e9cf426210d320) Importer(815301076,1909f56bfc062723c751e8b465ee728b)
Start importing Assets/PolygonWesternFrontier/Prefabs/Characters/Character_Mexican_Female_01.prefab using Guid(10f84544be16ae74c9e9cf426210d320) Importer(815301076,1909f56bfc062723c751e8b465ee728b)  -> (artifact id: 'e6d7cf084c9c27befa96ea8d30942e58') in 0.043116 seconds 
========================================================================
Received Import Request.
  Time since last request: 0.015952 seconds.
  path: Assets/PolygonWesternFrontier/Prefabs/Characters/Character_Mexican_Male_02.prefab
  artifactKey: Guid(00ab987898452b64582d6bf1a5caafd4) Importer(815301076,1909f56bfc062723c751e8b465ee728b)
Start importing Assets/PolygonWesternFrontier/Prefabs/Characters/Character_Mexican_Male_02.prefab using Guid(00ab987898452b64582d6bf1a5caafd4) Importer(815301076,1909f56bfc062723c751e8b465ee728b)  -> (artifact id: '4c1cf94d88c16ba365c56656f24ef8ed') in 0.043161 seconds 
========================================================================
Received Import Request.
  Time since last request: 0.212411 seconds.
  path: Assets/PolygonWesternFrontier/Prefabs/Characters/Character_NativeAmericanChief_Male_01.prefab
  artifactKey: Guid(500945055df0fd644b76902b1e2e4ab0) Importer(815301076,1909f56bfc062723c751e8b465ee728b)
Start importing Assets/PolygonWesternFrontier/Prefabs/Characters/Character_NativeAmericanChief_Male_01.prefab using Guid(500945055df0fd644b76902b1e2e4ab0) Importer(815301076,1909f56bfc062723c751e8b465ee728b)  -> (artifact id: '86b84ab2eea3ad4690d992f2610a1687') in 0.044690 seconds 
========================================================================
Received Import Request.
  Time since last request: 0.000042 seconds.
  path: Assets/PolygonWesternFrontier/Prefabs/Characters/Character_NativeAmericanWarrior_Male_01.prefab
  artifactKey: Guid(82c04d2fd21b5dc42a7294a75eaa4436) Importer(815301076,1909f56bfc062723c751e8b465ee728b)
Start importing Assets/PolygonWesternFrontier/Prefabs/Characters/Character_NativeAmericanWarrior_Male_01.prefab using Guid(82c04d2fd21b5dc42a7294a75eaa4436) Importer(815301076,1909f56bfc062723c751e8b465ee728b)  -> (artifact id: 'a8ddd6869fb9f36f1f092e796918d3eb') in 0.055966 seconds 
========================================================================
Received Import Request.
  Time since last request: 0.000031 seconds.
  path: Assets/PolygonWesternFrontier/Prefabs/Characters/Character_NativeAmericanWarrior_Male_03.prefab
  artifactKey: Guid(57b390d00e64a8f41b38fdd42fd2b6d1) Importer(815301076,1909f56bfc062723c751e8b465ee728b)
Start importing Assets/PolygonWesternFrontier/Prefabs/Characters/Character_NativeAmericanWarrior_Male_03.prefab using Guid(57b390d00e64a8f41b38fdd42fd2b6d1) Importer(815301076,1909f56bfc062723c751e8b465ee728b)  -> (artifact id: '4f12ffc1ac35652310813e5f5fd0af05') in 0.046148 seconds 
========================================================================
Received Import Request.
  Time since last request: 0.222956 seconds.
  path: Assets/PolygonPirates/Prefabs/Characters/FixedScaleCharacter/Character_Pirate_blackbeard_01_FixedScale.prefab
  artifactKey: Guid(bfd6245ace6a1694d94da31f8f037213) Importer(815301076,1909f56bfc062723c751e8b465ee728b)
Start importing Assets/PolygonPirates/Prefabs/Characters/FixedScaleCharacter/Character_Pirate_blackbeard_01_FixedScale.prefab using Guid(bfd6245ace6a1694d94da31f8f037213) Importer(815301076,1909f56bfc062723c751e8b465ee728b)  -> (artifact id: 'bf087da867eca444b413acae612ac678') in 0.037490 seconds 
========================================================================
Received Import Request.
  Time since last request: 0.016070 seconds.
  path: Assets/PolygonPirates/Prefabs/Characters/FixedScaleCharacter/Character_Pirate_Captain_01_FixedScale.prefab
  artifactKey: Guid(0b39446ac89e5ad43812c2cabb1905f1) Importer(815301076,1909f56bfc062723c751e8b465ee728b)
Start importing Assets/PolygonPirates/Prefabs/Characters/FixedScaleCharacter/Character_Pirate_Captain_01_FixedScale.prefab using Guid(0b39446ac89e5ad43812c2cabb1905f1) Importer(815301076,1909f56bfc062723c751e8b465ee728b)  -> (artifact id: '9bf92e6a94087f48520d85d9a3660ab9') in 0.039671 seconds 
========================================================================
Received Import Request.
  Time since last request: 0.000131 seconds.
  path: Assets/PolygonPirates/Prefabs/Characters/FixedScaleCharacter/Character_Pirate_First_Mate_01_FixedScale.prefab
  artifactKey: Guid(df040957e58c052478a7b75a7edc3a4d) Importer(815301076,1909f56bfc062723c751e8b465ee728b)
Start importing Assets/PolygonPirates/Prefabs/Characters/FixedScaleCharacter/Character_Pirate_First_Mate_01_FixedScale.prefab using Guid(df040957e58c052478a7b75a7edc3a4d) Importer(815301076,1909f56bfc062723c751e8b465ee728b)  -> (artifact id: '7bea475e85489439ff09db87bef64b65') in 0.041265 seconds 
========================================================================
Received Import Request.
  Time since last request: 5.495207 seconds.
  path: Assets/PolygonWesternFrontier/Prefabs/Characters/Character_Priest_Male_01.prefab
  artifactKey: Guid(5b0f99eedb8337d45bf411c119c9bc3d) Importer(815301076,1909f56bfc062723c751e8b465ee728b)
Start importing Assets/PolygonWesternFrontier/Prefabs/Characters/Character_Priest_Male_01.prefab using Guid(5b0f99eedb8337d45bf411c119c9bc3d) Importer(815301076,1909f56bfc062723c751e8b465ee728b)  -> (artifact id: '054cbf0d5dcb8160fcaee2c6477ab4aa') in 0.043393 seconds 
========================================================================
Received Import Request.
  Time since last request: 0.000071 seconds.
  path: Assets/PolygonWesternFrontier/Prefabs/Characters/Character_Soldier_Male_01.prefab
  artifactKey: Guid(315d4ef298f6acc4b88941bfbb81bc8d) Importer(815301076,1909f56bfc062723c751e8b465ee728b)
Start importing Assets/PolygonWesternFrontier/Prefabs/Characters/Character_Soldier_Male_01.prefab using Guid(315d4ef298f6acc4b88941bfbb81bc8d) Importer(815301076,1909f56bfc062723c751e8b465ee728b)  -> (artifact id: '8b9fd47f0c40d7a977fdc8a044a609b0') in 0.048053 seconds 
========================================================================
Received Import Request.
  Time since last request: 0.000049 seconds.
  path: Assets/PolygonWesternFrontier/Models/Characters.fbx
  artifactKey: Guid(72b83be23d80d604bbe50cdfeebcf552) Importer(815301076,1909f56bfc062723c751e8b465ee728b)
Start importing Assets/PolygonWesternFrontier/Models/Characters.fbx using Guid(72b83be23d80d604bbe50cdfeebcf552) Importer(815301076,1909f56bfc062723c751e8b465ee728b)  -> (artifact id: '03c92c362d07ba09f3fd3204c49350fe') in 0.429318 seconds 
========================================================================
Received Import Request.
  Time since last request: 0.000039 seconds.
  path: Assets/PolygonPirates/Models/Fish.fbx
  artifactKey: Guid(0dae9a74e54f9304fbc832e355b23fd1) Importer(815301076,1909f56bfc062723c751e8b465ee728b)
Start importing Assets/PolygonPirates/Models/Fish.fbx using Guid(0dae9a74e54f9304fbc832e355b23fd1) Importer(815301076,1909f56bfc062723c751e8b465ee728b)  -> (artifact id: '6d5312270b25f2c13bedc56f54e595d4') in 0.040116 seconds 
========================================================================
Received Import Request.
  Time since last request: 0.000053 seconds.
  path: Assets/PolygonNatureBiomes/PNB_Tropical_Jungle/FX/FX_Prefabs/FX_Birds_Tropical_01.prefab
  artifactKey: Guid(1569107ed421b0c4d8cad63b371d411c) Importer(815301076,1909f56bfc062723c751e8b465ee728b)
Start importing Assets/PolygonNatureBiomes/PNB_Tropical_Jungle/FX/FX_Prefabs/FX_Birds_Tropical_01.prefab using Guid(1569107ed421b0c4d8cad63b371d411c) Importer(815301076,1909f56bfc062723c751e8b465ee728b)  -> (artifact id: '2ee8198e058a8391844b3083a33b02eb') in 0.109202 seconds 
========================================================================
Received Import Request.
  Time since last request: 0.000056 seconds.
  path: Assets/PolygonNatureBiomes/PNB_Tropical_Jungle/FX/FX_Prefabs/FX_Dust_Spots_01.prefab
  artifactKey: Guid(7a139402033896849b1c9ba10395db58) Importer(815301076,1909f56bfc062723c751e8b465ee728b)
Start importing Assets/PolygonNatureBiomes/PNB_Tropical_Jungle/FX/FX_Prefabs/FX_Dust_Spots_01.prefab using Guid(7a139402033896849b1c9ba10395db58) Importer(815301076,1909f56bfc062723c751e8b465ee728b)  -> (artifact id: '041fdb1057c013b7f8d2ff297cdaf26e') in 0.065155 seconds 
========================================================================
Received Import Request.
  Time since last request: 0.000031 seconds.
  path: Assets/PolygonWesternFrontier/Prefabs/FX/FX_Dust_Blowing.prefab
  artifactKey: Guid(b2eb36ae51b3b3b43bb9858ab8cc58e4) Importer(815301076,1909f56bfc062723c751e8b465ee728b)
Start importing Assets/PolygonWesternFrontier/Prefabs/FX/FX_Dust_Blowing.prefab using Guid(b2eb36ae51b3b3b43bb9858ab8cc58e4) Importer(815301076,1909f56bfc062723c751e8b465ee728b)  -> (artifact id: '951e83629c423a0e9124d2d36000744c') in 0.027292 seconds 
========================================================================
Received Import Request.
  Time since last request: 0.000060 seconds.
  path: Assets/PolygonPirates/FX/FX_Cannon_Smoke.prefab
  artifactKey: Guid(bc45bb6342bf8eb45b5de1fc0c980f0a) Importer(815301076,1909f56bfc062723c751e8b465ee728b)
Start importing Assets/PolygonPirates/FX/FX_Cannon_Smoke.prefab using Guid(bc45bb6342bf8eb45b5de1fc0c980f0a) Importer(815301076,1909f56bfc062723c751e8b465ee728b)  -> (artifact id: '3bc2659644d3b860c291deb7d716825d') in 0.068922 seconds 
========================================================================
Received Import Request.
  Time since last request: 0.000033 seconds.
  path: Assets/PolygonNatureBiomes/PNB_Tropical_Jungle/FX/FX_Prefabs/FX_Clouds_Large_01.prefab
  artifactKey: Guid(b8c10d372c761044191388aa67b8287a) Importer(815301076,1909f56bfc062723c751e8b465ee728b)
Start importing Assets/PolygonNatureBiomes/PNB_Tropical_Jungle/FX/FX_Prefabs/FX_Clouds_Large_01.prefab using Guid(b8c10d372c761044191388aa67b8287a) Importer(815301076,1909f56bfc062723c751e8b465ee728b)  -> (artifact id: 'cc1f4b21ad041df9ed5b2d405e5bcbf1') in 0.126252 seconds 
========================================================================
Received Import Request.
  Time since last request: 0.000050 seconds.
  path: Assets/PolygonPirates/Models/FixedScaleCharacters/Characters.fbx
  artifactKey: Guid(47d445364fdde5e4ea2c0a20ecaae6cb) Importer(815301076,1909f56bfc062723c751e8b465ee728b)
Start importing Assets/PolygonPirates/Models/FixedScaleCharacters/Characters.fbx using Guid(47d445364fdde5e4ea2c0a20ecaae6cb) Importer(815301076,1909f56bfc062723c751e8b465ee728b)  -> (artifact id: '244b5979ca49cdd246c094941dad439a') in 0.466299 seconds 
========================================================================
Received Import Request.
  Time since last request: 5.712602 seconds.
  path: Assets/PolygonWesternFrontier/Prefabs/Buildings/SM_Bld_Quarry_Framing_01.prefab
  artifactKey: Guid(3f1e0b71557a1e147be92fbdc18a9ce1) Importer(815301076,1909f56bfc062723c751e8b465ee728b)
Start importing Assets/PolygonWesternFrontier/Prefabs/Buildings/SM_Bld_Quarry_Framing_01.prefab using Guid(3f1e0b71557a1e147be92fbdc18a9ce1) Importer(815301076,1909f56bfc062723c751e8b465ee728b)  -> (artifact id: 'f81fa4c7c6574c4c4dcbe16f97c4e931') in 0.022274 seconds 
========================================================================
Received Import Request.
  Time since last request: 0.000041 seconds.
  path: Assets/PolygonWesternFrontier/Models/SM_Env_Mine_Framing_02.fbx
  artifactKey: Guid(ef9e858d9e127c04eb87ad8b83318d40) Importer(815301076,1909f56bfc062723c751e8b465ee728b)
Start importing Assets/PolygonWesternFrontier/Models/SM_Env_Mine_Framing_02.fbx using Guid(ef9e858d9e127c04eb87ad8b83318d40) Importer(815301076,1909f56bfc062723c751e8b465ee728b)  -> (artifact id: 'e8edd8e925d76fff6e9f239baeb26d37') in 0.031257 seconds 
========================================================================
Received Import Request.
  Time since last request: 0.000040 seconds.
  path: Assets/PolygonWesternFrontier/Prefabs/Environments/SM_Env_Mine_Track_Frame_04.prefab
  artifactKey: Guid(bb085579d187b3d4897e0b24b99590bf) Importer(815301076,1909f56bfc062723c751e8b465ee728b)
Start importing Assets/PolygonWesternFrontier/Prefabs/Environments/SM_Env_Mine_Track_Frame_04.prefab using Guid(bb085579d187b3d4897e0b24b99590bf) Importer(815301076,1909f56bfc062723c751e8b465ee728b)  -> (artifact id: '79b86e1fd5357d16a9a06eb9382a07a7') in 0.035333 seconds 
========================================================================
Received Import Request.
  Time since last request: 0.000046 seconds.
  path: Assets/PolygonWesternFrontier/Prefabs/Environments/SM_Env_Mine_Track_Base_Frame_01.prefab
  artifactKey: Guid(805de981dd5ef9d47b41ed1ff4eaac57) Importer(815301076,1909f56bfc062723c751e8b465ee728b)
Start importing Assets/PolygonWesternFrontier/Prefabs/Environments/SM_Env_Mine_Track_Base_Frame_01.prefab using Guid(805de981dd5ef9d47b41ed1ff4eaac57) Importer(815301076,1909f56bfc062723c751e8b465ee728b)  -> (artifact id: 'e1ea2ec271c725696701be5b06cd8a83') in 0.027167 seconds 
========================================================================
Received Import Request.
  Time since last request: 0.000026 seconds.
  path: Assets/PolygonWesternFrontier/Models/SM_Bld_Quarry_Framing_03.fbx
  artifactKey: Guid(1aacbb984761f114a9a18529ddfec526) Importer(815301076,1909f56bfc062723c751e8b465ee728b)
Start importing Assets/PolygonWesternFrontier/Models/SM_Bld_Quarry_Framing_03.fbx using Guid(1aacbb984761f114a9a18529ddfec526) Importer(815301076,1909f56bfc062723c751e8b465ee728b)  -> (artifact id: 'b6759ff5aa90059d826dab5e2e1091fa') in 0.034488 seconds 
========================================================================
Received Import Request.
  Time since last request: 0.000047 seconds.
  path: Assets/PolygonWesternFrontier/Prefabs/Environments/SM_Env_Mine_Track_Frame_02.prefab
  artifactKey: Guid(ae5bc71c10f9926469fd06072b848849) Importer(815301076,1909f56bfc062723c751e8b465ee728b)
Start importing Assets/PolygonWesternFrontier/Prefabs/Environments/SM_Env_Mine_Track_Frame_02.prefab using Guid(ae5bc71c10f9926469fd06072b848849) Importer(815301076,1909f56bfc062723c751e8b465ee728b)  -> (artifact id: '5366139dcd9c6bd2c3299d5849a6ebe0') in 0.034633 seconds 
========================================================================
Received Import Request.
  Time since last request: 0.000049 seconds.
  path: Assets/PolygonWesternFrontier/Models/SM_Env_Mine_Track_Frame_03.fbx
  artifactKey: Guid(587e3b413495d7e42a6fc1570c487ad1) Importer(815301076,1909f56bfc062723c751e8b465ee728b)
Start importing Assets/PolygonWesternFrontier/Models/SM_Env_Mine_Track_Frame_03.fbx using Guid(587e3b413495d7e42a6fc1570c487ad1) Importer(815301076,1909f56bfc062723c751e8b465ee728b)  -> (artifact id: 'f5f9fabd97fb2054a3d026cfce8451d9') in 0.025903 seconds 
========================================================================
Received Import Request.
  Time since last request: 2.482909 seconds.
  path: Assets/PolygonNatureBiomes/PNB_Tropical_Jungle/FX/FX_Prefabs/FX_Leaves_Blowing_Tropical_01.prefab
  artifactKey: Guid(a98a8ce9d0d434843b1bf23df7ffe6ba) Importer(815301076,1909f56bfc062723c751e8b465ee728b)
Start importing Assets/PolygonNatureBiomes/PNB_Tropical_Jungle/FX/FX_Prefabs/FX_Leaves_Blowing_Tropical_01.prefab using Guid(a98a8ce9d0d434843b1bf23df7ffe6ba) Importer(815301076,1909f56bfc062723c751e8b465ee728b)  -> (artifact id: '19c5c4790ef782914826b913e1740f00') in 3.140436 seconds 
========================================================================
Received Import Request.
  Time since last request: 1.721291 seconds.
  path: Assets/PolygonNatureBiomes/PNB_Tropical_Jungle/Models/SM_Env_Bush_Palm_01.fbx
  artifactKey: Guid(44c0719e1c662fa4a816b52948559e48) Importer(815301076,1909f56bfc062723c751e8b465ee728b)
Start importing Assets/PolygonNatureBiomes/PNB_Tropical_Jungle/Models/SM_Env_Bush_Palm_01.fbx using Guid(44c0719e1c662fa4a816b52948559e48) Importer(815301076,1909f56bfc062723c751e8b465ee728b)  -> (artifact id: 'ee3c1b9d58cb319b1543048b9f573b42') in 0.079763 seconds 
========================================================================
Received Import Request.
  Time since last request: 0.000060 seconds.
  path: Assets/PolygonPirates/Models/SM_Env_PalmBush_03.fbx
  artifactKey: Guid(b803ce070d212e94d8efb4485ced34ae) Importer(815301076,1909f56bfc062723c751e8b465ee728b)
Start importing Assets/PolygonPirates/Models/SM_Env_PalmBush_03.fbx using Guid(b803ce070d212e94d8efb4485ced34ae) Importer(815301076,1909f56bfc062723c751e8b465ee728b)  -> (artifact id: '57b6656194daa400f98dbfe743c081b9') in 0.034446 seconds 
========================================================================
Received Import Request.
  Time since last request: 0.000031 seconds.
  path: Assets/PolygonPirates/Models/SM_Env_GrassPatch_01.fbx
  artifactKey: Guid(a9397fa50f8e1874caaf013ce065e167) Importer(815301076,1909f56bfc062723c751e8b465ee728b)
Start importing Assets/PolygonPirates/Models/SM_Env_GrassPatch_01.fbx using Guid(a9397fa50f8e1874caaf013ce065e167) Importer(815301076,1909f56bfc062723c751e8b465ee728b)  -> (artifact id: '089ad617dd7f99b6b5e20fd4056f408b') in 0.029209 seconds 
========================================================================
Received Import Request.
  Time since last request: 0.000031 seconds.
  path: Assets/PolygonPirates/Models/SM_Env_GrassPatch_02.fbx
  artifactKey: Guid(5fbb4cd2d95e90942bcff5016c5a78da) Importer(815301076,1909f56bfc062723c751e8b465ee728b)
Start importing Assets/PolygonPirates/Models/SM_Env_GrassPatch_02.fbx using Guid(5fbb4cd2d95e90942bcff5016c5a78da) Importer(815301076,1909f56bfc062723c751e8b465ee728b)  -> (artifact id: 'dd834876a224b10af03512c025b20822') in 0.036532 seconds 
========================================================================
Received Import Request.
  Time since last request: 0.000103 seconds.
  path: Assets/PolygonNatureBiomes/PNB_Tropical_Jungle/Prefabs/SM_Env_Fern_Part_01.prefab
  artifactKey: Guid(0cff0eb218240964ea948bf64e28b7fb) Importer(815301076,1909f56bfc062723c751e8b465ee728b)
Start importing Assets/PolygonNatureBiomes/PNB_Tropical_Jungle/Prefabs/SM_Env_Fern_Part_01.prefab using Guid(0cff0eb218240964ea948bf64e28b7fb) Importer(815301076,1909f56bfc062723c751e8b465ee728b)  -> (artifact id: 'fa8957f745c8c61116087035d8d1baf7') in 0.095950 seconds 
========================================================================
Received Import Request.
  Time since last request: 0.000035 seconds.
  path: Assets/PolygonPirates/Models/CollisionCustom/SM_Env_PalmTree_02_Collision.fbx
  artifactKey: Guid(4217b969bd280db428ae234e8e411700) Importer(815301076,1909f56bfc062723c751e8b465ee728b)
Start importing Assets/PolygonPirates/Models/CollisionCustom/SM_Env_PalmTree_02_Collision.fbx using Guid(4217b969bd280db428ae234e8e411700) Importer(815301076,1909f56bfc062723c751e8b465ee728b)  -> (artifact id: '4aaeccb9ba9cdf67f990ee5e43aa0284') in 0.039693 seconds 
========================================================================
Received Import Request.
  Time since last request: 0.000037 seconds.
  path: Assets/PolygonNatureBiomes/PNB_Tropical_Jungle/Models/SM_Env_Fern_Part_03.fbx
  artifactKey: Guid(58cf5e526f2df964e943b73d382e3b52) Importer(815301076,1909f56bfc062723c751e8b465ee728b)
Start importing Assets/PolygonNatureBiomes/PNB_Tropical_Jungle/Models/SM_Env_Fern_Part_03.fbx using Guid(58cf5e526f2df964e943b73d382e3b52) Importer(815301076,1909f56bfc062723c751e8b465ee728b)  -> (artifact id: 'c7be28c539e78e6c1ebad63002083091') in 0.051112 seconds 
========================================================================
Received Import Request.
  Time since last request: 0.000051 seconds.
  path: Assets/PolygonNatureBiomes/PNB_Tropical_Jungle/Models/Collision/SM_Env_Bush_Palm_03_Collision.fbx
  artifactKey: Guid(dd61b41291ef90a448abd3bc6d307403) Importer(815301076,1909f56bfc062723c751e8b465ee728b)
Start importing Assets/PolygonNatureBiomes/PNB_Tropical_Jungle/Models/Collision/SM_Env_Bush_Palm_03_Collision.fbx using Guid(dd61b41291ef90a448abd3bc6d307403) Importer(815301076,1909f56bfc062723c751e8b465ee728b)  -> (artifact id: '386e64454331b737d49c333763acb03c') in 0.064679 seconds 
========================================================================
Received Import Request.
  Time since last request: 0.000087 seconds.
  path: Assets/PolygonNatureBiomes/PNB_Tropical_Jungle/Prefabs/SM_Env_Bush_Palm_04.prefab
  artifactKey: Guid(f49da30f3a88d7d45b637f7c8dc7f4cc) Importer(815301076,1909f56bfc062723c751e8b465ee728b)
Start importing Assets/PolygonNatureBiomes/PNB_Tropical_Jungle/Prefabs/SM_Env_Bush_Palm_04.prefab using Guid(f49da30f3a88d7d45b637f7c8dc7f4cc) Importer(815301076,1909f56bfc062723c751e8b465ee728b)  -> (artifact id: '73944ffa59125a421cb122c97e8a4d02') in 0.070863 seconds 
========================================================================
Received Import Request.
  Time since last request: 0.000052 seconds.
  path: Assets/PolygonNatureBiomes/PNB_Tropical_Jungle/Models/SM_Env_Tree_Palm_03.fbx
  artifactKey: Guid(8d38eb98373b3a449b2c568b5242673b) Importer(815301076,1909f56bfc062723c751e8b465ee728b)
Start importing Assets/PolygonNatureBiomes/PNB_Tropical_Jungle/Models/SM_Env_Tree_Palm_03.fbx using Guid(8d38eb98373b3a449b2c568b5242673b) Importer(815301076,1909f56bfc062723c751e8b465ee728b)  -> (artifact id: '8d2cbc1819c5244eb85261e8d7edeb2b') in 0.083084 seconds 
========================================================================
Received Import Request.
  Time since last request: 0.000054 seconds.
  path: Assets/PolygonNatureBiomes/PNB_Tropical_Jungle/Prefabs/SM_Env_Tree_Palm_01.prefab
  artifactKey: Guid(a58fca9546f1ba04e954c4619c3f22f0) Importer(815301076,1909f56bfc062723c751e8b465ee728b)
Start importing Assets/PolygonNatureBiomes/PNB_Tropical_Jungle/Prefabs/SM_Env_Tree_Palm_01.prefab using Guid(a58fca9546f1ba04e954c4619c3f22f0) Importer(815301076,1909f56bfc062723c751e8b465ee728b)  -> (artifact id: '592372100433f2b7c4267ccdea27fc9f') in 0.103589 seconds 
Editor requested this worker to shutdown with reason: Scaling down because of idle timeout
AssetImportWorker is now disconnected from the server
Process exiting
Exiting without the bug reporter. Application will terminate with return code 0